Log file open, 01/28/18 17:54:53
LogWindows: Failed to load 'aqProf.dll' (GetLastError=126)
LogWindows: File 'aqProf.dll' does not exist
LogWindows: Failed to load 'VSPerf140.dll' (GetLastError=126)
LogWindows: File 'VSPerf140.dll' does not exist
LogWindows: Failed to load 'VtuneApi.dll' (GetLastError=126)
LogWindows: File 'VtuneApi.dll' does not exist
LogWindows: Failed to load 'VtuneApi32e.dll' (GetLastError=126)
LogWindows: File 'VtuneApi32e.dll' does not exist
LogInit: Display: Running engine for game: TribalTurtlesProject
LogPlatformFile: Not using cached read wrapper
LogInit: Display: RandInit(2093163838) SRandInit(2093163838).
LogInit: Read version file with build ID '3709383'
LogInit: Overriding engine version to CL 3832480, compatible CL 3709383
LogInit: Registered custom module enumerator with build ID '3709383'
LogTaskGraph: Started task graph with 5 named threads and 14 total threads with 3 sets of task threads.
LogStats: Stats thread started at 0.181228
LogD3D11RHI: Aftermath initialized
LogModuleManager: Display: Found up-to-date module file ../../../Engine/Plugins/Marketplace/DonAINavigation/Binaries/Win64/UE4Editor-DonAINavigation.dll (API version 3709383).
LogModuleManager: Display: Found up-to-date module file ../../../Engine/Plugins/2D/Paper2D/Binaries/Win64/UE4Editor-Paper2D.dll (API version 3709383).
LogModuleManager: Display: Found up-to-date module file ../../../Engine/Plugins/2D/Paper2D/Binaries/Win64/UE4Editor-Paper2DEditor.dll (API version 3709383).
LogModuleManager: Display: Found up-to-date module file ../../../Engine/Plugins/2D/Paper2D/Binaries/Win64/UE4Editor-PaperSpriteSheetImporter.dll (API version 3709383).
LogModuleManager: Display: Found up-to-date module file ../../../Engine/Plugins/2D/Paper2D/Binaries/Win64/UE4Editor-PaperTiledImporter.dll (API version 3709383).
LogModuleManager: Display: Found up-to-date module file ../../../Engine/Plugins/2D/Paper2D/Binaries/Win64/UE4Editor-SmartSnapping.dll (API version 3709383).
LogModuleManager: Display: Found up-to-date module file ../../../Engine/Plugins/Blendables/LightPropagationVolume/Binaries/Win64/UE4Editor-LightPropagationVolumeRuntime.dll (API version 3709383).
LogModuleManager: Display: Found up-to-date module file ../../../Engine/Plugins/Blendables/LightPropagationVolume/Binaries/Win64/UE4Editor-LightPropagationVolumeEditor.dll (API version 3709383).
LogModuleManager: Display: Found up-to-date module file ../../../Engine/Plugins/Developer/GitSourceControl/Binaries/Win64/UE4Editor-GitSourceControl.dll (API version 3709383).
LogModuleManager: Display: Found up-to-date module file ../../../Engine/Plugins/Developer/PerforceSourceControl/Binaries/Win64/UE4Editor-PerforceSourceControl.dll (API version 3709383).
LogModuleManager: Display: Found up-to-date module file ../../../Engine/Plugins/Developer/SubversionSourceControl/Binaries/Win64/UE4Editor-SubversionSourceControl.dll (API version 3709383).
LogModuleManager: Display: Found up-to-date module file ../../../Engine/Plugins/Developer/UObjectPlugin/Binaries/Win64/UE4Editor-UObjectPlugin.dll (API version 3709383).
LogModuleManager: Display: Found up-to-date module file ../../../Engine/Plugins/Developer/VisualStudioCodeSourceCodeAccess/Binaries/Win64/UE4Editor-VisualStudioCodeSourceCodeAccess.dll (API version 3709383).
LogModuleManager: Display: Found up-to-date module file ../../../Engine/Plugins/Developer/VisualStudioSourceCodeAccess/Binaries/Win64/UE4Editor-VisualStudioSourceCodeAccess.dll (API version 3709383).
LogModuleManager: Display: Found up-to-date module file ../../../Engine/Plugins/Editor/AssetManagerEditor/Binaries/Win64/UE4Editor-AssetManagerEditor.dll (API version 3709383).
LogModuleManager: Display: Found up-to-date module file ../../../Engine/Plugins/Editor/AudioCapture/Binaries/Win64/UE4Editor-AudioCapture.dll (API version 3709383).
LogModuleManager: Display: Found up-to-date module file ../../../Engine/Plugins/Editor/FacialAnimation/Binaries/Win64/UE4Editor-FacialAnimation.dll (API version 3709383).
LogModuleManager: Display: Found up-to-date module file ../../../Engine/Plugins/Editor/FacialAnimation/Binaries/Win64/UE4Editor-FacialAnimationEditor.dll (API version 3709383).
LogModuleManager: Display: Found up-to-date module file ../../../Engine/Plugins/Editor/GameplayTagsEditor/Binaries/Win64/UE4Editor-GameplayTagsEditor.dll (API version 3709383).
LogModuleManager: Display: Found up-to-date module file ../../../Engine/Plugins/Editor/MobileLauncherProfileWizard/Binaries/Win64/UE4Editor-MobileLauncherProfileWizard.dll (API version 3709383).
LogModuleManager: Display: Found up-to-date module file ../../../Engine/Plugins/Editor/PluginBrowser/Binaries/Win64/UE4Editor-PluginBrowser.dll (API version 3709383).
LogModuleManager: Display: Found up-to-date module file ../../../Engine/Plugins/Editor/SpeedTreeImporter/Binaries/Win64/UE4Editor-SpeedTreeImporter.dll (API version 3709383).
LogModuleManager: Display: Found up-to-date module file ../../../Engine/Plugins/Experimental/AlembicImporter/Binaries/Win64/UE4Editor-AlembicImporter.dll (API version 3709383).
LogModuleManager: Display: Found up-to-date module file ../../../Engine/Plugins/Experimental/AlembicImporter/Binaries/Win64/UE4Editor-AlembicLibrary.dll (API version 3709383).
LogModuleManager: Display: Found up-to-date module file ../../../Engine/Plugins/Experimental/CharacterAI/Binaries/Win64/UE4Editor-CharacterAI.dll (API version 3709383).
LogModuleManager: Display: Found up-to-date module file ../../../Engine/Plugins/Experimental/HTML5Networking/Binaries/Win64/UE4Editor-HTML5Networking.dll (API version 3709383).
LogModuleManager: Display: Found up-to-date module file ../../../Engine/Plugins/Media/AndroidMedia/Binaries/Win64/UE4Editor-AndroidMediaEditor.dll (API version 3709383).
LogModuleManager: Display: Found up-to-date module file ../../../Engine/Plugins/Media/AndroidMedia/Binaries/Win64/UE4Editor-AndroidMediaFactory.dll (API version 3709383).
LogModuleManager: Display: Found up-to-date module file ../../../Engine/Plugins/Media/AvfMedia/Binaries/Win64/UE4Editor-AvfMediaEditor.dll (API version 3709383).
LogModuleManager: Display: Found up-to-date module file ../../../Engine/Plugins/Media/AvfMedia/Binaries/Win64/UE4Editor-AvfMediaFactory.dll (API version 3709383).
LogModuleManager: Display: Found up-to-date module file ../../../Engine/Plugins/Media/AvfMedia/Binaries/Win64/UE4Editor-AvfMediaFactory.dll (API version 3709383).
LogModuleManager: Display: Found up-to-date module file ../../../Engine/Plugins/Media/ImgMedia/Binaries/Win64/UE4Editor-ImgMedia.dll (API version 3709383).
LogModuleManager: Display: Found up-to-date module file ../../../Engine/Plugins/Media/ImgMedia/Binaries/Win64/UE4Editor-ImgMediaEditor.dll (API version 3709383).
LogModuleManager: Display: Found up-to-date module file ../../../Engine/Plugins/Media/ImgMedia/Binaries/Win64/UE4Editor-ImgMediaFactory.dll (API version 3709383).
LogModuleManager: Display: Found up-to-date module file ../../../Engine/Plugins/Media/ImgMedia/Binaries/Win64/UE4Editor-ImgMediaFactory.dll (API version 3709383).
LogModuleManager: Display: Found up-to-date module file ../../../Engine/Plugins/Media/ImgMedia/Binaries/Win64/UE4Editor-OpenExrWrapper.dll (API version 3709383).
LogModuleManager: Display: Found up-to-date module file ../../../Engine/Plugins/Media/MediaCompositing/Binaries/Win64/UE4Editor-MediaCompositing.dll (API version 3709383).
LogModuleManager: Display: Found up-to-date module file ../../../Engine/Plugins/Media/MediaCompositing/Binaries/Win64/UE4Editor-MediaCompositingEditor.dll (API version 3709383).
LogModuleManager: Display: Found up-to-date module file ../../../Engine/Plugins/Media/MediaPlayerEditor/Binaries/Win64/UE4Editor-MediaPlayerEditor.dll (API version 3709383).
LogModuleManager: Display: Found up-to-date module file ../../../Engine/Plugins/Media/WmfMedia/Binaries/Win64/UE4Editor-WmfMedia.dll (API version 3709383).
LogModuleManager: Display: Found up-to-date module file ../../../Engine/Plugins/Media/WmfMedia/Binaries/Win64/UE4Editor-WmfMediaEditor.dll (API version 3709383).
LogModuleManager: Display: Found up-to-date module file ../../../Engine/Plugins/Media/WmfMedia/Binaries/Win64/UE4Editor-WmfMediaFactory.dll (API version 3709383).
LogModuleManager: Display: Found up-to-date module file ../../../Engine/Plugins/Media/WmfMedia/Binaries/Win64/UE4Editor-WmfMediaFactory.dll (API version 3709383).
LogModuleManager: Display: Found up-to-date module file ../../../Engine/Plugins/Messaging/TcpMessaging/Binaries/Win64/UE4Editor-TcpMessaging.dll (API version 3709383).
LogModuleManager: Display: Found up-to-date module file ../../../Engine/Plugins/Messaging/UdpMessaging/Binaries/Win64/UE4Editor-UdpMessaging.dll (API version 3709383).
LogModuleManager: Display: Found up-to-date module file ../../../Engine/Plugins/MovieScene/ActorSequence/Binaries/Win64/UE4Editor-ActorSequence.dll (API version 3709383).
LogModuleManager: Display: Found up-to-date module file ../../../Engine/Plugins/MovieScene/LevelSequenceEditor/Binaries/Win64/UE4Editor-LevelSequenceEditor.dll (API version 3709383).
LogModuleManager: Display: Found up-to-date module file ../../../Engine/Plugins/MovieScene/MatineeToLevelSequence/Binaries/Win64/UE4Editor-MatineeToLevelSequence.dll (API version 3709383).
LogModuleManager: Display: Found up-to-date module file ../../../Engine/Plugins/Online/OnlineSubsystem/Binaries/Win64/UE4Editor-OnlineSubsystem.dll (API version 3709383).
LogModuleManager: Display: Found up-to-date module file ../../../Engine/Plugins/Runtime/AndroidPermission/Binaries/Win64/UE4Editor-AndroidPermission.dll (API version 3709383).
LogModuleManager: Display: Found up-to-date module file ../../../Engine/Plugins/Online/OnlineSubsystemNull/Binaries/Win64/UE4Editor-OnlineSubsystemNull.dll (API version 3709383).
LogModuleManager: Display: Found up-to-date module file ../../../Engine/Plugins/Online/OnlineSubsystemUtils/Binaries/Win64/UE4Editor-OnlineSubsystemUtils.dll (API version 3709383).
LogModuleManager: Display: Found up-to-date module file ../../../Engine/Plugins/Online/OnlineSubsystemUtils/Binaries/Win64/UE4Editor-OnlineBlueprintSupport.dll (API version 3709383).
LogModuleManager: Display: Found up-to-date module file ../../../Engine/Plugins/Runtime/AndroidDeviceProfileSelector/Binaries/Win64/UE4Editor-AndroidDeviceProfileSelector.dll (API version 3709383).
LogModuleManager: Display: Found up-to-date module file ../../../Engine/Plugins/Runtime/AppleARKit/Binaries/Win64/UE4Editor-AppleARKit.dll (API version 3709383).
LogModuleManager: Display: Found up-to-date module file ../../../Engine/Plugins/Runtime/ArchVisCharacter/Binaries/Win64/UE4Editor-ArchVisCharacter.dll (API version 3709383).
LogModuleManager: Display: Found up-to-date module file ../../../Engine/Plugins/Runtime/CableComponent/Binaries/Win64/UE4Editor-CableComponent.dll (API version 3709383).
LogModuleManager: Display: Found up-to-date module file ../../../Engine/Plugins/Runtime/CustomMeshComponent/Binaries/Win64/UE4Editor-CustomMeshComponent.dll (API version 3709383).
LogModuleManager: Display: Found up-to-date module file ../../../Engine/Plugins/Runtime/ExampleDeviceProfileSelector/Binaries/Win64/UE4Editor-ExampleDeviceProfileSelector.dll (API version 3709383).
LogModuleManager: Display: Found up-to-date module file ../../../Engine/Plugins/Runtime/ImmediatePhysics/Binaries/Win64/UE4Editor-ImmediatePhysics.dll (API version 3709383).
LogModuleManager: Display: Found up-to-date module file ../../../Engine/Plugins/Runtime/ImmediatePhysics/Binaries/Win64/UE4Editor-ImmediatePhysicsEditor.dll (API version 3709383).
LogModuleManager: Display: Found up-to-date module file ../../../Engine/Plugins/Runtime/LocationServicesBPLibrary/Binaries/Win64/UE4Editor-LocationServicesBPLibrary.dll (API version 3709383).
LogModuleManager: Display: Found up-to-date module file ../../../Engine/Plugins/Runtime/MobilePatchingUtils/Binaries/Win64/UE4Editor-MobilePatchingUtils.dll (API version 3709383).
LogModuleManager: Display: Found up-to-date module file ../../../Engine/Plugins/Runtime/Oculus/OculusVR/Binaries/Win64/UE4Editor-OculusHMD.dll (API version 3709383).
LogModuleManager: Display: Found up-to-date module file ../../../Engine/Plugins/Runtime/Oculus/OculusVR/Binaries/Win64/UE4Editor-OculusInput.dll (API version 3709383).
LogModuleManager: Display: Found up-to-date module file ../../../Engine/Plugins/Runtime/Oculus/OculusVR/Binaries/Win64/UE4Editor-OculusEditor.dll (API version 3709383).
LogModuleManager: Display: Found up-to-date module file ../../../Engine/Plugins/Runtime/PhysXVehicles/Binaries/Win64/UE4Editor-PhysXVehicles.dll (API version 3709383).
LogModuleManager: Display: Found up-to-date module file ../../../Engine/Plugins/Runtime/PhysXVehicles/Binaries/Win64/UE4Editor-PhysXVehiclesEditor.dll (API version 3709383).
LogModuleManager: Display: Found up-to-date module file ../../../Engine/Plugins/Runtime/ProceduralMeshComponent/Binaries/Win64/UE4Editor-ProceduralMeshComponent.dll (API version 3709383).
LogModuleManager: Display: Found up-to-date module file ../../../Engine/Plugins/Runtime/ProceduralMeshComponent/Binaries/Win64/UE4Editor-ProceduralMeshComponentEditor.dll (API version 3709383).
LogModuleManager: Display: Found up-to-date module file ../../../Engine/Plugins/Runtime/RuntimePhysXCooking/Binaries/Win64/UE4Editor-RuntimePhysXCooking.dll (API version 3709383).
LogModuleManager: Display: Found up-to-date module file ../../../Engine/Plugins/Runtime/Steam/SteamVR/Binaries/Win64/UE4Editor-SteamVR.dll (API version 3709383).
LogModuleManager: Display: Found up-to-date module file ../../../Engine/Plugins/Runtime/Steam/SteamVR/Binaries/Win64/UE4Editor-SteamVRController.dll (API version 3709383).
LogModuleManager: Display: Found up-to-date module file ../../../Engine/Plugins/Runtime/WindowsMoviePlayer/Binaries/Win64/UE4Editor-WindowsMoviePlayer.dll (API version 3709383).
LogPluginManager: Mounting plugin Paper2D
LogPluginManager: Mounting plugin LightPropagationVolume
LogPluginManager: Mounting plugin CodeLiteSourceCodeAccess
LogPluginManager: Mounting plugin GitSourceControl
LogPluginManager: Mounting plugin KDevelopSourceCodeAccess
LogPluginManager: Mounting plugin NullSourceCodeAccess
LogPluginManager: Mounting plugin PerforceSourceControl
LogPluginManager: Mounting plugin SubversionSourceControl
LogPluginManager: Mounting plugin UObjectPlugin
LogPluginManager: Mounting plugin VisualStudioCodeSourceCodeAccess
LogPluginManager: Mounting plugin VisualStudioSourceCodeAccess
LogPluginManager: Mounting plugin XCodeSourceCodeAccess
LogPluginManager: Mounting plugin AssetManagerEditor
LogPluginManager: Mounting plugin AudioCapture
LogPluginManager: Mounting plugin FacialAnimation
LogPluginManager: Mounting plugin GameplayTagsEditor
LogPluginManager: Mounting plugin MobileLauncherProfileWizard
LogPluginManager: Mounting plugin PluginBrowser
LogPluginManager: Mounting plugin SpeedTreeImporter
LogPluginManager: Mounting plugin AlembicImporter
LogPluginManager: Mounting plugin CharacterAI
LogPluginManager: Mounting plugin HTML5Networking
LogPluginManager: Mounting plugin DonAINavigation
LogPluginManager: Mounting plugin AndroidMedia
LogPluginManager: Mounting plugin AvfMedia
LogPluginManager: Mounting plugin ImgMedia
LogPluginManager: Mounting plugin MediaCompositing
LogPluginManager: Mounting plugin MediaPlayerEditor
LogPluginManager: Mounting plugin WmfMedia
LogPluginManager: Mounting plugin TcpMessaging
LogPluginManager: Mounting plugin UdpMessaging
LogPluginManager: Mounting plugin ActorSequence
LogPluginManager: Mounting plugin LevelSequenceEditor
LogPluginManager: Mounting plugin MatineeToLevelSequence
LogPluginManager: Mounting plugin OnlineSubsystemGooglePlay
LogPluginManager: Mounting plugin OnlineSubsystemIOS
LogPluginManager: Mounting plugin OnlineSubsystem
LogPluginManager: Mounting plugin OnlineSubsystemNull
LogPluginManager: Mounting plugin OnlineSubsystemUtils
LogPluginManager: Mounting plugin AndroidDeviceProfileSelector
LogPluginManager: Mounting plugin AndroidMoviePlayer
LogPluginManager: Mounting plugin AndroidPermission
LogPluginManager: Mounting plugin AppleARKit
LogPluginManager: Mounting plugin AppleMoviePlayer
LogPluginManager: Mounting plugin ArchVisCharacter
LogPluginManager: Mounting plugin CableComponent
LogPluginManager: Mounting plugin CustomMeshComponent
LogPluginManager: Mounting plugin ExampleDeviceProfileSelector
LogPluginManager: Mounting plugin GoogleCloudMessaging
LogPluginManager: Mounting plugin ImmediatePhysics
LogPluginManager: Mounting plugin IOSDeviceProfileSelector
LogPluginManager: Mounting plugin LinuxDeviceProfileSelector
LogPluginManager: Mounting plugin LocationServicesBPLibrary
LogPluginManager: Mounting plugin MobilePatchingUtils
LogPluginManager: Mounting plugin OculusVR
LogPluginManager: Plugin shader directory ../../../Engine/Plugins/Runtime/Oculus/OculusVR/Shaders found
LogPluginManager: Mapping shader source directory ../../../Engine/Plugins/Runtime/Oculus/OculusVR/Shaders to virtual directory /Plugin/OculusVR
LogPluginManager: Mounting plugin PhysXVehicles
LogPluginManager: Mounting plugin ProceduralMeshComponent
LogPluginManager: Mounting plugin RuntimePhysXCooking
LogPluginManager: Mounting plugin SteamVR
LogPluginManager: Mounting plugin WindowsMoviePlayer
LogInit: Using libcurl 7.47.1
LogInit:  - built for x86_64-pc-win32
LogInit:  - supports SSL with OpenSSL/1.0.2g
LogInit:  - supports HTTP deflate (compression) using libz 1.2.8
LogInit:  - other features:
LogInit:      CURL_VERSION_SSL
LogInit:      CURL_VERSION_LIBZ
LogInit:      CURL_VERSION_IPV6
LogInit:      CURL_VERSION_ASYNCHDNS
LogInit:      CURL_VERSION_LARGEFILE
LogInit:      CURL_VERSION_IDN
LogInit:  CurlRequestOptions (configurable via config and command line):
LogInit:  - bVerifyPeer = false  - Libcurl will NOT verify peer certificate
LogInit:  - bUseHttpProxy = false  - Libcurl will NOT use HTTP proxy
LogInit:  - bDontReuseConnections = false  - Libcurl will reuse connections
LogInit:  - CertBundlePath = nullptr  - Libcurl will use whatever was configured at build time.
LogInit: Build: ++UE4+Release-4.18-CL-3832480
LogInit: Engine Version: 4.18.3-3832480+++UE4+Release-4.18
LogInit: Compatible Engine Version: 4.18.0-3709383+++UE4+Release-4.18
LogInit: Net CL: 3709383
LogDevObjectVersion: Number of dev versions registered: 16
LogDevObjectVersion:   Dev-Blueprints (B0D832E4-1F89-4F0D-ACCF-7EB736FD4AA2): 10
LogDevObjectVersion:   Dev-Build (E1C64328-A22C-4D53-A36C-8E866417BD8C): 0
LogDevObjectVersion:   Dev-Core (375EC13C-06E4-48FB-B500-84F0262A717E): 2
LogDevObjectVersion:   Dev-Editor (E4B068ED-F494-42E9-A231-DA0B2E46BB41): 20
LogDevObjectVersion:   Dev-Framework (CFFC743F-43B0-4480-9391-14DF171D2073): 30
LogDevObjectVersion:   Dev-Mobile (B02B49B5-BB20-44E9-A304-32B752E40360): 0
LogDevObjectVersion:   Dev-Networking (A4E4105C-59A1-49B5-A7C5-40C4547EDFEE): 0
LogDevObjectVersion:   Dev-Online (39C831C9-5AE6-47DC-9A44-9C173E1C8E7C): 0
LogDevObjectVersion:   Dev-Physics (78F01B33-EBEA-4F98-B9B4-84EACCB95AA2): 0
LogDevObjectVersion:   Dev-Platform (6631380F-2D4D-43E0-8009-CF276956A95A): 0
LogDevObjectVersion:   Dev-Rendering (12F88B9F-8875-4AFC-A67C-D90C383ABD29): 20
LogDevObjectVersion:   Dev-Sequencer (7B5AE74C-D270-4C10-A958-57980B212A5A): 4
LogDevObjectVersion:   Dev-VR (D7296918-1DD6-4BDD-9DE2-64A83CC13884): 0
LogDevObjectVersion:   Dev-LoadTimes (C2A15278-BFE7-4AFE-6C17-90FF531DF755): 1
LogDevObjectVersion:   Private-Geometry (6EACA3D4-40EC-4CC1-B786-8BED09428FC5): 1
LogDevObjectVersion:   Dev-AnimPhys (29E575DD-E0A3-4627-9D10-D276232CDCEA): 12
LogInit: Compiled (64-bit): Jan 12 2018 02:04:55
LogInit: Compiled with Visual C++: 19.00.24215.01
LogInit: Build Configuration: Development
LogInit: Branch Name: ++UE4+Release-4.18
LogInit: Command line:  
LogInit: Base directory: D:/Unreal Engine 4/UE_4.18/Engine/Binaries/Win64/
LogInit: Installed Engine Build: 1
LogInit: Presizing for max 8388607 objects, including 0 objects not considered by GC, pre-allocating 0 bytes for permanent pool.
LogInit: Object subsystem initialized
[2018.01.28-16.54.54:627][  0]LogInit: Selected Device Profile: [Windows]
[2018.01.28-16.54.54:627][  0]LogInit: Applying CVar settings loaded from the selected device profile: [Windows]
[2018.01.28-16.54.54:637][  0]LogInit: Computer: DESKTOP-LUC
[2018.01.28-16.54.54:637][  0]LogInit: User: Luc
[2018.01.28-16.54.54:637][  0]LogInit: CPU Page size=4096, Cores=4
[2018.01.28-16.54.54:637][  0]LogInit: High frequency timer resolution =3.421874 MHz
[2018.01.28-16.54.54:637][  0]LogMemory: Memory total: Physical=16.0GB (16GB approx)
[2018.01.28-16.54.54:637][  0]LogMemory: Platform Memory Stats for Windows
[2018.01.28-16.54.54:637][  0]LogMemory: Process Physical Memory: 272.19 MB used, 272.19 MB peak
[2018.01.28-16.54.54:637][  0]LogMemory: Process Virtual Memory: 269.64 MB used, 269.64 MB peak
[2018.01.28-16.54.54:637][  0]LogMemory: Physical Memory: 6855.16 MB used,  9487.14 MB free, 16342.29 MB total
[2018.01.28-16.54.54:637][  0]LogMemory: Virtual Memory: 662.33 MB used,  9487.14 MB free, 134217728.00 MB total
[2018.01.28-16.54.55:019][  0]LogInit: Using OS detected language (en-US).
[2018.01.28-16.54.55:019][  0]LogInit: Using OS detected locale (nl-NL).
[2018.01.28-16.54.55:022][  0]LogTextLocalizationManager: No specific localization for 'en-US' exists, so the 'en' localization will be used.
[2018.01.28-16.54.55:022][  0]LogTextLocalizationManager: No localization for 'nl-NL' exists, so 'en-US' will be used for the locale.
[2018.01.28-16.54.55:469][  0]LogInit: Setting process to per monitor DPI aware
[2018.01.28-16.54.55:723][  0]LogD3D11RHI: D3D11 adapters:
[2018.01.28-16.54.55:762][  0]LogD3D11RHI:    0. 'NVIDIA GeForce GTX 1060 6GB' (Feature Level 11_0)
[2018.01.28-16.54.55:762][  0]LogD3D11RHI:       6052/0/8171 MB DedicatedVideo/DedicatedSystem/SharedSystem, Outputs:1, VendorId:0x10de
[2018.01.28-16.54.55:765][  0]LogD3D11RHI:    1. 'Microsoft Basic Render Driver' (Feature Level 11_0)
[2018.01.28-16.54.55:765][  0]LogD3D11RHI:       0/0/8171 MB DedicatedVideo/DedicatedSystem/SharedSystem, Outputs:0, VendorId:0x1414
[2018.01.28-16.54.55:765][  0]LogD3D11RHI: Chosen D3D11 Adapter: 0
[2018.01.28-16.54.55:773][  0]LogD3D11RHI: Creating new Direct3DDevice
[2018.01.28-16.54.55:773][  0]LogD3D11RHI:     GPU DeviceId: 0x1c03 (for the marketing name, search the web for "GPU Device Id")
[2018.01.28-16.54.55:773][  0]LogWindows: EnumDisplayDevices:
[2018.01.28-16.54.55:773][  0]LogWindows:    0. 'NVIDIA GeForce GTX 1060 6GB' (P:1 D:1)
[2018.01.28-16.54.55:774][  0]LogWindows:    1. 'NVIDIA GeForce GTX 1060 6GB' (P:0 D:0)
[2018.01.28-16.54.55:774][  0]LogWindows:    2. 'NVIDIA GeForce GTX 1060 6GB' (P:0 D:0)
[2018.01.28-16.54.55:774][  0]LogWindows:    3. 'NVIDIA GeForce GTX 1060 6GB' (P:0 D:0)
[2018.01.28-16.54.55:774][  0]LogWindows: DebugString: GetVideoDriverDetailsInvalid PrimaryIsNotTheChoosenAdapter GetVideoDriverDetailsInvalid PrimaryIsNotTheChoosenAdapter GetVideoDriverDetailsInvalid PrimaryIsNotTheChoosenAdapter GetVideoDriverDetailsInvalid PrimaryIsNotTheChoosenAdapter FoundDriverCount:0 
[2018.01.28-16.54.55:774][  0]LogD3D11RHI:     Adapter Name: NVIDIA GeForce GTX 1060 6GB
[2018.01.28-16.54.55:774][  0]LogD3D11RHI:   Driver Version: Unknown (internal:Unknown, unified:Unknown)
[2018.01.28-16.54.55:774][  0]LogD3D11RHI:      Driver Date: Unknown
[2018.01.28-16.54.55:774][  0]LogRHI: Texture pool is 4236 MB (70% of 6052 MB)
[2018.01.28-16.54.55:800][  0]LogD3D11RHI: Async texture creation enabled
[2018.01.28-16.54.55:823][  0]LogD3D11RHI: GPU Timing Frequency: 1000.000000 (Debug: 2 2)
[2018.01.28-16.54.55:871][  0]LogShaderCompilers: Guid format shader working directory is -14 characters bigger than the processId version (../../../../../Tribal Turtles_Project/TribalTurtlesProject/Intermediate/Shaders/WorkingDirectory/8448/).
[2018.01.28-16.54.55:871][  0]LogShaderCompilers: Cleaned the shader compiler working directory 'C:/Users/Luc/AppData/Local/Temp/UnrealShaderWorkingDir/8DBA2342462775BD9DFE49960EE17B9E/'.
[2018.01.28-16.54.55:871][  0]LogShaderCompilers: Display: Using Local Shader Compiler.
[2018.01.28-16.54.56:877][  0]LogTemp: Display: Loaded TP AllDesktopTargetPlatform
[2018.01.28-16.54.56:925][  0]LogTemp: Display: Loaded TP MacClientTargetPlatform
[2018.01.28-16.54.56:975][  0]LogTemp: Display: Loaded TP MacNoEditorTargetPlatform
[2018.01.28-16.54.57:036][  0]LogTemp: Display: Loaded TP MacServerTargetPlatform
[2018.01.28-16.54.57:098][  0]LogTemp: Display: Loaded TP MacTargetPlatform
[2018.01.28-16.54.57:155][  0]LogTemp: Display: Loaded TP WindowsClientTargetPlatform
[2018.01.28-16.54.57:212][  0]LogTemp: Display: Loaded TP WindowsNoEditorTargetPlatform
[2018.01.28-16.54.57:275][  0]LogTemp: Display: Loaded TP WindowsServerTargetPlatform
[2018.01.28-16.54.57:348][  0]LogTemp: Display: Loaded TP WindowsTargetPlatform
[2018.01.28-16.54.57:401][  0]LogTemp: Display: Loaded TP Android_ASTCTargetPlatform
[2018.01.28-16.54.57:444][  0]LogTemp: Display: Loaded TP Android_ATCTargetPlatform
[2018.01.28-16.54.57:486][  0]LogTemp: Display: Loaded TP Android_DXTTargetPlatform
[2018.01.28-16.54.57:530][  0]LogTemp: Display: Loaded TP Android_ETC1TargetPlatform
[2018.01.28-16.54.57:574][  0]LogTemp: Display: Loaded TP Android_ETC2TargetPlatform
[2018.01.28-16.54.57:661][  0]LogTemp: Display: Loaded TP Android_MultiTargetPlatform
[2018.01.28-16.54.57:661][  0]LogTemp: Display: Loaded TP Android_PVRTCTargetPlatform
[2018.01.28-16.54.57:706][  0]LogTemp: Display: Loaded TP AndroidTargetPlatform
[2018.01.28-16.54.57:740][  0]LogTemp: Display: Loaded TP HTML5TargetPlatform
[2018.01.28-16.54.57:820][  0]LogTemp: Display: Loaded TP IOSTargetPlatform
[2018.01.28-16.54.57:843][  0]LogTemp: Display: Loaded TP TVOSTargetPlatform
[2018.01.28-16.54.57:884][  0]LogTemp: Display: Loaded TP LinuxClientTargetPlatform
[2018.01.28-16.54.57:927][  0]LogTemp: Display: Loaded TP LinuxNoEditorTargetPlatform
[2018.01.28-16.54.57:971][  0]LogTemp: Display: Loaded TP LinuxServerTargetPlatform
[2018.01.28-16.54.58:031][  0]LogTemp: Display: Loaded TP LinuxTargetPlatform
[2018.01.28-16.54.58:031][  0]LogTargetPlatformManager: Display: Building Assets For Windows
[2018.01.28-16.54.58:496][  0]LogDerivedDataCache: Display: Max Cache Size: 512 MB
[2018.01.28-16.54.58:572][  0]LogDerivedDataCache: Loaded boot cache 0.08s 92MB C:/Users/Luc/AppData/Local/UnrealEngine/4.18/DerivedDataCache/Boot.ddc.
[2018.01.28-16.54.58:572][  0]LogDerivedDataCache: Display: Loaded Boot cache: C:/Users/Luc/AppData/Local/UnrealEngine/4.18/DerivedDataCache/Boot.ddc
[2018.01.28-16.54.58:572][  0]LogDerivedDataCache: FDerivedDataBackendGraph:  Pak pak cache file ../../../../../Tribal Turtles_Project/TribalTurtlesProject/DerivedDataCache/DDC.ddp not found, will not use a pak cache.
[2018.01.28-16.54.58:572][  0]LogDerivedDataCache: Unable to find inner node Pak for hierarchical cache Hierarchy.
[2018.01.28-16.54.58:572][  0]LogDerivedDataCache: FDerivedDataBackendGraph:  CompressedPak pak cache file ../../../../../Tribal Turtles_Project/TribalTurtlesProject/DerivedDataCache/Compressed.ddp not found, will not use a pak cache.
[2018.01.28-16.54.58:572][  0]LogDerivedDataCache: Unable to find inner node CompressedPak for hierarchical cache Hierarchy.
[2018.01.28-16.54.58:591][  0]LogDerivedDataCache: Display: Pak cache opened for reading ../../../Engine/DerivedDataCache/Compressed.ddp.
[2018.01.28-16.54.58:605][  0]LogDerivedDataCache: Using Local data cache path C:/Users/Luc/AppData/Local/UnrealEngine/Common/DerivedDataCache: Writable
[2018.01.28-16.54.58:615][  0]LogMaterial: Verifying Global Shaders for PCD3D_SM5
[2018.01.28-16.54.58:616][  0]LogSlate: Using Freetype 2.6.0
[2018.01.28-16.54.58:616][  0]LogSlate: SlateFontCache - WITH_FREETYPE: 1, WITH_HARFBUZZ: 1
[2018.01.28-16.54.58:616][  0]LogSlate: SlateFontCache - WITH_FREETYPE: 1, WITH_HARFBUZZ: 1
[2018.01.28-16.54.59:010][  0]LogInit: Selected Device Profile: [Windows]
[2018.01.28-16.54.59:376][  0]LogSimplygon: Simplygon DLL not present - disabling.
[2018.01.28-16.54.59:410][  0]LogMeshReduction: Using SimplygonSwarm for distributed automatic mesh merging
[2018.01.28-16.54.59:410][  0]LogMeshReduction: Using QuadricMeshReduction for automatic static mesh reduction
[2018.01.28-16.54.59:410][  0]LogMeshReduction: No automatic skeletal mesh reduction module available
[2018.01.28-16.54.59:410][  0]LogMeshReduction: No automatic mesh merging module available
[2018.01.28-16.54.59:410][  0]LogMeshMerging: No automatic mesh merging module available
[2018.01.28-16.54.59:444][  0]LogNetVersion: TribalTurtlesProject , NetCL: 3709383, EngineNetVer: 2, GameNetVer: 0 (Checksum: 203732966)
[2018.01.28-16.54.59:627][  0]LogAssetRegistry: FAssetRegistry took 0.0277 seconds to start up
[2018.01.28-16.55.00:090][  0]LogPackageLocalizationCache: Processed 8 localized package path(s) for 2 prioritized culture(s) in 0.075151 seconds
[2018.01.28-16.55.00:095][  0]LogUObjectArray: 35870 objects as part of root set at end of initial load.
[2018.01.28-16.55.00:095][  0]LogUObjectAllocator: 7363696 out of 0 bytes used by permanent object pool.
[2018.01.28-16.55.00:095][  0]LogUObjectArray: CloseDisregardForGC: 0/0 objects in disregard for GC pool
[2018.01.28-16.55.00:136][  0]LogInit: WinSock: version 1.1 (2.2), MaxSocks=32767, MaxUdp=65467
[2018.01.28-16.55.03:035][  0]LogTcpMessaging: Initializing TcpMessaging bridge
[2018.01.28-16.55.03:085][  0]LogUdpMessaging: Initializing bridge on interface 0.0.0.0:0 to multicast group 230.0.0.1:6666.
[2018.01.28-16.55.03:846][  0]LogMaterial: Uniform references updated for custom material expression Custom.
[2018.01.28-16.55.04:350][  0]SourceControl: Source control is disabled
[2018.01.28-16.55.04:350][  0]SourceControl: Source control is disabled
[2018.01.28-16.55.04:403][  0]SourceControl: Source control is disabled
[2018.01.28-16.55.04:459][  0]SourceControl: Source control is disabled
[2018.01.28-16.55.05:364][  0]LogAndroidPermission: UAndroidPermissionCallbackProxy::GetInstance
[2018.01.28-16.55.05:659][  0]LogOcInput: OculusInput pre-init called
[2018.01.28-16.55.05:919][  0]LogEngine: Initializing Engine...
[2018.01.28-16.55.05:922][  0]LogHMD: Failed to initialize OpenVR with code 110
[2018.01.28-16.55.06:174][  0]LogStats: UGameplayTagsManager::ConstructGameplayTagTree: Construct from data asset -  0.000 s
[2018.01.28-16.55.06:174][  0]LogStats: UGameplayTagsManager::ConstructGameplayTagTree: GameplayTagTreeChangedEvent.Broadcast -  0.000 s
[2018.01.28-16.55.06:294][  0]LogAIModule: Creating AISystem for world Untitled
[2018.01.28-16.55.06:422][  0]LogInit: XAudio2 using 'Speakers (Realtek High Definition Audio)' : 6 channels at 48 kHz using 32 bits per sample (channel mask 0x3f)
[2018.01.28-16.55.06:502][  0]LogInit: FAudioDevice initialized.
[2018.01.28-16.55.06:581][  0]LogDerivedDataCache: Saved boot cache 0.08s 78MB C:/Users/Luc/AppData/Local/UnrealEngine/4.18/DerivedDataCache/Boot.ddc.
[2018.01.28-16.55.06:590][  0]LogInit: Texture streaming: Enabled
[2018.01.28-16.55.06:672][  0]LogEngineSessionManager: EngineSessionManager initialized
[2018.01.28-16.55.06:814][  0]LogInit: Transaction tracking system initialized
[2018.01.28-16.55.07:118][  0]BlueprintLog: New page: Editor Load
[2018.01.28-16.55.07:992][  0]LocalizationService: Localization service is disabled
[2018.01.28-16.55.08:798][  0]LogLinker: Warning: Can't find file '/Game/Character/ThirdPersonOverview'
[2018.01.28-16.55.08:799][  0]LogLinker: Warning: Can't find file '/Game/Character/ThirdPersonOverview'
[2018.01.28-16.55.08:799][  0]LogUObjectGlobals: Warning: Failed to find object 'Class /Game/Character/ThirdPersonOverview.ThirdPersonOverview_C'
[2018.01.28-16.55.09:050][  0]LogConsoleResponse: Display: 
[2018.01.28-16.55.09:233][  0]LogCook: Display: Max memory allowance for cook 16384mb min free memory 0mb
[2018.01.28-16.55.09:233][  0]LogCook: Display: Mobile HDR setting 1
[2018.01.28-16.55.09:233][  0]LogGameplayTags: Display: UGameplayTagsManager::DoneAddingNativeTags. DelegateIsBound: 0
[2018.01.28-16.55.09:906][  0]LogFileCache: Scanning file cache for directory 'D:/Tribal Turtles_Project/TribalTurtlesProject/Content/' took 0.04s
[2018.01.28-16.55.10:551][  0]SourceControl: Source control is disabled
[2018.01.28-16.55.10:551][  0]Cmd: MAP LOAD FILE="../../../../../Tribal Turtles_Project/TribalTurtlesProject/Content/ThirdPersonBP/Maps/ThirdPersonExampleMap.umap" TEMPLATE=0 SHOWPROGRESS=1 FEATURELEVEL=3
[2018.01.28-16.55.10:552][  0]LightingResults: New page: Lighting Build
[2018.01.28-16.55.10:587][  0]MapCheck: New page: Map Check
[2018.01.28-16.55.10:587][  0]LightingResults: New page: Lighting Build
[2018.01.28-16.55.11:288][  0]LogAIModule: Creating AISystem for world ThirdPersonExampleMap
[2018.01.28-16.55.11:296][  0]LogEditorServer: Finished looking for orphan Actors (0.000 secs)
[2018.01.28-16.55.11:309][  0]Cmd: MAP CHECKDEP NOCLEARLOG
[2018.01.28-16.55.11:372][  0]MapCheck: Map check complete: 0 Error(s), 0 Warning(s), took 63.03ms to complete.
[2018.01.28-16.55.11:372][  0]LogFileHelpers: Loading map 'ThirdPersonExampleMap' took 0.821
[2018.01.28-16.55.11:518][  0]LogCollectionManager: Loaded 0 collections in 0.001617 seconds
[2018.01.28-16.55.11:593][  0]LogFileCache: Scanning file cache for directory 'D:/Tribal Turtles_Project/TribalTurtlesProject/Saved/Collections/' took 0.01s
[2018.01.28-16.55.11:593][  0]LogFileCache: Scanning file cache for directory 'D:/Tribal Turtles_Project/TribalTurtlesProject/Content/Developers/Luc/Collections/' took 0.01s
[2018.01.28-16.55.11:593][  0]LogFileCache: Scanning file cache for directory 'D:/Tribal Turtles_Project/TribalTurtlesProject/Content/Collections/' took 0.01s
[2018.01.28-16.55.11:593][  0]LogCollectionManager: Rebuilt the GUID cache for 0 collections in 0.000000 seconds
[2018.01.28-16.55.11:601][  0]LogContentBrowser: Native class hierarchy populated in 0.0082 seconds. Added 2369 classes and 525 folders.
[2018.01.28-16.55.11:658][  0]LogContentBrowser: Native class hierarchy updated for 'WidgetCarousel' in 0.0002 seconds. Added 0 classes and 0 folders.
[2018.01.28-16.55.11:713][  0]LogContentBrowser: Native class hierarchy updated for 'AddContentDialog' in 0.0002 seconds. Added 0 classes and 0 folders.
[2018.01.28-16.55.11:759][  0]LogContentBrowser: Native class hierarchy updated for 'SceneOutliner' in 0.0003 seconds. Added 1 classes and 2 folders.
[2018.01.28-16.55.11:836][  0]LogSlate: Took 0.000205 seconds to synchronously load lazily loaded font '../../../Engine/Content/Slate/Fonts/Roboto-Regular.ttf' (155K)
[2018.01.28-16.55.11:838][  0]LogSlate: Took 0.000224 seconds to synchronously load lazily loaded font '../../../Engine/Content/Slate/Fonts/Roboto-Bold.ttf' (160K)
[2018.01.28-16.55.11:843][  0]LogSlate: Took 0.000224 seconds to synchronously load lazily loaded font '../../../Engine/Content/Editor/Slate/Fonts/FontAwesome.ttf' (139K)
[2018.01.28-16.55.11:962][  0]LogRenderer: Reallocating scene render targets to support 1208x572 Format 10 NumSamples 1 (Frame:1).
[2018.01.28-16.55.12:147][  0]LogContentBrowser: Native class hierarchy updated for 'HierarchicalLODOutliner' in 0.0003 seconds. Added 1 classes and 2 folders.
[2018.01.28-16.55.12:147][  0]LogLoad: (Engine Initialization) Total time: 20.15 seconds
[2018.01.28-16.55.12:147][  0]LogLoad: (Engine Initialization) Total Blueprint compile time: 0.00 seconds
[2018.01.28-16.55.12:147][  0]LogExternalProfiler: No external profilers were discovered.  External profiling features will not be available.
[2018.01.28-16.55.12:507][  0]LogContentStreaming: Texture pool size now 1000 MB
[2018.01.28-16.55.12:544][  0]LogSlate: Took 0.000223 seconds to synchronously load lazily loaded font '../../../Engine/Content/Slate/Fonts/Roboto-Light.ttf' (159K)
[2018.01.28-16.55.12:821][  1]LogScript: Warning: Accessed None trying to read property TargetPoint
	Fern01_DissolveBP_C /Engine/Transient.World_0:PersistentLevel.Fern01_DissolveBP_C_0
	Function /Game/VFXMatPack/Blueprint/Fern01_DissolveBP.Fern01_DissolveBP_C:UserConstructionScript:00A6
[2018.01.28-16.55.12:821][  1]LogScript: Warning: Accessed None
	Fern01_DissolveBP_C /Engine/Transient.World_0:PersistentLevel.Fern01_DissolveBP_C_0
	Function /Game/VFXMatPack/Blueprint/Fern01_DissolveBP.Fern01_DissolveBP_C:UserConstructionScript:00BB
[2018.01.28-16.55.12:821][  1]LogScript: Warning: Accessed None trying to read property TargetPoint
	Fern01_DissolveBP_C /Engine/Transient.World_0:PersistentLevel.Fern01_DissolveBP_C_0
	Function /Game/VFXMatPack/Blueprint/Fern01_DissolveBP.Fern01_DissolveBP_C:UserConstructionScript:0147
[2018.01.28-16.55.12:821][  1]LogScript: Warning: Accessed None
	Fern01_DissolveBP_C /Engine/Transient.World_0:PersistentLevel.Fern01_DissolveBP_C_0
	Function /Game/VFXMatPack/Blueprint/Fern01_DissolveBP.Fern01_DissolveBP_C:UserConstructionScript:015C
[2018.01.28-16.55.13:492][  3]LogAssetRegistry: Asset discovery search completed in 13.8873 seconds
[2018.01.28-16.55.13:497][  3]LogCollectionManager: Rebuilt the object cache for 0 collections in 0.000000 seconds (found 0 objects)
[2018.01.28-16.55.13:497][  3]LogCollectionManager: Fixed up redirectors for 0 collections in 0.000073 seconds (updated 0 objects)
[2018.01.28-16.55.24:204][182]LogEditorViewport: Clicking on Actor (LMB): TargetPoint (FernDissolveHeight)
[2018.01.28-16.55.25:602][341]LogEditorViewport: Clicking on Actor (LMB): Fern01_DissolveBP_C (Fern01_DissolveBP)
[2018.01.28-16.55.27:899][611]LogEditorViewport: Clicking on Actor (LMB): TargetPoint (FernDissolveHeight)
[2018.01.28-16.56.35:712][390]LogSlate: Took 0.000232 seconds to synchronously load lazily loaded font '../../../Engine/Content/Slate/Fonts/Roboto-Light.ttf' (159K)
[2018.01.28-16.56.36:007][390]LogContentBrowser: Native class hierarchy updated for 'BlueprintGraph' in 0.0007 seconds. Added 116 classes and 0 folders.
[2018.01.28-16.56.36:655][390]LogSlate: Took 0.000312 seconds to synchronously load lazily loaded font '../../../Engine/Content/Slate/Fonts/Roboto-Regular.ttf' (155K)
[2018.01.28-16.56.36:712][390]LogScript: Warning: Accessed None trying to read property TargetPoint
	Fern01_DissolveBP_C /Engine/Transient.World_2:PersistentLevel.Fern01_DissolveBP_C_1
	Function /Game/VFXMatPack/Blueprint/Fern01_DissolveBP.Fern01_DissolveBP_C:UserConstructionScript:00A6
[2018.01.28-16.56.36:712][390]LogScript: Warning: Accessed None
	Fern01_DissolveBP_C /Engine/Transient.World_2:PersistentLevel.Fern01_DissolveBP_C_1
	Function /Game/VFXMatPack/Blueprint/Fern01_DissolveBP.Fern01_DissolveBP_C:UserConstructionScript:00BB
[2018.01.28-16.56.36:712][390]LogScript: Warning: Accessed None trying to read property TargetPoint
	Fern01_DissolveBP_C /Engine/Transient.World_2:PersistentLevel.Fern01_DissolveBP_C_1
	Function /Game/VFXMatPack/Blueprint/Fern01_DissolveBP.Fern01_DissolveBP_C:UserConstructionScript:0147
[2018.01.28-16.56.36:712][390]LogScript: Warning: Accessed None
	Fern01_DissolveBP_C /Engine/Transient.World_2:PersistentLevel.Fern01_DissolveBP_C_1
	Function /Game/VFXMatPack/Blueprint/Fern01_DissolveBP.Fern01_DissolveBP_C:UserConstructionScript:015C
[2018.01.28-16.56.36:724][390]LogSlate: Took 0.000267 seconds to synchronously load lazily loaded font '../../../Engine/Content/Editor/Slate/Fonts/Roboto-BoldCondensed.ttf' (158K)
[2018.01.28-16.56.36:809][391]LogSlate: Took 0.000298 seconds to synchronously load lazily loaded font '../../../Engine/Content/Editor/Slate/Fonts/Roboto-Italic.ttf' (157K)
[2018.01.28-16.56.58:257][ 77]BlueprintLog: New page: Compile Fern01_DissolveBP
[2018.01.28-16.56.58:452][ 77]LogScript: Warning: Accessed None trying to read property TargetPoint
	Fern01_DissolveBP_C /Engine/Transient.World_0:PersistentLevel.Fern01_DissolveBP_C_0
	Function /Game/VFXMatPack/Blueprint/Fern01_DissolveBP.Fern01_DissolveBP_C:UserConstructionScript:00A6
[2018.01.28-16.56.58:452][ 77]LogScript: Warning: Accessed None
	Fern01_DissolveBP_C /Engine/Transient.World_0:PersistentLevel.Fern01_DissolveBP_C_0
	Function /Game/VFXMatPack/Blueprint/Fern01_DissolveBP.Fern01_DissolveBP_C:UserConstructionScript:00BB
[2018.01.28-16.56.58:452][ 77]LogScript: Warning: Accessed None trying to read property TargetPoint
	Fern01_DissolveBP_C /Engine/Transient.World_0:PersistentLevel.Fern01_DissolveBP_C_0
	Function /Game/VFXMatPack/Blueprint/Fern01_DissolveBP.Fern01_DissolveBP_C:UserConstructionScript:0147
[2018.01.28-16.56.58:452][ 77]LogScript: Warning: Accessed None
	Fern01_DissolveBP_C /Engine/Transient.World_0:PersistentLevel.Fern01_DissolveBP_C_0
	Function /Game/VFXMatPack/Blueprint/Fern01_DissolveBP.Fern01_DissolveBP_C:UserConstructionScript:015C
[2018.01.28-16.56.58:534][ 77]LogScript: Warning: Accessed None trying to read property TargetPoint
	Fern01_DissolveBP_C /Engine/Transient.World_2:PersistentLevel.Fern01_DissolveBP_C_1
	Function /Game/VFXMatPack/Blueprint/Fern01_DissolveBP.Fern01_DissolveBP_C:UserConstructionScript:00A6
[2018.01.28-16.56.58:534][ 77]LogScript: Warning: Accessed None
	Fern01_DissolveBP_C /Engine/Transient.World_2:PersistentLevel.Fern01_DissolveBP_C_1
	Function /Game/VFXMatPack/Blueprint/Fern01_DissolveBP.Fern01_DissolveBP_C:UserConstructionScript:00BB
[2018.01.28-16.56.58:534][ 77]LogScript: Warning: Accessed None trying to read property TargetPoint
	Fern01_DissolveBP_C /Engine/Transient.World_2:PersistentLevel.Fern01_DissolveBP_C_1
	Function /Game/VFXMatPack/Blueprint/Fern01_DissolveBP.Fern01_DissolveBP_C:UserConstructionScript:0147
[2018.01.28-16.56.58:534][ 77]LogScript: Warning: Accessed None
	Fern01_DissolveBP_C /Engine/Transient.World_2:PersistentLevel.Fern01_DissolveBP_C_1
	Function /Game/VFXMatPack/Blueprint/Fern01_DissolveBP.Fern01_DissolveBP_C:UserConstructionScript:015C
[2018.01.28-16.56.58:636][ 77]LogScript: Warning: Accessed None trying to read property TargetPoint
	Fern01_DissolveBP_C /Engine/Transient.World_0:PersistentLevel.Fern01_DissolveBP_C_0
	Function /Game/VFXMatPack/Blueprint/Fern01_DissolveBP.Fern01_DissolveBP_C:UserConstructionScript:00A6
[2018.01.28-16.56.58:636][ 77]LogScript: Warning: Accessed None
	Fern01_DissolveBP_C /Engine/Transient.World_0:PersistentLevel.Fern01_DissolveBP_C_0
	Function /Game/VFXMatPack/Blueprint/Fern01_DissolveBP.Fern01_DissolveBP_C:UserConstructionScript:00BB
[2018.01.28-16.56.58:636][ 77]LogScript: Warning: Accessed None trying to read property TargetPoint
	Fern01_DissolveBP_C /Engine/Transient.World_0:PersistentLevel.Fern01_DissolveBP_C_0
	Function /Game/VFXMatPack/Blueprint/Fern01_DissolveBP.Fern01_DissolveBP_C:UserConstructionScript:0147
[2018.01.28-16.56.58:636][ 77]LogScript: Warning: Accessed None
	Fern01_DissolveBP_C /Engine/Transient.World_0:PersistentLevel.Fern01_DissolveBP_C_0
	Function /Game/VFXMatPack/Blueprint/Fern01_DissolveBP.Fern01_DissolveBP_C:UserConstructionScript:015C
[2018.01.28-16.56.58:637][ 77]LogScript: Warning: Accessed None trying to read property TargetPoint
	Fern01_DissolveBP_C /Engine/Transient.World_2:PersistentLevel.Fern01_DissolveBP_C_1
	Function /Game/VFXMatPack/Blueprint/Fern01_DissolveBP.Fern01_DissolveBP_C:UserConstructionScript:00A6
[2018.01.28-16.56.58:637][ 77]LogScript: Warning: Accessed None
	Fern01_DissolveBP_C /Engine/Transient.World_2:PersistentLevel.Fern01_DissolveBP_C_1
	Function /Game/VFXMatPack/Blueprint/Fern01_DissolveBP.Fern01_DissolveBP_C:UserConstructionScript:00BB
[2018.01.28-16.56.58:637][ 77]LogScript: Warning: Accessed None trying to read property TargetPoint
	Fern01_DissolveBP_C /Engine/Transient.World_2:PersistentLevel.Fern01_DissolveBP_C_1
	Function /Game/VFXMatPack/Blueprint/Fern01_DissolveBP.Fern01_DissolveBP_C:UserConstructionScript:0147
[2018.01.28-16.56.58:637][ 77]LogScript: Warning: Accessed None
	Fern01_DissolveBP_C /Engine/Transient.World_2:PersistentLevel.Fern01_DissolveBP_C_1
	Function /Game/VFXMatPack/Blueprint/Fern01_DissolveBP.Fern01_DissolveBP_C:UserConstructionScript:015C
[2018.01.28-16.56.58:637][ 77]LogScript: Warning: Accessed None trying to read property TargetPoint
	Fern01_DissolveBP_C /Engine/Transient.World_0:PersistentLevel.Fern01_DissolveBP_C_4
	Function /Game/VFXMatPack/Blueprint/Fern01_DissolveBP.Fern01_DissolveBP_C:UserConstructionScript:00A6
[2018.01.28-16.56.58:637][ 77]LogScript: Warning: Accessed None
	Fern01_DissolveBP_C /Engine/Transient.World_0:PersistentLevel.Fern01_DissolveBP_C_4
	Function /Game/VFXMatPack/Blueprint/Fern01_DissolveBP.Fern01_DissolveBP_C:UserConstructionScript:00BB
[2018.01.28-16.56.58:637][ 77]LogScript: Warning: Accessed None trying to read property TargetPoint
	Fern01_DissolveBP_C /Engine/Transient.World_0:PersistentLevel.Fern01_DissolveBP_C_4
	Function /Game/VFXMatPack/Blueprint/Fern01_DissolveBP.Fern01_DissolveBP_C:UserConstructionScript:0147
[2018.01.28-16.56.58:637][ 77]LogScript: Warning: Accessed None
	Fern01_DissolveBP_C /Engine/Transient.World_0:PersistentLevel.Fern01_DissolveBP_C_4
	Function /Game/VFXMatPack/Blueprint/Fern01_DissolveBP.Fern01_DissolveBP_C:UserConstructionScript:015C
[2018.01.28-16.56.59:134][107]LogSavePackage: Save=68.78ms
[2018.01.28-16.56.59:134][107]LogSavePackage: Moving '../../../../../Tribal Turtles_Project/TribalTurtlesProject/Saved/Fern01_DissolveBP8521E2484C065C34F1F7CEB69B9FD5AA.tmp' to '../../../../../Tribal Turtles_Project/TribalTurtlesProject/Content/VFXMatPack/Blueprint/Fern01_DissolveBP.uasset'
[2018.01.28-16.56.59:137][107]LogSavePackage: Display: Finished SavePackage ../../../../../Tribal Turtles_Project/TribalTurtlesProject/Content/VFXMatPack/Blueprint/Fern01_DissolveBP.uasset
[2018.01.28-16.57.01:636][300]LogSavePackage: Save=60.37ms
[2018.01.28-16.57.01:636][300]LogSavePackage: Moving '../../../../../Tribal Turtles_Project/TribalTurtlesProject/Saved/Fern01_DissolveBP9698AC1F4E1730470EC8E2A0495777BE.tmp' to '../../../../../Tribal Turtles_Project/TribalTurtlesProject/Content/VFXMatPack/Blueprint/Fern01_DissolveBP.uasset'
[2018.01.28-16.57.01:638][300]LogSavePackage: Display: Finished SavePackage ../../../../../Tribal Turtles_Project/TribalTurtlesProject/Content/VFXMatPack/Blueprint/Fern01_DissolveBP.uasset
[2018.01.28-16.57.05:962][775]Cmd: CAMERA ALIGN ACTIVEVIEWPORTONLY
[2018.01.28-16.58.37:239][370]LogSlate: Took 0.000196 seconds to synchronously load lazily loaded font '../../../Engine/Content/Slate/Fonts/Roboto-Light.ttf' (159K)
[2018.01.28-16.58.46:405][401]Cmd: CAMERA ALIGN ACTIVEVIEWPORTONLY
[2018.01.28-16.59.23:581][599]Cmd: CAMERA ALIGN ACTIVEVIEWPORTONLY
[2018.01.28-16.59.32:996][665]Cmd: CAMERA ALIGN ACTIVEVIEWPORTONLY
[2018.01.28-16.59.52:708][948]Cmd: OBJ SAVEPACKAGE PACKAGE="/Game/Cinematics/Test" FILE="../../../../../Tribal Turtles_Project/TribalTurtlesProject/Content/Cinematics/Test.uasset" SILENT=true
[2018.01.28-16.59.52:720][948]LogSavePackage: Save=9.46ms
[2018.01.28-16.59.52:720][948]LogSavePackage: Moving '../../../../../Tribal Turtles_Project/TribalTurtlesProject/Saved/Test87B30B2E45A8825B893B2193BEC83325.tmp' to '../../../../../Tribal Turtles_Project/TribalTurtlesProject/Content/Cinematics/Test.uasset'
[2018.01.28-16.59.52:723][948]LogSavePackage: Display: Finished SavePackage ../../../../../Tribal Turtles_Project/TribalTurtlesProject/Content/Cinematics/Test.uasset
[2018.01.28-16.59.57:445][482]LogLinker: Warning: Can't find file '/Game/ThirdPersonBP/Blueprints/ThirdPersonGameMode'
[2018.01.28-16.59.57:445][482]LogLinker: Warning: Can't find file '/Game/ThirdPersonBP/Blueprints/ThirdPersonGameMode'
[2018.01.28-16.59.57:445][482]LogUObjectGlobals: Warning: Failed to find object 'Object /Game/ThirdPersonBP/Blueprints/ThirdPersonGameMode.ThirdPersonGameMode_C'
[2018.01.28-17.00.10:439][658]BlueprintLog: New page: Compile ThirdPersonExampleMap
[2018.01.28-17.00.11:234][697]LogSavePackage: Save=134.69ms
[2018.01.28-17.00.11:234][697]LogSavePackage: Moving '../../../../../Tribal Turtles_Project/TribalTurtlesProject/Saved/ThirdPersonExampleMapAF5B8F684D345DE31ED38C80FEA1F34B.tmp' to '../../../../../Tribal Turtles_Project/TribalTurtlesProject/Content/ThirdPersonBP/Maps/ThirdPersonExampleMap.umap'
[2018.01.28-17.00.11:238][697]LogSavePackage: Display: Finished SavePackage ../../../../../Tribal Turtles_Project/TribalTurtlesProject/Content/ThirdPersonBP/Maps/ThirdPersonExampleMap.umap
[2018.01.28-17.00.11:306][697]LogFileHelpers: Saving map 'ThirdPersonExampleMap' took 0.350
[2018.01.28-17.00.27:635][437]BlueprintLog: New page: Compile ThirdPersonExampleMap
[2018.01.28-17.00.28:603][500]LogSavePackage: Save=154.15ms
[2018.01.28-17.00.28:603][500]LogSavePackage: Moving '../../../../../Tribal Turtles_Project/TribalTurtlesProject/Saved/ThirdPersonExampleMap804E85764DCE3A92610FDAA4A59322E3.tmp' to '../../../../../Tribal Turtles_Project/TribalTurtlesProject/Content/ThirdPersonBP/Maps/ThirdPersonExampleMap.umap'
[2018.01.28-17.00.28:607][500]LogSavePackage: Display: Finished SavePackage ../../../../../Tribal Turtles_Project/TribalTurtlesProject/Content/ThirdPersonBP/Maps/ThirdPersonExampleMap.umap
[2018.01.28-17.00.28:688][500]LogFileHelpers: Saving map 'ThirdPersonExampleMap' took 0.343
[2018.01.28-17.00.30:120][641]LogTemp: Repeating last play command: Selected Viewport
[2018.01.28-17.00.30:280][641]LogBlueprintUserMessages: Early PlayInEditor Detection: Level '/Game/ThirdPersonBP/Maps/ThirdPersonExampleMap.ThirdPersonExampleMap:PersistentLevel' has LevelScriptBlueprint '/Game/ThirdPersonBP/Maps/ThirdPersonExampleMap.ThirdPersonExampleMap:PersistentLevel.ThirdPersonExampleMap' with GeneratedClass '/Game/ThirdPersonBP/Maps/ThirdPersonExampleMap.ThirdPersonExampleMap_C' with ClassGeneratedBy '/Game/ThirdPersonBP/Maps/ThirdPersonExampleMap.ThirdPersonExampleMap:PersistentLevel.ThirdPersonExampleMap'
[2018.01.28-17.00.30:280][641]LogPlayLevel: PlayLevel: No blueprints needed recompiling
[2018.01.28-17.00.30:281][641]PIE: New page: PIE session: ThirdPersonExampleMap (Jan 28, 2018, 7:00:30 PM)
[2018.01.28-17.00.30:281][641]LogPlayLevel: Creating play world package: /Game/ThirdPersonBP/Maps/UEDPIE_0_ThirdPersonExampleMap
[2018.01.28-17.00.30:298][641]LogPlayLevel: PIE: StaticDuplicateObject took: (0.016606s)
[2018.01.28-17.00.30:298][641]LogAIModule: Creating AISystem for world ThirdPersonExampleMap
[2018.01.28-17.00.30:299][641]LogPlayLevel: PIE: World Init took: (0.000828s)
[2018.01.28-17.00.30:299][641]LogPlayLevel: PIE: Created PIE world by copying editor world from /Game/ThirdPersonBP/Maps/ThirdPersonExampleMap.ThirdPersonExampleMap to /Game/ThirdPersonBP/Maps/UEDPIE_0_ThirdPersonExampleMap.ThirdPersonExampleMap (0.017792s)
[2018.01.28-17.00.30:424][641]LogInit: XAudio2 using 'Speakers (Realtek High Definition Audio)' : 6 channels at 48 kHz using 32 bits per sample (channel mask 0x3f)
[2018.01.28-17.00.30:538][641]LogInit: FAudioDevice initialized.
[2018.01.28-17.00.30:581][641]LogLoad: Game class is 'Phamos_GM_C'
[2018.01.28-17.00.30:584][641]LogWorld: Bringing World /Game/ThirdPersonBP/Maps/UEDPIE_0_ThirdPersonExampleMap.ThirdPersonExampleMap up for play (max tick rate 0) at 2018.01.28-18.00.30
[2018.01.28-17.00.30:584][641]LogLinker: Warning: Can't find file '/Game/Cinematics/GrowthTest'
[2018.01.28-17.00.30:584][641]LogLinker: Warning: Can't find file '/Game/Cinematics/GrowthTest'
[2018.01.28-17.00.30:584][641]LogUObjectGlobals: Warning: Failed to find object 'Object /Game/Cinematics/GrowthTest.GrowthTest'
[2018.01.28-17.00.30:584][641]LogWorld: Bringing up level for play took: 0.001506
[2018.01.28-17.00.30:621][641]LogContentBrowser: Native class hierarchy updated for 'MovieSceneCapture' in 0.0003 seconds. Added 11 classes and 0 folders.
[2018.01.28-17.00.30:624][641]PIE: Play in editor start time for /Game/ThirdPersonBP/Maps/UEDPIE_0_ThirdPersonExampleMap 0.861
[2018.01.28-17.00.30:624][641]LogBlueprintUserMessages: Late PlayInEditor Detection: Level '/Game/ThirdPersonBP/Maps/ThirdPersonExampleMap.ThirdPersonExampleMap:PersistentLevel' has LevelScriptBlueprint '/Game/ThirdPersonBP/Maps/ThirdPersonExampleMap.ThirdPersonExampleMap:PersistentLevel.ThirdPersonExampleMap' with GeneratedClass '/Game/ThirdPersonBP/Maps/ThirdPersonExampleMap.ThirdPersonExampleMap_C' with ClassGeneratedBy '/Game/ThirdPersonBP/Maps/ThirdPersonExampleMap.ThirdPersonExampleMap:PersistentLevel.ThirdPersonExampleMap'
[2018.01.28-17.00.36:525][338]Set new viewmode: Wireframe
[2018.01.28-17.00.37:309][432]Set new viewmode: Wireframe
[2018.01.28-17.00.37:626][470]Set new viewmode: Unlit
[2018.01.28-17.00.38:176][536]Set new viewmode: Lit
[2018.01.28-17.01.39:878][788]Cmd: CLOSE_SLATE_MAINFRAME
[2018.01.28-17.01.40:885][788]Cmd: OBJ SAVEPACKAGE PACKAGE="/Game/Cinematics/Test" FILE="../../../../../Tribal Turtles_Project/TribalTurtlesProject/Content/Cinematics/Test.uasset" SILENT=true
[2018.01.28-17.01.40:900][788]LogSavePackage: Save=9.39ms
[2018.01.28-17.01.40:900][788]LogSavePackage: Moving '../../../../../Tribal Turtles_Project/TribalTurtlesProject/Saved/Test2663B27245BDF9ED326F73AEFD92CDFB.tmp' to '../../../../../Tribal Turtles_Project/TribalTurtlesProject/Content/Cinematics/Test.uasset'
[2018.01.28-17.01.40:903][788]LogSavePackage: Display: Finished SavePackage ../../../../../Tribal Turtles_Project/TribalTurtlesProject/Content/Cinematics/Test.uasset
[2018.01.28-17.01.41:160][788]LogSavePackage: Save=143.75ms
[2018.01.28-17.01.41:160][788]LogSavePackage: Moving '../../../../../Tribal Turtles_Project/TribalTurtlesProject/Saved/ThirdPersonExampleMap6D1A473048F3B7A24BA2CDA7B444174B.tmp' to '../../../../../Tribal Turtles_Project/TribalTurtlesProject/Content/ThirdPersonBP/Maps/ThirdPersonExampleMap.umap'
[2018.01.28-17.01.41:163][788]LogSavePackage: Display: Finished SavePackage ../../../../../Tribal Turtles_Project/TribalTurtlesProject/Content/ThirdPersonBP/Maps/ThirdPersonExampleMap.umap
[2018.01.28-17.01.41:240][788]LogFileHelpers: Saving map 'ThirdPersonExampleMap' took 0.337
[2018.01.28-17.01.41:542][788]LogBlueprintUserMessages: Early EndPlayMap Detection: Level '/Game/ThirdPersonBP/Maps/ThirdPersonExampleMap.ThirdPersonExampleMap:PersistentLevel' has LevelScriptBlueprint '/Game/ThirdPersonBP/Maps/ThirdPersonExampleMap.ThirdPersonExampleMap:PersistentLevel.ThirdPersonExampleMap' with GeneratedClass '/Game/ThirdPersonBP/Maps/ThirdPersonExampleMap.ThirdPersonExampleMap_C' with ClassGeneratedBy '/Game/ThirdPersonBP/Maps/ThirdPersonExampleMap.ThirdPersonExampleMap:PersistentLevel.ThirdPersonExampleMap'
[2018.01.28-17.01.41:576][788]LogBlueprintUserMessages: Late EndPlayMap Detection: Level '/Game/ThirdPersonBP/Maps/ThirdPersonExampleMap.ThirdPersonExampleMap:PersistentLevel' has LevelScriptBlueprint '/Game/ThirdPersonBP/Maps/ThirdPersonExampleMap.ThirdPersonExampleMap:PersistentLevel.ThirdPersonExampleMap' with GeneratedClass '/Game/ThirdPersonBP/Maps/ThirdPersonExampleMap.ThirdPersonExampleMap_C' with ClassGeneratedBy '/Game/ThirdPersonBP/Maps/ThirdPersonExampleMap.ThirdPersonExampleMap:PersistentLevel.ThirdPersonExampleMap'
[2018.01.28-17.01.41:793][789]Cmd: QUIT_EDITOR
[2018.01.28-17.01.41:892][789]LogWindowsTextInputMethodSystem: Display: IME system now deactivated.
[2018.01.28-17.01.41:892][789]LogWindowsTextInputMethodSystem: Display: IME system now deactivated.
[2018.01.28-17.01.41:906][789]LogExit: Preparing to exit.
[2018.01.28-17.01.42:285][789]LogDirectoryWatcher: A directory notification failed for 'D:/Tribal Turtles_Project/TribalTurtlesProject/Content/', and we were unable to create a new request.
[2018.01.28-17.01.42:352][789]LogExit: Editor shut down
[2018.01.28-17.01.42:357][789]LogExit: Transaction tracking system shut down
[2018.01.28-17.01.42:541][789]LogDirectoryWatcher: A directory notification for '../../../Engine/Content/' was aborted.
[2018.01.28-17.01.42:541][789]LogDirectoryWatcher: A directory notification for '../../../../../Tribal Turtles_Project/TribalTurtlesProject/Content/' was aborted.
[2018.01.28-17.01.42:541][789]LogDirectoryWatcher: A directory notification for '../../../Engine/Plugins/2D/Paper2D/Content/' was aborted.
[2018.01.28-17.01.42:541][789]LogDirectoryWatcher: A directory notification for '../../../Engine/Plugins/Marketplace/DonAINavigation/Content/' was aborted.
[2018.01.28-17.01.42:541][789]LogDirectoryWatcher: A directory notification for '../../../Engine/Plugins/Media/MediaCompositing/Content/' was aborted.
[2018.01.28-17.01.42:541][789]LogDirectoryWatcher: A directory notification for '../../../Engine/Plugins/Runtime/AppleARKit/Content/' was aborted.
[2018.01.28-17.01.42:541][789]LogDirectoryWatcher: A directory notification for '../../../Engine/Plugins/Runtime/Oculus/OculusVR/Content/' was aborted.
[2018.01.28-17.01.42:541][789]LogDirectoryWatcher: A directory notification for '../../../Engine/Plugins/Runtime/Steam/SteamVR/Content/' was aborted.
[2018.01.28-17.01.42:625][789]LogExit: Object subsystem successfully closed.
[2018.01.28-17.01.42:638][789]LogD3D11RHI: Shutdown
[2018.01.28-17.01.42:638][789]LogD3D11RHI: CleanupD3DDevice
[2018.01.28-17.01.42:641][789]LogD3D11RHI: ~FD3D11DynamicRHI
[2018.01.28-17.01.42:648][789]LogModuleManager: Shutting down and abandoning module MovieSceneCapture (556)
[2018.01.28-17.01.42:648][789]LogModuleManager: Shutting down and abandoning module SequencerWidgets (554)
[2018.01.28-17.01.42:648][789]LogModuleManager: Shutting down and abandoning module BlueprintGraph (552)
[2018.01.28-17.01.42:648][789]LogModuleManager: Shutting down and abandoning module HierarchicalLODOutliner (550)
[2018.01.28-17.01.42:648][789]LogModuleManager: Shutting down and abandoning module SceneOutliner (548)
[2018.01.28-17.01.42:648][789]LogModuleManager: Shutting down and abandoning module AddContentDialog (546)
[2018.01.28-17.01.42:648][789]LogDirectoryWatcher: A directory notification for 'D:/Unreal Engine 4/UE_4.18/FeaturePacks/' was aborted.
[2018.01.28-17.01.42:649][789]LogModuleManager: Shutting down and abandoning module WidgetCarousel (545)
[2018.01.28-17.01.42:649][789]LogModuleManager: Shutting down and abandoning module EditorWidgets (542)
[2018.01.28-17.01.42:649][789]LogModuleManager: Shutting down and abandoning module CollectionManager (540)
[2018.01.28-17.01.42:649][789]LogDirectoryWatcher: A directory notification for 'D:/Tribal Turtles_Project/TribalTurtlesProject/Content/Collections/' was aborted.
[2018.01.28-17.01.42:649][789]LogDirectoryWatcher: A directory notification for 'D:/Tribal Turtles_Project/TribalTurtlesProject/Content/Developers/Luc/Collections/' was aborted.
[2018.01.28-17.01.42:649][789]LogDirectoryWatcher: A directory notification for 'D:/Tribal Turtles_Project/TribalTurtlesProject/Saved/Collections/' was aborted.
[2018.01.28-17.01.42:650][789]LogModuleManager: Shutting down and abandoning module StatsViewer (538)
[2018.01.28-17.01.42:650][789]LogModuleManager: Shutting down and abandoning module FoliageEdit (536)
[2018.01.28-17.01.42:650][789]LogModuleManager: Shutting down and abandoning module LandscapeEditor (534)
[2018.01.28-17.01.42:650][789]LogModuleManager: Shutting down and abandoning module MeshPaintMode (532)
[2018.01.28-17.01.42:650][789]LogModuleManager: Shutting down and abandoning module SceneDepthPickerMode (530)
[2018.01.28-17.01.42:650][789]LogModuleManager: Shutting down and abandoning module ActorPickerMode (528)
[2018.01.28-17.01.42:650][789]LogModuleManager: Shutting down and abandoning module GeometryMode (526)
[2018.01.28-17.01.42:650][789]LogModuleManager: Shutting down and abandoning module TextureAlignMode (524)
[2018.01.28-17.01.42:650][789]LogModuleManager: Shutting down and abandoning module BspMode (522)
[2018.01.28-17.01.42:650][789]LogModuleManager: Shutting down and abandoning module PIEPreviewDeviceProfileSelector (520)
[2018.01.28-17.01.42:650][789]LogModuleManager: Shutting down and abandoning module HardwareSurvey (518)
[2018.01.28-17.01.42:650][789]LogModuleManager: Shutting down and abandoning module SequenceRecorderSections (516)
[2018.01.28-17.01.42:650][789]LogModuleManager: Shutting down and abandoning module AutomationWorker (514)
[2018.01.28-17.01.42:650][789]LogModuleManager: Shutting down and abandoning module MatineeToLevelSequence (512)
[2018.01.28-17.01.42:650][789]LogModuleManager: Shutting down and abandoning module LevelSequenceEditor (510)
[2018.01.28-17.01.42:650][789]LogModuleManager: Shutting down and abandoning module PlacementMode (509)
[2018.01.28-17.01.42:650][789]LogModuleManager: Shutting down and abandoning module WmfMediaFactory (506)
[2018.01.28-17.01.42:650][789]LogModuleManager: Shutting down and abandoning module WmfMediaEditor (504)
[2018.01.28-17.01.42:650][789]LogModuleManager: Shutting down and abandoning module OpenExrWrapper (502)
[2018.01.28-17.01.42:650][789]LogModuleManager: Shutting down and abandoning module ImgMediaFactory (500)
[2018.01.28-17.01.42:650][789]LogModuleManager: Shutting down and abandoning module ImgMediaEditor (498)
[2018.01.28-17.01.42:650][789]LogModuleManager: Shutting down and abandoning module AvfMediaFactory (496)
[2018.01.28-17.01.42:650][789]LogModuleManager: Shutting down and abandoning module AvfMediaEditor (494)
[2018.01.28-17.01.42:650][789]LogModuleManager: Shutting down and abandoning module AndroidMediaFactory (492)
[2018.01.28-17.01.42:650][789]LogModuleManager: Shutting down and abandoning module AndroidMediaEditor (490)
[2018.01.28-17.01.42:650][789]LogModuleManager: Shutting down and abandoning module CharacterAI (488)
[2018.01.28-17.01.42:650][789]LogModuleManager: Shutting down and abandoning module AudioCapture (486)
[2018.01.28-17.01.42:650][789]LogModuleManager: Shutting down and abandoning module SequenceRecorder (485)
[2018.01.28-17.01.42:650][789]LogModuleManager: Shutting down and abandoning module SmartSnapping (482)
[2018.01.28-17.01.42:650][789]LogModuleManager: Shutting down and abandoning module SessionServices (480)
[2018.01.28-17.01.42:650][789]LogModuleManager: Shutting down and abandoning module ViewportSnapping (478)
[2018.01.28-17.01.42:650][789]LogModuleManager: Shutting down and abandoning module ViewportInteraction (476)
[2018.01.28-17.01.42:650][789]LogModuleManager: Shutting down and abandoning module ClothPainter (474)
[2018.01.28-17.01.42:650][789]LogModuleManager: Shutting down and abandoning module SkeletalMeshEditor (473)
[2018.01.28-17.01.42:650][789]LogModuleManager: Shutting down and abandoning module LogVisualizer (470)
[2018.01.28-17.01.42:650][789]LogModuleManager: Shutting down and abandoning module IntroTutorials (468)
[2018.01.28-17.01.42:651][789]LogModuleManager: Shutting down and abandoning module GameProjectGeneration (467)
[2018.01.28-17.01.42:651][789]LogModuleManager: Shutting down and abandoning module IOSPlatformEditor (464)
[2018.01.28-17.01.42:651][789]LogModuleManager: Shutting down and abandoning module HTML5PlatformEditor (462)
[2018.01.28-17.01.42:651][789]LogModuleManager: Shutting down and abandoning module AndroidPlatformEditor (460)
[2018.01.28-17.01.42:651][789]LogModuleManager: Shutting down and abandoning module AndroidDeviceDetection (459)
[2018.01.28-17.01.42:967][789]LogModuleManager: Shutting down and abandoning module WindowsPlatformEditor (456)
[2018.01.28-17.01.42:967][789]LogModuleManager: Shutting down and abandoning module IOSRuntimeSettings (454)
[2018.01.28-17.01.42:967][789]LogModuleManager: Shutting down and abandoning module AndroidRuntimeSettings (452)
[2018.01.28-17.01.42:967][789]LogModuleManager: Shutting down and abandoning module InputBindingEditor (450)
[2018.01.28-17.01.42:967][789]LogModuleManager: Shutting down and abandoning module MergeActors (448)
[2018.01.28-17.01.42:967][789]LogModuleManager: Shutting down and abandoning module SizeMap (446)
[2018.01.28-17.01.42:967][789]LogModuleManager: Shutting down and abandoning module TreeMap (444)
[2018.01.28-17.01.42:967][789]LogModuleManager: Shutting down and abandoning module ReferenceViewer (442)
[2018.01.28-17.01.42:968][789]LogModuleManager: Shutting down and abandoning module LocalizationDashboard (440)
[2018.01.28-17.01.42:968][789]LogModuleManager: Shutting down and abandoning module LocalizationService (439)
[2018.01.28-17.01.42:968][789]LogModuleManager: Shutting down and abandoning module HardwareTargeting (436)
[2018.01.28-17.01.42:968][789]LogModuleManager: Shutting down and abandoning module DeviceProfileEditor (434)
[2018.01.28-17.01.42:968][789]LogModuleManager: Shutting down and abandoning module UndoHistory (432)
[2018.01.28-17.01.42:968][789]LogModuleManager: Shutting down and abandoning module XmlParser (430)
[2018.01.28-17.01.42:968][789]LogModuleManager: Shutting down and abandoning module Blutility (428)
[2018.01.28-17.01.42:968][789]LogModuleManager: Shutting down and abandoning module ProjectSettingsViewer (426)
[2018.01.28-17.01.42:968][789]LogModuleManager: Shutting down and abandoning module ProjectTargetPlatformEditor (425)
[2018.01.28-17.01.42:968][789]LogModuleManager: Shutting down and abandoning module EditorSettingsViewer (422)
[2018.01.28-17.01.42:968][789]LogModuleManager: Shutting down and abandoning module SettingsEditor (420)
[2018.01.28-17.01.42:969][789]LogModuleManager: Shutting down and abandoning module ProjectLauncher (418)
[2018.01.28-17.01.42:969][789]LogModuleManager: Shutting down and abandoning module SessionFrontend (416)
[2018.01.28-17.01.42:969][789]LogModuleManager: Shutting down and abandoning module ProfilerClient (414)
[2018.01.28-17.01.42:969][789]LogModuleManager: Shutting down and abandoning module DeviceManager (412)
[2018.01.28-17.01.42:969][789]LogModuleManager: Shutting down and abandoning module TargetDeviceServices (411)
[2018.01.28-17.01.43:024][789]LogModuleManager: Shutting down and abandoning module AutomationController (408)
[2018.01.28-17.01.43:024][789]LogModuleManager: Shutting down and abandoning module AutomationWindow (406)
[2018.01.28-17.01.43:024][789]LogModuleManager: Shutting down and abandoning module Layers (404)
[2018.01.28-17.01.43:024][789]LogModuleManager: Shutting down and abandoning module ComponentVisualizers (402)
[2018.01.28-17.01.43:024][789]LogModuleManager: Shutting down and abandoning module DetailCustomizations (400)
[2018.01.28-17.01.43:024][789]LogModuleManager: Shutting down and abandoning module PackagesDialog (398)
[2018.01.28-17.01.43:024][789]LogModuleManager: Shutting down and abandoning module Persona (396)
[2018.01.28-17.01.43:024][789]LogModuleManager: Shutting down and abandoning module AdvancedPreviewScene (395)
[2018.01.28-17.01.43:024][789]LogModuleManager: Shutting down and abandoning module AnimGraph (393)
[2018.01.28-17.01.43:024][789]LogModuleManager: Shutting down and abandoning module Kismet (390)
[2018.01.28-17.01.43:030][789]LogModuleManager: Shutting down and abandoning module ClassViewer (388)
[2018.01.28-17.01.43:031][789]LogModuleManager: Shutting down and abandoning module Toolbox (386)
[2018.01.28-17.01.43:031][789]LogModuleManager: Shutting down and abandoning module ModuleUI (384)
[2018.01.28-17.01.43:031][789]LogModuleManager: Shutting down and abandoning module MovieSceneTools (382)
[2018.01.28-17.01.43:031][789]LogModuleManager: Shutting down and abandoning module OutputLog (380)
[2018.01.28-17.01.43:031][789]LogModuleManager: Shutting down and abandoning module GammaUI (378)
[2018.01.28-17.01.43:031][789]LogModuleManager: Shutting down and abandoning module Documentation (376)
[2018.01.28-17.01.43:031][789]LogModuleManager: Shutting down and abandoning module MovieSceneTracks (374)
[2018.01.28-17.01.43:031][789]LogModuleManager: Shutting down and abandoning module MovieScene (372)
[2018.01.28-17.01.43:031][789]LogModuleManager: Shutting down and abandoning module StreamingPauseRendering (370)
[2018.01.28-17.01.43:031][789]LogModuleManager: Shutting down and abandoning module LauncherPlatform (368)
[2018.01.28-17.01.43:031][789]LogModuleManager: Shutting down and abandoning module AnalyticsET (366)
[2018.01.28-17.01.43:031][789]LogModuleManager: Shutting down and abandoning module PortalServices (364)
[2018.01.28-17.01.43:031][789]LogModuleManager: Shutting down and abandoning module PortalRpc (362)
[2018.01.28-17.01.43:031][789]LogModuleManager: Shutting down and abandoning module MessagingRpc (360)
[2018.01.28-17.01.43:031][789]LogModuleManager: Shutting down and abandoning module AIModule (358)
[2018.01.28-17.01.43:031][789]LogModuleManager: Shutting down and abandoning module GameplayDebugger (357)
[2018.01.28-17.01.43:031][789]LogModuleManager: Shutting down and abandoning module AITestSuite (355)
[2018.01.28-17.01.43:031][789]LogModuleManager: Shutting down and abandoning module DesktopPlatform (352)
[2018.01.28-17.01.43:031][789]LogModuleManager: Shutting down and abandoning module ProfilerService (350)
[2018.01.28-17.01.43:122][789]LogModuleManager: Shutting down and abandoning module TaskGraph (348)
[2018.01.28-17.01.43:122][789]LogModuleManager: Shutting down and abandoning module SteamVRController (346)
[2018.01.28-17.01.43:122][789]LogModuleManager: Shutting down and abandoning module ProceduralMeshComponentEditor (344)
[2018.01.28-17.01.43:122][789]LogModuleManager: Shutting down and abandoning module ProceduralMeshComponent (342)
[2018.01.28-17.01.43:122][789]LogModuleManager: Shutting down and abandoning module OculusInput (340)
[2018.01.28-17.01.43:122][789]LogModuleManager: Shutting down and abandoning module MobilePatchingUtils (338)
[2018.01.28-17.01.43:122][789]LogModuleManager: Shutting down and abandoning module CustomMeshComponent (336)
[2018.01.28-17.01.43:122][789]LogModuleManager: Shutting down and abandoning module CableComponent (334)
[2018.01.28-17.01.43:122][789]LogModuleManager: Shutting down and abandoning module ArchVisCharacter (332)
[2018.01.28-17.01.43:122][789]LogModuleManager: Shutting down and abandoning module AndroidPermission (330)
[2018.01.28-17.01.43:122][789]LogModuleManager: Shutting down and abandoning module ActorSequence (326)
[2018.01.28-17.01.43:122][789]LogModuleManager: Shutting down and abandoning module MediaPlayerEditor (324)
[2018.01.28-17.01.43:122][789]LogModuleManager: Shutting down and abandoning module MediaCompositingEditor (322)
[2018.01.28-17.01.43:122][789]LogModuleManager: Shutting down and abandoning module MediaCompositing (320)
[2018.01.28-17.01.43:123][789]LogModuleManager: Shutting down and abandoning module HTML5Networking (318)
[2018.01.28-17.01.43:123][789]LogModuleManager: Shutting down and abandoning module AlembicImporter (316)
[2018.01.28-17.01.43:123][789]LogModuleManager: Shutting down and abandoning module AlembicLibrary (315)
[2018.01.28-17.01.43:123][789]LogModuleManager: Shutting down and abandoning module GeometryCache (314)
[2018.01.28-17.01.43:123][789]LogModuleManager: Shutting down and abandoning module GeometryCacheEd (313)
[2018.01.28-17.01.43:123][789]LogModuleManager: Shutting down and abandoning module SpeedTreeImporter (308)
[2018.01.28-17.01.43:123][789]LogModuleManager: Shutting down and abandoning module PluginBrowser (306)
[2018.01.28-17.01.43:123][789]LogModuleManager: Shutting down and abandoning module MobileLauncherProfileWizard (304)
[2018.01.28-17.01.43:123][789]LogModuleManager: Shutting down and abandoning module VisualStudioSourceCodeAccess (302)
[2018.01.28-17.01.43:123][789]LogModuleManager: Shutting down and abandoning module VisualStudioCodeSourceCodeAccess (300)
[2018.01.28-17.01.43:123][789]LogModuleManager: Shutting down and abandoning module UObjectPlugin (298)
[2018.01.28-17.01.43:123][789]LogModuleManager: Shutting down and abandoning module SubversionSourceControl (296)
[2018.01.28-17.01.43:124][789]LogModuleManager: Shutting down and abandoning module PerforceSourceControl (294)
[2018.01.28-17.01.43:124][789]LogModuleManager: Shutting down and abandoning module GitSourceControl (292)
[2018.01.28-17.01.43:124][789]LogModuleManager: Shutting down and abandoning module SourceControl (291)
[2018.01.28-17.01.43:124][789]LogModuleManager: Shutting down and abandoning module LightPropagationVolumeEditor (288)
[2018.01.28-17.01.43:124][789]LogModuleManager: Shutting down and abandoning module PaperTiledImporter (286)
[2018.01.28-17.01.43:124][789]LogModuleManager: Shutting down and abandoning module PaperSpriteSheetImporter (284)
[2018.01.28-17.01.43:124][789]LogModuleManager: Shutting down and abandoning module Paper2DEditor (282)
[2018.01.28-17.01.43:124][789]LogModuleManager: Shutting down and abandoning module MeshPaint (281)
[2018.01.28-17.01.43:124][789]LogModuleManager: Shutting down and abandoning module LevelEditor (279)
[2018.01.28-17.01.43:125][789]LogModuleManager: Shutting down and abandoning module PixelInspectorModule (278)
[2018.01.28-17.01.43:125][789]LogModuleManager: Shutting down and abandoning module MainFrame (276)
[2018.01.28-17.01.43:125][789]LogModuleManager: Shutting down and abandoning module HotReload (275)
[2018.01.28-17.01.43:125][789]LogModuleManager: Shutting down and abandoning module RuntimePhysXCooking (270)
[2018.01.28-17.01.43:125][789]LogModuleManager: Shutting down and abandoning module PhysXVehiclesEditor (268)
[2018.01.28-17.01.43:125][789]LogModuleManager: Shutting down and abandoning module PhysXVehicles (266)
[2018.01.28-17.01.43:125][789]LogModuleManager: Shutting down and abandoning module OculusEditor (264)
[2018.01.28-17.01.43:125][789]LogModuleManager: Shutting down and abandoning module LocationServicesBPLibrary (262)
[2018.01.28-17.01.43:125][789]LogModuleManager: Shutting down and abandoning module ImmediatePhysicsEditor (260)
[2018.01.28-17.01.43:125][789]LogModuleManager: Shutting down and abandoning module ImmediatePhysics (258)
[2018.01.28-17.01.43:125][789]LogModuleManager: Shutting down and abandoning module UdpMessaging (256)
[2018.01.28-17.01.43:226][789]LogModuleManager: Shutting down and abandoning module TcpMessaging (254)
[2018.01.28-17.01.43:327][789]LogModuleManager: Shutting down and abandoning module DonAINavigation (252)
[2018.01.28-17.01.43:327][789]LogModuleManager: Shutting down and abandoning module GameplayTagsEditor (250)
[2018.01.28-17.01.43:327][789]LogModuleManager: Shutting down and abandoning module FacialAnimationEditor (248)
[2018.01.28-17.01.43:327][789]LogModuleManager: Shutting down and abandoning module FacialAnimation (246)
[2018.01.28-17.01.43:327][789]LogModuleManager: Shutting down and abandoning module AssetManagerEditor (244)
[2018.01.28-17.01.43:327][789]LogModuleManager: Shutting down and abandoning module GraphEditor (243)
[2018.01.28-17.01.43:327][789]LogModuleManager: Shutting down and abandoning module ContentBrowser (241)
[2018.01.28-17.01.43:328][789]LogModuleManager: Shutting down and abandoning module LightPropagationVolumeRuntime (238)
[2018.01.28-17.01.43:328][789]LogModuleManager: Shutting down and abandoning module Paper2D (236)
[2018.01.28-17.01.43:328][789]LogModuleManager: Shutting down and abandoning module WindowsMoviePlayer (234)
[2018.01.28-17.01.43:328][789]LogModuleManager: Shutting down and abandoning module WmfMedia (232)
[2018.01.28-17.01.43:330][789]LogModuleManager: Shutting down and abandoning module ImgMedia (230)
[2018.01.28-17.01.43:330][789]LogModuleManager: Shutting down and abandoning module PacketHandler (228)
[2018.01.28-17.01.43:330][789]LogModuleManager: Shutting down and abandoning module ClothingSystemEditor (226)
[2018.01.28-17.01.43:330][789]LogModuleManager: Shutting down and abandoning module ClothingSystemRuntime (224)
[2018.01.28-17.01.43:330][789]LogModuleManager: Shutting down and abandoning module MediaAssets (222)
[2018.01.28-17.01.43:330][789]LogModuleManager: Shutting down and abandoning module Media (221)
[2018.01.28-17.01.43:336][789]LogModuleManager: Shutting down and abandoning module Overlay (218)
[2018.01.28-17.01.43:336][789]LogModuleManager: Shutting down and abandoning module OverlayEditor (217)
[2018.01.28-17.01.43:336][789]LogModuleManager: Shutting down and abandoning module VREditor (214)
[2018.01.28-17.01.43:336][789]LogModuleManager: Shutting down and abandoning module StringTableEditor (212)
[2018.01.28-17.01.43:336][789]LogModuleManager: Shutting down and abandoning module GameplayTasksEditor (210)
[2018.01.28-17.01.43:336][789]LogModuleManager: Shutting down and abandoning module BehaviorTreeEditor (208)
[2018.01.28-17.01.43:336][789]LogModuleManager: Shutting down and abandoning module FunctionalTesting (206)
[2018.01.28-17.01.43:336][789]LogModuleManager: Shutting down and abandoning module CollisionAnalyzer (204)
[2018.01.28-17.01.43:336][789]LogModuleManager: Shutting down and abandoning module WorkspaceMenuStructure (203)
[2018.01.28-17.01.43:336][789]LogModuleManager: Shutting down and abandoning module UMG (200)
[2018.01.28-17.01.43:336][789]LogModuleManager: Shutting down and abandoning module UMGEditor (199)
[2018.01.28-17.01.43:336][789]LogModuleManager: Shutting down and abandoning module Sequencer (198)
[2018.01.28-17.01.43:337][789]LogModuleManager: Shutting down and abandoning module MessageLog (195)
[2018.01.28-17.01.43:337][789]LogModuleManager: Shutting down and abandoning module SlateReflector (190)
[2018.01.28-17.01.43:337][789]LogModuleManager: Shutting down and abandoning module Slate (188)
[2018.01.28-17.01.43:337][789]LogModuleManager: Shutting down and abandoning module EditorStyle (186)
[2018.01.28-17.01.43:338][789]LogModuleManager: Shutting down and abandoning module MRMesh (184)
[2018.01.28-17.01.43:338][789]LogModuleManager: Shutting down and abandoning module SourceCodeAccess (182)
[2018.01.28-17.01.43:338][789]LogModuleManager: Shutting down and abandoning module HeadMountedDisplay (180)
[2018.01.28-17.01.43:338][789]LogModuleManager: Shutting down and abandoning module XAudio2 (178)
[2018.01.28-17.01.43:338][789]LogModuleManager: Shutting down and abandoning module Networking (176)
[2018.01.28-17.01.43:338][789]LogModuleManager: Shutting down and abandoning module Core (172)
[2018.01.28-17.01.43:338][789]LogModuleManager: Shutting down and abandoning module LevelSequence (168)
[2018.01.28-17.01.43:338][789]LogModuleManager: Shutting down and abandoning module DirectoryWatcher (166)
[2018.01.28-17.01.43:339][789]LogModuleManager: Shutting down and abandoning module KismetCompiler (164)
[2018.01.28-17.01.43:339][789]LogModuleManager: Shutting down and abandoning module MeshUtilities (162)
[2018.01.28-17.01.43:340][789]LogModuleManager: Shutting down and abandoning module MeshMergeUtilities (161)
[2018.01.28-17.01.43:340][789]LogModuleManager: Shutting down and abandoning module MeshReductionInterface (160)
[2018.01.28-17.01.43:341][789]LogModuleManager: Shutting down and abandoning module SimplygonSwarm (159)
[2018.01.28-17.01.43:341][789]LogModuleManager: Shutting down and abandoning module SimplygonMeshReduction (157)
[2018.01.28-17.01.43:341][789]LogModuleManager: Shutting down and abandoning module QuadricMeshReduction (155)
[2018.01.28-17.01.43:341][789]LogModuleManager: Shutting down and abandoning module MaterialBaking (151)
[2018.01.28-17.01.43:341][789]LogModuleManager: Shutting down and abandoning module DerivedDataCache (148)
[2018.01.28-17.01.43:438][789]LogDerivedDataCache: Shutdown
[2018.01.28-17.01.43:438][789]LogModuleManager: Shutting down and abandoning module TargetPlatform (146)
[2018.01.28-17.01.43:438][789]LogModuleManager: Shutting down and abandoning module VulkanShaderFormat (145)
[2018.01.28-17.01.43:438][789]LogModuleManager: Shutting down and abandoning module ShaderFormatVectorVM (143)
[2018.01.28-17.01.43:438][789]LogModuleManager: Shutting down and abandoning module ShaderFormatOpenGL (141)
[2018.01.28-17.01.43:438][789]LogModuleManager: Shutting down and abandoning module ShaderFormatD3D (139)
[2018.01.28-17.01.43:438][789]LogModuleManager: Shutting down and abandoning module MetalShaderFormat (137)
[2018.01.28-17.01.43:438][789]LogModuleManager: Shutting down and abandoning module TextureFormatUncompressed (135)
[2018.01.28-17.01.43:438][789]LogModuleManager: Shutting down and abandoning module TextureFormatPVR (133)
[2018.01.28-17.01.43:438][789]LogModuleManager: Shutting down and abandoning module TextureFormatDXT (131)
[2018.01.28-17.01.43:438][789]LogModuleManager: Shutting down and abandoning module TextureFormatIntelISPCTexComp (129)
[2018.01.28-17.01.43:438][789]LogModuleManager: Shutting down and abandoning module TextureFormatASTC (127)
[2018.01.28-17.01.43:438][789]LogModuleManager: Shutting down and abandoning module ImageWrapper (126)
[2018.01.28-17.01.43:438][789]LogModuleManager: Shutting down and abandoning module TextureFormatAndroid (123)
[2018.01.28-17.01.43:438][789]LogModuleManager: Shutting down and abandoning module AudioFormatOpus (121)
[2018.01.28-17.01.43:438][789]LogModuleManager: Shutting down and abandoning module AudioFormatOgg (119)
[2018.01.28-17.01.43:438][789]LogModuleManager: Shutting down and abandoning module AudioFormatADPCM (117)
[2018.01.28-17.01.43:439][789]LogModuleManager: Shutting down and abandoning module LinuxTargetPlatform (115)
[2018.01.28-17.01.43:439][789]LogModuleManager: Shutting down and abandoning module LinuxServerTargetPlatform (113)
[2018.01.28-17.01.43:439][789]LogModuleManager: Shutting down and abandoning module LinuxNoEditorTargetPlatform (111)
[2018.01.28-17.01.43:439][789]LogModuleManager: Shutting down and abandoning module LinuxClientTargetPlatform (109)
[2018.01.28-17.01.43:439][789]LogModuleManager: Shutting down and abandoning module TVOSTargetPlatform (107)
[2018.01.28-17.01.43:439][789]LogModuleManager: Shutting down and abandoning module Messaging (105)
[2018.01.28-17.01.43:439][789]LogModuleManager: Shutting down and abandoning module IOSTargetPlatform (103)
[2018.01.28-17.01.43:439][789]LogModuleManager: Shutting down and abandoning module HTML5TargetPlatform (101)
[2018.01.28-17.01.43:439][789]LogModuleManager: Shutting down and abandoning module AndroidTargetPlatform (99)
[2018.01.28-17.01.43:439][789]LogModuleManager: Shutting down and abandoning module Android_PVRTCTargetPlatform (97)
[2018.01.28-17.01.43:439][789]LogModuleManager: Shutting down and abandoning module Android_MultiTargetPlatform (95)
[2018.01.28-17.01.43:439][789]LogModuleManager: Shutting down and abandoning module Android_ETC2TargetPlatform (93)
[2018.01.28-17.01.43:439][789]LogModuleManager: Shutting down and abandoning module Android_ETC1TargetPlatform (91)
[2018.01.28-17.01.43:439][789]LogModuleManager: Shutting down and abandoning module Android_DXTTargetPlatform (89)
[2018.01.28-17.01.43:439][789]LogModuleManager: Shutting down and abandoning module Android_ATCTargetPlatform (87)
[2018.01.28-17.01.43:439][789]LogModuleManager: Shutting down and abandoning module Android_ASTCTargetPlatform (85)
[2018.01.28-17.01.43:439][789]LogModuleManager: Shutting down and abandoning module WindowsTargetPlatform (83)
[2018.01.28-17.01.43:439][789]LogModuleManager: Shutting down and abandoning module WindowsServerTargetPlatform (81)
[2018.01.28-17.01.43:439][789]LogModuleManager: Shutting down and abandoning module WindowsNoEditorTargetPlatform (79)
[2018.01.28-17.01.43:439][789]LogModuleManager: Shutting down and abandoning module WindowsClientTargetPlatform (77)
[2018.01.28-17.01.43:439][789]LogModuleManager: Shutting down and abandoning module MacTargetPlatform (75)
[2018.01.28-17.01.43:439][789]LogModuleManager: Shutting down and abandoning module MacServerTargetPlatform (73)
[2018.01.28-17.01.43:439][789]LogModuleManager: Shutting down and abandoning module MacNoEditorTargetPlatform (71)
[2018.01.28-17.01.43:439][789]LogModuleManager: Shutting down and abandoning module MacClientTargetPlatform (69)
[2018.01.28-17.01.43:439][789]LogModuleManager: Shutting down and abandoning module AllDesktopTargetPlatform (67)
[2018.01.28-17.01.43:439][789]LogModuleManager: Shutting down and abandoning module InputCore (64)
[2018.01.28-17.01.43:439][789]LogModuleManager: Shutting down and abandoning module Settings (62)
[2018.01.28-17.01.43:439][789]LogModuleManager: Shutting down and abandoning module PhysXCooking (60)
[2018.01.28-17.01.43:439][789]LogModuleManager: Shutting down and abandoning module SteamVR (58)
[2018.01.28-17.01.43:439][789]LogModuleManager: Shutting down and abandoning module OculusHMD (56)
[2018.01.28-17.01.43:439][789]LogModuleManager: Shutting down and abandoning module ExampleDeviceProfileSelector (54)
[2018.01.28-17.01.43:439][789]LogModuleManager: Shutting down and abandoning module AppleARKit (52)
[2018.01.28-17.01.43:439][789]LogModuleManager: Shutting down and abandoning module AugmentedReality (51)
[2018.01.28-17.01.43:439][789]LogModuleManager: Shutting down and abandoning module OnlineBlueprintSupport (48)
[2018.01.28-17.01.43:439][789]LogModuleManager: Shutting down and abandoning module OnlineSubsystem (44)
[2018.01.28-17.01.43:439][789]LogModuleManager: Shutting down and abandoning module XMPP (43)
[2018.01.28-17.01.43:439][789]LogModuleManager: Shutting down and abandoning module HTTP (41)
[2018.01.28-17.01.43:439][789]LogHttp: Display: Http module shutting down, but needs to wait on 1 outstanding Http requests:
[2018.01.28-17.01.43:439][789]LogHttp: Display: 	verb=[POST] url=[https://datarouter.ol.epicgames.com/datarouter/api/v1/public/data?SessionID=%7BB09386CE-46B2-4513-B49C-77A8C2606EB6%7D&AppID=UEEditor.Rocket.Release&AppVersion=4.18.3-3832480%2B%2B%2BUE4%2BRelease-4.18&UserID=0e04bd4f48fecabe4cea6d8101bbf8db%7Cdaa72e32e1694839bba7e95c0192eea5%7C05c00e48-732b-4337-b244-66268eba4533&AppEnvironment=datacollector-binary&UploadType=eteventstream] status=Processing
[2018.01.28-17.01.43:456][789]LogModuleManager: Shutting down and abandoning module SSL (40)
[2018.01.28-17.01.43:457][789]LogModuleManager: Shutting down and abandoning module AnimationModifiers (36)
[2018.01.28-17.01.43:457][789]LogModuleManager: Shutting down and abandoning module PropertyEditor (35)
[2018.01.28-17.01.43:457][789]LogModuleManager: Shutting down and abandoning module AudioEditor (32)
[2018.01.28-17.01.43:457][789]LogModuleManager: Shutting down and abandoning module TextureCompressor (30)
[2018.01.28-17.01.43:458][789]LogModuleManager: Shutting down and abandoning module ShaderCore (28)
[2018.01.28-17.01.43:458][789]LogModuleManager: Shutting down and abandoning module Landscape (26)
[2018.01.28-17.01.43:458][789]LogModuleManager: Shutting down and abandoning module SlateRHIRenderer (24)
[2018.01.28-17.01.43:458][789]LogModuleManager: Shutting down and abandoning module OpenGLDrv (22)
[2018.01.28-17.01.43:459][789]LogModuleManager: Shutting down and abandoning module D3D11RHI (20)
[2018.01.28-17.01.43:459][789]LogModuleManager: Shutting down and abandoning module AnimGraphRuntime (18)
[2018.01.28-17.01.43:459][789]LogModuleManager: Shutting down and abandoning module Renderer (16)
[2018.01.28-17.01.43:459][789]LogModuleManager: Shutting down and abandoning module Engine (14)
[2018.01.28-17.01.43:459][789]LogModuleManager: Shutting down and abandoning module CoreUObject (12)
[2018.01.28-17.01.43:459][789]LogModuleManager: Shutting down and abandoning module NetworkFile (10)
[2018.01.28-17.01.43:459][789]LogModuleManager: Shutting down and abandoning module CookedIterativeFile (8)
[2018.01.28-17.01.43:459][789]LogModuleManager: Shutting down and abandoning module StreamingFile (6)
[2018.01.28-17.01.43:459][789]LogModuleManager: Shutting down and abandoning module SandboxFile (4)
[2018.01.28-17.01.43:459][789]LogModuleManager: Shutting down and abandoning module PakFile (2)
[2018.01.28-17.01.43:463][789]LogExit: Exiting.
[2018.01.28-17.01.43:475][789]Log file closed, 01/28/18 18:01:43
