Log file open, 01/25/18 09:24:39
LogWindows: Failed to load 'aqProf.dll' (GetLastError=126)
LogWindows: File 'aqProf.dll' does not exist
LogWindows: Failed to load 'VSPerf140.dll' (GetLastError=126)
LogWindows: File 'VSPerf140.dll' does not exist
LogWindows: Failed to load 'VtuneApi.dll' (GetLastError=126)
LogWindows: File 'VtuneApi.dll' does not exist
LogWindows: Failed to load 'VtuneApi32e.dll' (GetLastError=126)
LogWindows: File 'VtuneApi32e.dll' does not exist
LogInit: Display: Running engine for game: TribalTurtlesProject
LogPlatformFile: Not using cached read wrapper
LogInit: Display: RandInit(2035537481) SRandInit(2035537481).
LogInit: Read version file with build ID '3709383'
LogInit: Overriding engine version to CL 3832480, compatible CL 3709383
LogInit: Registered custom module enumerator with build ID '3709383'
LogTaskGraph: Started task graph with 5 named threads and 8 total threads with 3 sets of task threads.
LogStats: Stats thread started at 0.131999
LogD3D11RHI: Aftermath initialized
LogModuleManager: Display: Found up-to-date module file ../../../Engine/Plugins/2D/Paper2D/Binaries/Win64/UE4Editor-Paper2D.dll (API version 3709383).
LogModuleManager: Display: Found up-to-date module file ../../../Engine/Plugins/2D/Paper2D/Binaries/Win64/UE4Editor-Paper2DEditor.dll (API version 3709383).
LogModuleManager: Display: Found up-to-date module file ../../../Engine/Plugins/2D/Paper2D/Binaries/Win64/UE4Editor-PaperSpriteSheetImporter.dll (API version 3709383).
LogModuleManager: Display: Found up-to-date module file ../../../Engine/Plugins/2D/Paper2D/Binaries/Win64/UE4Editor-PaperTiledImporter.dll (API version 3709383).
LogModuleManager: Display: Found up-to-date module file ../../../Engine/Plugins/2D/Paper2D/Binaries/Win64/UE4Editor-SmartSnapping.dll (API version 3709383).
LogModuleManager: Display: Found up-to-date module file ../../../Engine/Plugins/Blendables/LightPropagationVolume/Binaries/Win64/UE4Editor-LightPropagationVolumeRuntime.dll (API version 3709383).
LogModuleManager: Display: Found up-to-date module file ../../../Engine/Plugins/Blendables/LightPropagationVolume/Binaries/Win64/UE4Editor-LightPropagationVolumeEditor.dll (API version 3709383).
LogModuleManager: Display: Found up-to-date module file ../../../Engine/Plugins/Developer/GitSourceControl/Binaries/Win64/UE4Editor-GitSourceControl.dll (API version 3709383).
LogModuleManager: Display: Found up-to-date module file ../../../Engine/Plugins/Developer/PerforceSourceControl/Binaries/Win64/UE4Editor-PerforceSourceControl.dll (API version 3709383).
LogModuleManager: Display: Found up-to-date module file ../../../Engine/Plugins/Developer/SubversionSourceControl/Binaries/Win64/UE4Editor-SubversionSourceControl.dll (API version 3709383).
LogModuleManager: Display: Found up-to-date module file ../../../Engine/Plugins/Developer/UObjectPlugin/Binaries/Win64/UE4Editor-UObjectPlugin.dll (API version 3709383).
LogModuleManager: Display: Found up-to-date module file ../../../Engine/Plugins/Developer/VisualStudioCodeSourceCodeAccess/Binaries/Win64/UE4Editor-VisualStudioCodeSourceCodeAccess.dll (API version 3709383).
LogModuleManager: Display: Found up-to-date module file ../../../Engine/Plugins/Developer/VisualStudioSourceCodeAccess/Binaries/Win64/UE4Editor-VisualStudioSourceCodeAccess.dll (API version 3709383).
LogModuleManager: Display: Found up-to-date module file ../../../Engine/Plugins/Editor/AssetManagerEditor/Binaries/Win64/UE4Editor-AssetManagerEditor.dll (API version 3709383).
LogModuleManager: Display: Found up-to-date module file ../../../Engine/Plugins/Editor/AudioCapture/Binaries/Win64/UE4Editor-AudioCapture.dll (API version 3709383).
LogModuleManager: Display: Found up-to-date module file ../../../Engine/Plugins/Editor/FacialAnimation/Binaries/Win64/UE4Editor-FacialAnimation.dll (API version 3709383).
LogModuleManager: Display: Found up-to-date module file ../../../Engine/Plugins/Editor/FacialAnimation/Binaries/Win64/UE4Editor-FacialAnimationEditor.dll (API version 3709383).
LogModuleManager: Display: Found up-to-date module file ../../../Engine/Plugins/Editor/GameplayTagsEditor/Binaries/Win64/UE4Editor-GameplayTagsEditor.dll (API version 3709383).
LogModuleManager: Display: Found up-to-date module file ../../../Engine/Plugins/Editor/MobileLauncherProfileWizard/Binaries/Win64/UE4Editor-MobileLauncherProfileWizard.dll (API version 3709383).
LogModuleManager: Display: Found up-to-date module file ../../../Engine/Plugins/Editor/PluginBrowser/Binaries/Win64/UE4Editor-PluginBrowser.dll (API version 3709383).
LogModuleManager: Display: Found up-to-date module file ../../../Engine/Plugins/Editor/SpeedTreeImporter/Binaries/Win64/UE4Editor-SpeedTreeImporter.dll (API version 3709383).
LogModuleManager: Display: Found up-to-date module file ../../../Engine/Plugins/Experimental/AlembicImporter/Binaries/Win64/UE4Editor-AlembicImporter.dll (API version 3709383).
LogModuleManager: Display: Found up-to-date module file ../../../Engine/Plugins/Experimental/AlembicImporter/Binaries/Win64/UE4Editor-AlembicLibrary.dll (API version 3709383).
LogModuleManager: Display: Found up-to-date module file ../../../Engine/Plugins/Experimental/CharacterAI/Binaries/Win64/UE4Editor-CharacterAI.dll (API version 3709383).
LogModuleManager: Display: Found up-to-date module file ../../../Engine/Plugins/Experimental/HTML5Networking/Binaries/Win64/UE4Editor-HTML5Networking.dll (API version 3709383).
LogModuleManager: Display: Found up-to-date module file ../../../Engine/Plugins/Media/AndroidMedia/Binaries/Win64/UE4Editor-AndroidMediaEditor.dll (API version 3709383).
LogModuleManager: Display: Found up-to-date module file ../../../Engine/Plugins/Media/AndroidMedia/Binaries/Win64/UE4Editor-AndroidMediaFactory.dll (API version 3709383).
LogModuleManager: Display: Found up-to-date module file ../../../Engine/Plugins/Media/AvfMedia/Binaries/Win64/UE4Editor-AvfMediaEditor.dll (API version 3709383).
LogModuleManager: Display: Found up-to-date module file ../../../Engine/Plugins/Media/AvfMedia/Binaries/Win64/UE4Editor-AvfMediaFactory.dll (API version 3709383).
LogModuleManager: Display: Found up-to-date module file ../../../Engine/Plugins/Media/AvfMedia/Binaries/Win64/UE4Editor-AvfMediaFactory.dll (API version 3709383).
LogModuleManager: Display: Found up-to-date module file ../../../Engine/Plugins/Media/ImgMedia/Binaries/Win64/UE4Editor-ImgMedia.dll (API version 3709383).
LogModuleManager: Display: Found up-to-date module file ../../../Engine/Plugins/Media/ImgMedia/Binaries/Win64/UE4Editor-ImgMediaEditor.dll (API version 3709383).
LogModuleManager: Display: Found up-to-date module file ../../../Engine/Plugins/Media/ImgMedia/Binaries/Win64/UE4Editor-ImgMediaFactory.dll (API version 3709383).
LogModuleManager: Display: Found up-to-date module file ../../../Engine/Plugins/Media/ImgMedia/Binaries/Win64/UE4Editor-ImgMediaFactory.dll (API version 3709383).
LogModuleManager: Display: Found up-to-date module file ../../../Engine/Plugins/Media/ImgMedia/Binaries/Win64/UE4Editor-OpenExrWrapper.dll (API version 3709383).
LogModuleManager: Display: Found up-to-date module file ../../../Engine/Plugins/Media/MediaCompositing/Binaries/Win64/UE4Editor-MediaCompositing.dll (API version 3709383).
LogModuleManager: Display: Found up-to-date module file ../../../Engine/Plugins/Media/MediaCompositing/Binaries/Win64/UE4Editor-MediaCompositingEditor.dll (API version 3709383).
LogModuleManager: Display: Found up-to-date module file ../../../Engine/Plugins/Media/MediaPlayerEditor/Binaries/Win64/UE4Editor-MediaPlayerEditor.dll (API version 3709383).
LogModuleManager: Display: Found up-to-date module file ../../../Engine/Plugins/Media/WmfMedia/Binaries/Win64/UE4Editor-WmfMedia.dll (API version 3709383).
LogModuleManager: Display: Found up-to-date module file ../../../Engine/Plugins/Media/WmfMedia/Binaries/Win64/UE4Editor-WmfMediaEditor.dll (API version 3709383).
LogModuleManager: Display: Found up-to-date module file ../../../Engine/Plugins/Media/WmfMedia/Binaries/Win64/UE4Editor-WmfMediaFactory.dll (API version 3709383).
LogModuleManager: Display: Found up-to-date module file ../../../Engine/Plugins/Media/WmfMedia/Binaries/Win64/UE4Editor-WmfMediaFactory.dll (API version 3709383).
LogModuleManager: Display: Found up-to-date module file ../../../Engine/Plugins/Messaging/TcpMessaging/Binaries/Win64/UE4Editor-TcpMessaging.dll (API version 3709383).
LogModuleManager: Display: Found up-to-date module file ../../../Engine/Plugins/Messaging/UdpMessaging/Binaries/Win64/UE4Editor-UdpMessaging.dll (API version 3709383).
LogModuleManager: Display: Found up-to-date module file ../../../Engine/Plugins/MovieScene/ActorSequence/Binaries/Win64/UE4Editor-ActorSequence.dll (API version 3709383).
LogModuleManager: Display: Found up-to-date module file ../../../Engine/Plugins/MovieScene/LevelSequenceEditor/Binaries/Win64/UE4Editor-LevelSequenceEditor.dll (API version 3709383).
LogModuleManager: Display: Found up-to-date module file ../../../Engine/Plugins/MovieScene/MatineeToLevelSequence/Binaries/Win64/UE4Editor-MatineeToLevelSequence.dll (API version 3709383).
LogModuleManager: Display: Found up-to-date module file ../../../Engine/Plugins/Online/OnlineSubsystem/Binaries/Win64/UE4Editor-OnlineSubsystem.dll (API version 3709383).
LogModuleManager: Display: Found up-to-date module file ../../../Engine/Plugins/Runtime/AndroidPermission/Binaries/Win64/UE4Editor-AndroidPermission.dll (API version 3709383).
LogModuleManager: Display: Found up-to-date module file ../../../Engine/Plugins/Online/OnlineSubsystemNull/Binaries/Win64/UE4Editor-OnlineSubsystemNull.dll (API version 3709383).
LogModuleManager: Display: Found up-to-date module file ../../../Engine/Plugins/Online/OnlineSubsystemUtils/Binaries/Win64/UE4Editor-OnlineSubsystemUtils.dll (API version 3709383).
LogModuleManager: Display: Found up-to-date module file ../../../Engine/Plugins/Online/OnlineSubsystemUtils/Binaries/Win64/UE4Editor-OnlineBlueprintSupport.dll (API version 3709383).
LogModuleManager: Display: Found up-to-date module file ../../../Engine/Plugins/Runtime/AndroidDeviceProfileSelector/Binaries/Win64/UE4Editor-AndroidDeviceProfileSelector.dll (API version 3709383).
LogModuleManager: Display: Found up-to-date module file ../../../Engine/Plugins/Runtime/AppleARKit/Binaries/Win64/UE4Editor-AppleARKit.dll (API version 3709383).
LogModuleManager: Display: Found up-to-date module file ../../../Engine/Plugins/Runtime/ArchVisCharacter/Binaries/Win64/UE4Editor-ArchVisCharacter.dll (API version 3709383).
LogModuleManager: Display: Found up-to-date module file ../../../Engine/Plugins/Runtime/CableComponent/Binaries/Win64/UE4Editor-CableComponent.dll (API version 3709383).
LogModuleManager: Display: Found up-to-date module file ../../../Engine/Plugins/Runtime/CustomMeshComponent/Binaries/Win64/UE4Editor-CustomMeshComponent.dll (API version 3709383).
LogModuleManager: Display: Found up-to-date module file ../../../Engine/Plugins/Runtime/ExampleDeviceProfileSelector/Binaries/Win64/UE4Editor-ExampleDeviceProfileSelector.dll (API version 3709383).
LogModuleManager: Display: Found up-to-date module file ../../../Engine/Plugins/Runtime/ImmediatePhysics/Binaries/Win64/UE4Editor-ImmediatePhysics.dll (API version 3709383).
LogModuleManager: Display: Found up-to-date module file ../../../Engine/Plugins/Runtime/ImmediatePhysics/Binaries/Win64/UE4Editor-ImmediatePhysicsEditor.dll (API version 3709383).
LogModuleManager: Display: Found up-to-date module file ../../../Engine/Plugins/Runtime/LocationServicesBPLibrary/Binaries/Win64/UE4Editor-LocationServicesBPLibrary.dll (API version 3709383).
LogModuleManager: Display: Found up-to-date module file ../../../Engine/Plugins/Runtime/MobilePatchingUtils/Binaries/Win64/UE4Editor-MobilePatchingUtils.dll (API version 3709383).
LogModuleManager: Display: Found up-to-date module file ../../../Engine/Plugins/Runtime/Oculus/OculusVR/Binaries/Win64/UE4Editor-OculusHMD.dll (API version 3709383).
LogModuleManager: Display: Found up-to-date module file ../../../Engine/Plugins/Runtime/Oculus/OculusVR/Binaries/Win64/UE4Editor-OculusInput.dll (API version 3709383).
LogModuleManager: Display: Found up-to-date module file ../../../Engine/Plugins/Runtime/Oculus/OculusVR/Binaries/Win64/UE4Editor-OculusEditor.dll (API version 3709383).
LogModuleManager: Display: Found up-to-date module file ../../../Engine/Plugins/Runtime/PhysXVehicles/Binaries/Win64/UE4Editor-PhysXVehicles.dll (API version 3709383).
LogModuleManager: Display: Found up-to-date module file ../../../Engine/Plugins/Runtime/PhysXVehicles/Binaries/Win64/UE4Editor-PhysXVehiclesEditor.dll (API version 3709383).
LogModuleManager: Display: Found up-to-date module file ../../../Engine/Plugins/Runtime/ProceduralMeshComponent/Binaries/Win64/UE4Editor-ProceduralMeshComponent.dll (API version 3709383).
LogModuleManager: Display: Found up-to-date module file ../../../Engine/Plugins/Runtime/ProceduralMeshComponent/Binaries/Win64/UE4Editor-ProceduralMeshComponentEditor.dll (API version 3709383).
LogModuleManager: Display: Found up-to-date module file ../../../Engine/Plugins/Runtime/RuntimePhysXCooking/Binaries/Win64/UE4Editor-RuntimePhysXCooking.dll (API version 3709383).
LogModuleManager: Display: Found up-to-date module file ../../../Engine/Plugins/Runtime/Steam/SteamVR/Binaries/Win64/UE4Editor-SteamVR.dll (API version 3709383).
LogModuleManager: Display: Found up-to-date module file ../../../Engine/Plugins/Runtime/Steam/SteamVR/Binaries/Win64/UE4Editor-SteamVRController.dll (API version 3709383).
LogModuleManager: Display: Found up-to-date module file ../../../Engine/Plugins/Runtime/WindowsMoviePlayer/Binaries/Win64/UE4Editor-WindowsMoviePlayer.dll (API version 3709383).
LogPluginManager: Mounting plugin Paper2D
LogPluginManager: Mounting plugin LightPropagationVolume
LogPluginManager: Mounting plugin CodeLiteSourceCodeAccess
LogPluginManager: Mounting plugin GitSourceControl
LogPluginManager: Mounting plugin KDevelopSourceCodeAccess
LogPluginManager: Mounting plugin NullSourceCodeAccess
LogPluginManager: Mounting plugin PerforceSourceControl
LogPluginManager: Mounting plugin SubversionSourceControl
LogPluginManager: Mounting plugin UObjectPlugin
LogPluginManager: Mounting plugin VisualStudioCodeSourceCodeAccess
LogPluginManager: Mounting plugin VisualStudioSourceCodeAccess
LogPluginManager: Mounting plugin XCodeSourceCodeAccess
LogPluginManager: Mounting plugin AssetManagerEditor
LogPluginManager: Mounting plugin AudioCapture
LogPluginManager: Mounting plugin FacialAnimation
LogPluginManager: Mounting plugin GameplayTagsEditor
LogPluginManager: Mounting plugin MobileLauncherProfileWizard
LogPluginManager: Mounting plugin PluginBrowser
LogPluginManager: Mounting plugin SpeedTreeImporter
LogPluginManager: Mounting plugin AlembicImporter
LogPluginManager: Mounting plugin CharacterAI
LogPluginManager: Mounting plugin HTML5Networking
LogPluginManager: Mounting plugin AndroidMedia
LogPluginManager: Mounting plugin AvfMedia
LogPluginManager: Mounting plugin ImgMedia
LogPluginManager: Mounting plugin MediaCompositing
LogPluginManager: Mounting plugin MediaPlayerEditor
LogPluginManager: Mounting plugin WmfMedia
LogPluginManager: Mounting plugin TcpMessaging
LogPluginManager: Mounting plugin UdpMessaging
LogPluginManager: Mounting plugin ActorSequence
LogPluginManager: Mounting plugin LevelSequenceEditor
LogPluginManager: Mounting plugin MatineeToLevelSequence
LogPluginManager: Mounting plugin OnlineSubsystemGooglePlay
LogPluginManager: Mounting plugin OnlineSubsystemIOS
LogPluginManager: Mounting plugin OnlineSubsystem
LogPluginManager: Mounting plugin OnlineSubsystemNull
LogPluginManager: Mounting plugin OnlineSubsystemUtils
LogPluginManager: Mounting plugin AndroidDeviceProfileSelector
LogPluginManager: Mounting plugin AndroidMoviePlayer
LogPluginManager: Mounting plugin AndroidPermission
LogPluginManager: Mounting plugin AppleARKit
LogPluginManager: Mounting plugin AppleMoviePlayer
LogPluginManager: Mounting plugin ArchVisCharacter
LogPluginManager: Mounting plugin CableComponent
LogPluginManager: Mounting plugin CustomMeshComponent
LogPluginManager: Mounting plugin ExampleDeviceProfileSelector
LogPluginManager: Mounting plugin GoogleCloudMessaging
LogPluginManager: Mounting plugin ImmediatePhysics
LogPluginManager: Mounting plugin IOSDeviceProfileSelector
LogPluginManager: Mounting plugin LinuxDeviceProfileSelector
LogPluginManager: Mounting plugin LocationServicesBPLibrary
LogPluginManager: Mounting plugin MobilePatchingUtils
LogPluginManager: Mounting plugin OculusVR
LogPluginManager: Plugin shader directory ../../../Engine/Plugins/Runtime/Oculus/OculusVR/Shaders found
LogPluginManager: Mapping shader source directory ../../../Engine/Plugins/Runtime/Oculus/OculusVR/Shaders to virtual directory /Plugin/OculusVR
LogPluginManager: Mounting plugin PhysXVehicles
LogPluginManager: Mounting plugin ProceduralMeshComponent
LogPluginManager: Mounting plugin RuntimePhysXCooking
LogPluginManager: Mounting plugin SteamVR
LogPluginManager: Mounting plugin WindowsMoviePlayer
LogInit: Using libcurl 7.47.1
LogInit:  - built for x86_64-pc-win32
LogInit:  - supports SSL with OpenSSL/1.0.2g
LogInit:  - supports HTTP deflate (compression) using libz 1.2.8
LogInit:  - other features:
LogInit:      CURL_VERSION_SSL
LogInit:      CURL_VERSION_LIBZ
LogInit:      CURL_VERSION_IPV6
LogInit:      CURL_VERSION_ASYNCHDNS
LogInit:      CURL_VERSION_LARGEFILE
LogInit:      CURL_VERSION_IDN
LogInit:  CurlRequestOptions (configurable via config and command line):
LogInit:  - bVerifyPeer = false  - Libcurl will NOT verify peer certificate
LogInit:  - bUseHttpProxy = false  - Libcurl will NOT use HTTP proxy
LogInit:  - bDontReuseConnections = false  - Libcurl will reuse connections
LogInit:  - CertBundlePath = nullptr  - Libcurl will use whatever was configured at build time.
LogInit: Build: ++UE4+Release-4.18-CL-3832480
LogInit: Engine Version: 4.18.3-3832480+++UE4+Release-4.18
LogInit: Compatible Engine Version: 4.18.0-3709383+++UE4+Release-4.18
LogInit: Net CL: 3709383
LogDevObjectVersion: Number of dev versions registered: 16
LogDevObjectVersion:   Dev-Blueprints (B0D832E4-1F89-4F0D-ACCF-7EB736FD4AA2): 10
LogDevObjectVersion:   Dev-Build (E1C64328-A22C-4D53-A36C-8E866417BD8C): 0
LogDevObjectVersion:   Dev-Core (375EC13C-06E4-48FB-B500-84F0262A717E): 2
LogDevObjectVersion:   Dev-Editor (E4B068ED-F494-42E9-A231-DA0B2E46BB41): 20
LogDevObjectVersion:   Dev-Framework (CFFC743F-43B0-4480-9391-14DF171D2073): 30
LogDevObjectVersion:   Dev-Mobile (B02B49B5-BB20-44E9-A304-32B752E40360): 0
LogDevObjectVersion:   Dev-Networking (A4E4105C-59A1-49B5-A7C5-40C4547EDFEE): 0
LogDevObjectVersion:   Dev-Online (39C831C9-5AE6-47DC-9A44-9C173E1C8E7C): 0
LogDevObjectVersion:   Dev-Physics (78F01B33-EBEA-4F98-B9B4-84EACCB95AA2): 0
LogDevObjectVersion:   Dev-Platform (6631380F-2D4D-43E0-8009-CF276956A95A): 0
LogDevObjectVersion:   Dev-Rendering (12F88B9F-8875-4AFC-A67C-D90C383ABD29): 20
LogDevObjectVersion:   Dev-Sequencer (7B5AE74C-D270-4C10-A958-57980B212A5A): 4
LogDevObjectVersion:   Dev-VR (D7296918-1DD6-4BDD-9DE2-64A83CC13884): 0
LogDevObjectVersion:   Dev-LoadTimes (C2A15278-BFE7-4AFE-6C17-90FF531DF755): 1
LogDevObjectVersion:   Private-Geometry (6EACA3D4-40EC-4CC1-B786-8BED09428FC5): 1
LogDevObjectVersion:   Dev-AnimPhys (29E575DD-E0A3-4627-9D10-D276232CDCEA): 12
LogInit: Compiled (64-bit): Jan 12 2018 02:04:55
LogInit: Compiled with Visual C++: 19.00.24215.01
LogInit: Build Configuration: Development
LogInit: Branch Name: ++UE4+Release-4.18
LogInit: Command line:  
LogInit: Base directory: C:/Program Files/Epic Games/UE_4.18/Engine/Binaries/Win64/
LogInit: Installed Engine Build: 1
LogInit: Presizing for max 8388607 objects, including 0 objects not considered by GC, pre-allocating 0 bytes for permanent pool.
LogInit: Object subsystem initialized
[2018.01.25-08.24.41:499][  0]LogInit: Selected Device Profile: [Windows]
[2018.01.25-08.24.41:499][  0]LogInit: Applying CVar settings loaded from the selected device profile: [Windows]
[2018.01.25-08.24.41:513][  0]LogInit: Computer: LAPTOP-590P4A2Q
[2018.01.25-08.24.41:513][  0]LogInit: User: Luc
[2018.01.25-08.24.41:513][  0]LogInit: CPU Page size=4096, Cores=2
[2018.01.25-08.24.41:513][  0]LogInit: High frequency timer resolution =2.648440 MHz
[2018.01.25-08.24.41:514][  0]LogMemory: Memory total: Physical=7.9GB (8GB approx)
[2018.01.25-08.24.41:514][  0]LogMemory: Platform Memory Stats for Windows
[2018.01.25-08.24.41:514][  0]LogMemory: Process Physical Memory: 271.28 MB used, 271.28 MB peak
[2018.01.25-08.24.41:514][  0]LogMemory: Process Virtual Memory: 269.30 MB used, 269.30 MB peak
[2018.01.25-08.24.41:514][  0]LogMemory: Physical Memory: 4492.74 MB used,  3616.17 MB free, 8108.91 MB total
[2018.01.25-08.24.41:514][  0]LogMemory: Virtual Memory: 659.20 MB used,  3616.17 MB free, 134217728.00 MB total
[2018.01.25-08.24.41:867][  0]LogInit: Using OS detected language (nl-NL).
[2018.01.25-08.24.41:867][  0]LogInit: Using OS detected locale (nl-NL).
[2018.01.25-08.24.41:871][  0]LogTextLocalizationManager: No localization for 'nl-NL' exists, so 'en' will be used for the language.
[2018.01.25-08.24.41:872][  0]LogTextLocalizationManager: No localization for 'nl-NL' exists, so 'en' will be used for the locale.
[2018.01.25-08.24.42:401][  0]LogInit: Setting process to per monitor DPI aware
[2018.01.25-08.24.42:901][  0]LogD3D11RHI: D3D11 adapters:
[2018.01.25-08.24.42:909][  0]LogD3D11RHI:    0. 'Intel(R) HD Graphics 620' (Feature Level 11_0)
[2018.01.25-08.24.42:909][  0]LogD3D11RHI:       128/0/4054 MB DedicatedVideo/DedicatedSystem/SharedSystem, Outputs:1, VendorId:0x8086
[2018.01.25-08.24.43:494][  0]LogD3D11RHI:    1. 'Radeon(TM) 520' (Feature Level 11_0)
[2018.01.25-08.24.43:494][  0]LogD3D11RHI:       2039/0/4054 MB DedicatedVideo/DedicatedSystem/SharedSystem, Outputs:0, VendorId:0x1002
[2018.01.25-08.24.43:498][  0]LogD3D11RHI:    2. 'Microsoft Basic Render Driver' (Feature Level 11_0)
[2018.01.25-08.24.43:499][  0]LogD3D11RHI:       0/0/4054 MB DedicatedVideo/DedicatedSystem/SharedSystem, Outputs:0, VendorId:0x1414
[2018.01.25-08.24.43:499][  0]LogD3D11RHI: Chosen D3D11 Adapter: 1
[2018.01.25-08.24.43:506][  0]LogD3D11RHI: Creating new Direct3DDevice
[2018.01.25-08.24.43:506][  0]LogD3D11RHI:     GPU DeviceId: 0x6660 (for the marketing name, search the web for "GPU Device Id")
[2018.01.25-08.24.43:506][  0]LogWindows: EnumDisplayDevices:
[2018.01.25-08.24.43:507][  0]LogWindows:    0. 'Intel(R) HD Graphics 620' (P:1 D:1)
[2018.01.25-08.24.43:507][  0]LogWindows:    1. 'Intel(R) HD Graphics 620' (P:0 D:0)
[2018.01.25-08.24.43:507][  0]LogWindows:    2. 'Intel(R) HD Graphics 620' (P:0 D:0)
[2018.01.25-08.24.43:507][  0]LogWindows: DebugString: GetVideoDriverDetailsInvalid PrimaryIsNotTheChoosenAdapter GetVideoDriverDetailsInvalid PrimaryIsNotTheChoosenAdapter GetVideoDriverDetailsInvalid PrimaryIsNotTheChoosenAdapter FoundDriverCount:0 
[2018.01.25-08.24.43:507][  0]LogD3D11RHI:     Adapter Name: Radeon(TM) 520
[2018.01.25-08.24.43:507][  0]LogD3D11RHI:   Driver Version: Unknown (internal:Unknown, unified:Unknown)
[2018.01.25-08.24.43:507][  0]LogD3D11RHI:      Driver Date: Unknown
[2018.01.25-08.24.43:507][  0]LogRHI: Texture pool is 1427 MB (70% of 2039 MB)
[2018.01.25-08.24.43:553][  0]LogD3D11RHI: Async texture creation enabled
[2018.01.25-08.24.43:572][  0]LogD3D11RHI: GPU Timing Frequency: 27.000000 (Debug: 2 1)
[2018.01.25-08.24.43:575][  0]LogShaderCompilers: Guid format shader working directory is -31 characters bigger than the processId version (../../../../../../Users/Luc/Documents/Unreal Projects/TribalTurtlesProject/Intermediate/Shaders/WorkingDirectory/21052/).
[2018.01.25-08.24.43:575][  0]LogShaderCompilers: Cleaned the shader compiler working directory 'C:/Users/Luc/AppData/Local/Temp/UnrealShaderWorkingDir/163D23EF429D5DEEA0AD9083F13E833A/'.
[2018.01.25-08.24.43:576][  0]LogShaderCompilers: Display: Using Local Shader Compiler.
[2018.01.25-08.24.45:454][  0]LogTemp: Display: Loaded TP AllDesktopTargetPlatform
[2018.01.25-08.24.45:565][  0]LogTemp: Display: Loaded TP MacClientTargetPlatform
[2018.01.25-08.24.45:718][  0]LogTemp: Display: Loaded TP MacNoEditorTargetPlatform
[2018.01.25-08.24.45:799][  0]LogTemp: Display: Loaded TP MacServerTargetPlatform
[2018.01.25-08.24.45:873][  0]LogTemp: Display: Loaded TP MacTargetPlatform
[2018.01.25-08.24.46:020][  0]LogTemp: Display: Loaded TP WindowsClientTargetPlatform
[2018.01.25-08.24.46:121][  0]LogTemp: Display: Loaded TP WindowsNoEditorTargetPlatform
[2018.01.25-08.24.46:200][  0]LogTemp: Display: Loaded TP WindowsServerTargetPlatform
[2018.01.25-08.24.46:273][  0]LogTemp: Display: Loaded TP WindowsTargetPlatform
[2018.01.25-08.24.46:409][  0]LogTemp: Display: Loaded TP Android_ASTCTargetPlatform
[2018.01.25-08.24.46:552][  0]LogTemp: Display: Loaded TP Android_ATCTargetPlatform
[2018.01.25-08.24.46:646][  0]LogTemp: Display: Loaded TP Android_DXTTargetPlatform
[2018.01.25-08.24.46:722][  0]LogTemp: Display: Loaded TP Android_ETC1TargetPlatform
[2018.01.25-08.24.46:802][  0]LogTemp: Display: Loaded TP Android_ETC2TargetPlatform
[2018.01.25-08.24.46:967][  0]LogTemp: Display: Loaded TP Android_MultiTargetPlatform
[2018.01.25-08.24.46:967][  0]LogTemp: Display: Loaded TP Android_PVRTCTargetPlatform
[2018.01.25-08.24.47:048][  0]LogTemp: Display: Loaded TP AndroidTargetPlatform
[2018.01.25-08.24.47:105][  0]LogTemp: Display: Loaded TP HTML5TargetPlatform
[2018.01.25-08.24.47:234][  0]LogTemp: Display: Loaded TP IOSTargetPlatform
[2018.01.25-08.24.47:269][  0]LogTemp: Display: Loaded TP TVOSTargetPlatform
[2018.01.25-08.24.47:344][  0]LogTemp: Display: Loaded TP LinuxClientTargetPlatform
[2018.01.25-08.24.47:417][  0]LogTemp: Display: Loaded TP LinuxNoEditorTargetPlatform
[2018.01.25-08.24.47:497][  0]LogTemp: Display: Loaded TP LinuxServerTargetPlatform
[2018.01.25-08.24.47:571][  0]LogTemp: Display: Loaded TP LinuxTargetPlatform
[2018.01.25-08.24.47:571][  0]LogTargetPlatformManager: Display: Building Assets For Windows
[2018.01.25-08.24.48:265][  0]LogDerivedDataCache: Display: Max Cache Size: 512 MB
[2018.01.25-08.24.48:355][  0]LogDerivedDataCache: Loaded boot cache 0.09s 78MB C:/Users/Luc/AppData/Local/UnrealEngine/4.18/DerivedDataCache/Boot.ddc.
[2018.01.25-08.24.48:356][  0]LogDerivedDataCache: Display: Loaded Boot cache: C:/Users/Luc/AppData/Local/UnrealEngine/4.18/DerivedDataCache/Boot.ddc
[2018.01.25-08.24.48:356][  0]LogDerivedDataCache: FDerivedDataBackendGraph:  Pak pak cache file ../../../../../../Users/Luc/Documents/Unreal Projects/TribalTurtlesProject/DerivedDataCache/DDC.ddp not found, will not use a pak cache.
[2018.01.25-08.24.48:356][  0]LogDerivedDataCache: Unable to find inner node Pak for hierarchical cache Hierarchy.
[2018.01.25-08.24.48:356][  0]LogDerivedDataCache: FDerivedDataBackendGraph:  CompressedPak pak cache file ../../../../../../Users/Luc/Documents/Unreal Projects/TribalTurtlesProject/DerivedDataCache/Compressed.ddp not found, will not use a pak cache.
[2018.01.25-08.24.48:356][  0]LogDerivedDataCache: Unable to find inner node CompressedPak for hierarchical cache Hierarchy.
[2018.01.25-08.24.48:373][  0]LogDerivedDataCache: Display: Pak cache opened for reading ../../../Engine/DerivedDataCache/Compressed.ddp.
[2018.01.25-08.24.48:386][  0]LogDerivedDataCache: Using Local data cache path C:/Users/Luc/AppData/Local/UnrealEngine/Common/DerivedDataCache: Writable
[2018.01.25-08.24.48:401][  0]LogMaterial: Verifying Global Shaders for PCD3D_SM5
[2018.01.25-08.24.48:401][  0]LogSlate: Using Freetype 2.6.0
[2018.01.25-08.24.48:402][  0]LogSlate: SlateFontCache - WITH_FREETYPE: 1, WITH_HARFBUZZ: 1
[2018.01.25-08.24.48:402][  0]LogSlate: SlateFontCache - WITH_FREETYPE: 1, WITH_HARFBUZZ: 1
[2018.01.25-08.24.48:941][  0]LogInit: Selected Device Profile: [Windows]
[2018.01.25-08.24.49:330][  0]LogSimplygon: Simplygon DLL not present - disabling.
[2018.01.25-08.24.49:394][  0]LogMeshReduction: Using SimplygonSwarm for distributed automatic mesh merging
[2018.01.25-08.24.49:394][  0]LogMeshReduction: Using QuadricMeshReduction for automatic static mesh reduction
[2018.01.25-08.24.49:394][  0]LogMeshReduction: No automatic skeletal mesh reduction module available
[2018.01.25-08.24.49:394][  0]LogMeshReduction: No automatic mesh merging module available
[2018.01.25-08.24.49:394][  0]LogMeshMerging: No automatic mesh merging module available
[2018.01.25-08.24.49:535][  0]LogNetVersion: TribalTurtlesProject , NetCL: 3709383, EngineNetVer: 2, GameNetVer: 0 (Checksum: 203732966)
[2018.01.25-08.24.49:764][  0]LogAssetRegistry: FAssetRegistry took 0.0274 seconds to start up
[2018.01.25-08.24.50:460][  0]LogPackageLocalizationCache: Processed 7 localized package path(s) for 1 prioritized culture(s) in 0.053197 seconds
[2018.01.25-08.24.50:465][  0]LogUObjectArray: 35870 objects as part of root set at end of initial load.
[2018.01.25-08.24.50:466][  0]LogUObjectAllocator: 7363704 out of 0 bytes used by permanent object pool.
[2018.01.25-08.24.50:466][  0]LogUObjectArray: CloseDisregardForGC: 0/0 objects in disregard for GC pool
[2018.01.25-08.24.50:539][  0]LogInit: WinSock: version 1.1 (2.2), MaxSocks=32767, MaxUdp=65467
[2018.01.25-08.24.54:432][  0]LogTcpMessaging: Initializing TcpMessaging bridge
[2018.01.25-08.24.54:488][  0]LogUdpMessaging: Initializing bridge on interface 0.0.0.0:0 to multicast group 230.0.0.1:6666.
[2018.01.25-08.24.55:490][  0]LogMaterial: Uniform references updated for custom material expression Custom.
[2018.01.25-08.24.56:160][  0]SourceControl: Source control is disabled
[2018.01.25-08.24.56:160][  0]SourceControl: Source control is disabled
[2018.01.25-08.24.56:248][  0]SourceControl: Source control is disabled
[2018.01.25-08.24.56:335][  0]SourceControl: Source control is disabled
[2018.01.25-08.24.57:611][  0]LogAndroidPermission: UAndroidPermissionCallbackProxy::GetInstance
[2018.01.25-08.24.58:051][  0]LogOcInput: OculusInput pre-init called
[2018.01.25-08.24.58:486][  0]LogEngine: Initializing Engine...
[2018.01.25-08.24.58:490][  0]LogHMD: Failed to initialize OpenVR with code 110
[2018.01.25-08.24.58:775][  0]LogStats: UGameplayTagsManager::ConstructGameplayTagTree: Construct from data asset -  0.000 s
[2018.01.25-08.24.58:775][  0]LogStats: UGameplayTagsManager::ConstructGameplayTagTree: GameplayTagTreeChangedEvent.Broadcast -  0.000 s
[2018.01.25-08.24.58:967][  0]LogAIModule: Creating AISystem for world Untitled
[2018.01.25-08.24.58:976][  0]LogInit: XAudio2 using 'luidspreker/Hoofdtelefoon (Realtek High Definition Audio)' : 2 channels at 48 kHz using 32 bits per sample (channel mask 0x3)
[2018.01.25-08.24.59:236][  0]LogInit: FAudioDevice initialized.
[2018.01.25-08.24.59:327][  0]LogDerivedDataCache: Saved boot cache 0.09s 78MB C:/Users/Luc/AppData/Local/UnrealEngine/4.18/DerivedDataCache/Boot.ddc.
[2018.01.25-08.24.59:339][  0]LogInit: Texture streaming: Enabled
[2018.01.25-08.24.59:475][  0]LogEngineSessionManager: EngineSessionManager initialized
[2018.01.25-08.24.59:680][  0]LogInit: Transaction tracking system initialized
[2018.01.25-08.25.00:173][  0]BlueprintLog: New page: Editor Load
[2018.01.25-08.25.01:427][  0]LocalizationService: Localization service is disabled
[2018.01.25-08.25.02:804][  0]LogConsoleResponse: Display: 
[2018.01.25-08.25.03:063][  0]LogCook: Display: Max memory allowance for cook 16384mb min free memory 0mb
[2018.01.25-08.25.03:064][  0]LogCook: Display: Mobile HDR setting 1
[2018.01.25-08.25.03:064][  0]LogGameplayTags: Display: UGameplayTagsManager::DoneAddingNativeTags. DelegateIsBound: 0
[2018.01.25-08.25.03:318][  0]LogFileCache: Scanning file cache for directory 'C:/Users/Luc/Documents/Unreal Projects/TribalTurtlesProject/Content/' took 0.05s
[2018.01.25-08.25.04:937][  0]SourceControl: Source control is disabled
[2018.01.25-08.25.04:937][  0]Cmd: MAP LOAD FILE="../../../../../../Users/Luc/Documents/Unreal Projects/TribalTurtlesProject/Content/ThirdPersonBP/Maps/ThirdPersonExampleMap.umap" TEMPLATE=0 SHOWPROGRESS=1 FEATURELEVEL=3
[2018.01.25-08.25.04:937][  0]LightingResults: New page: Lighting Build
[2018.01.25-08.25.05:006][  0]MapCheck: New page: Map Check
[2018.01.25-08.25.05:006][  0]LightingResults: New page: Lighting Build
[2018.01.25-08.25.05:713][  0]LogAIModule: Creating AISystem for world ThirdPersonExampleMap
[2018.01.25-08.25.05:725][  0]LogEditorServer: Finished looking for orphan Actors (0.000 secs)
[2018.01.25-08.25.05:741][  0]Cmd: MAP CHECKDEP NOCLEARLOG
[2018.01.25-08.25.05:841][  0]MapCheck: Map check complete: 0 Error(s), 0 Warning(s), took 100.087ms to complete.
[2018.01.25-08.25.05:841][  0]LogFileHelpers: Loading map 'ThirdPersonExampleMap' took 0.904
[2018.01.25-08.25.06:001][  0]LogCollectionManager: Loaded 0 collections in 0.002766 seconds
[2018.01.25-08.25.06:104][  0]LogFileCache: Scanning file cache for directory 'C:/Users/Luc/Documents/Unreal Projects/TribalTurtlesProject/Saved/Collections/' took 0.01s
[2018.01.25-08.25.06:104][  0]LogFileCache: Scanning file cache for directory 'C:/Users/Luc/Documents/Unreal Projects/TribalTurtlesProject/Content/Developers/Luc/Collections/' took 0.01s
[2018.01.25-08.25.06:104][  0]LogFileCache: Scanning file cache for directory 'C:/Users/Luc/Documents/Unreal Projects/TribalTurtlesProject/Content/Collections/' took 0.01s
[2018.01.25-08.25.06:104][  0]LogCollectionManager: Rebuilt the GUID cache for 0 collections in 0.000000 seconds
[2018.01.25-08.25.06:113][  0]LogContentBrowser: Native class hierarchy populated in 0.0088 seconds. Added 2363 classes and 519 folders.
[2018.01.25-08.25.06:202][  0]LogContentBrowser: Native class hierarchy updated for 'WidgetCarousel' in 0.0002 seconds. Added 0 classes and 0 folders.
[2018.01.25-08.25.06:268][  0]LogContentBrowser: Native class hierarchy updated for 'AddContentDialog' in 0.0003 seconds. Added 0 classes and 0 folders.
[2018.01.25-08.25.06:333][  0]LogContentBrowser: Native class hierarchy updated for 'SceneOutliner' in 0.0004 seconds. Added 1 classes and 2 folders.
[2018.01.25-08.25.06:402][  0]LogContentBrowser: Native class hierarchy updated for 'WorldBrowser' in 0.0004 seconds. Added 2 classes and 3 folders.
[2018.01.25-08.25.06:480][  0]LogSlate: Took 0.000289 seconds to synchronously load lazily loaded font '../../../Engine/Content/Slate/Fonts/Roboto-Regular.ttf' (155K)
[2018.01.25-08.25.06:483][  0]LogSlate: Took 0.000321 seconds to synchronously load lazily loaded font '../../../Engine/Content/Slate/Fonts/Roboto-Bold.ttf' (160K)
[2018.01.25-08.25.06:490][  0]LogSlate: Took 0.000258 seconds to synchronously load lazily loaded font '../../../Engine/Content/Editor/Slate/Fonts/FontAwesome.ttf' (139K)
[2018.01.25-08.25.06:624][  0]LogRenderer: Reallocating scene render targets to support 1208x564 Format 9 NumSamples 1 (Frame:1).
[2018.01.25-08.25.06:868][  0]LogContentBrowser: Native class hierarchy updated for 'HierarchicalLODOutliner' in 0.0004 seconds. Added 1 classes and 2 folders.
[2018.01.25-08.25.06:868][  0]LogLoad: (Engine Initialization) Total time: 28.79 seconds
[2018.01.25-08.25.06:868][  0]LogLoad: (Engine Initialization) Total Blueprint compile time: 0.00 seconds
[2018.01.25-08.25.06:868][  0]LogExternalProfiler: No external profilers were discovered.  External profiling features will not be available.
[2018.01.25-08.25.07:225][  0]LogContentStreaming: Texture pool size now 400 MB
[2018.01.25-08.25.07:274][  0]LogRenderer: Reallocating scene render targets to support 1208x584 Format 9 NumSamples 1 (Frame:3).
[2018.01.25-08.25.07:274][  0]LogSlate: Took 0.000330 seconds to synchronously load lazily loaded font '../../../Engine/Content/Slate/Fonts/Roboto-Light.ttf' (159K)
[2018.01.25-08.25.07:885][  2]LogAssetRegistry: Asset discovery search completed in 18.1435 seconds
[2018.01.25-08.25.07:889][  2]LogCollectionManager: Rebuilt the object cache for 0 collections in 0.000000 seconds (found 0 objects)
[2018.01.25-08.25.07:889][  2]LogCollectionManager: Fixed up redirectors for 0 collections in 0.000060 seconds (updated 0 objects)
[2018.01.25-08.25.32:127][393]LogTemp: Repeating last play command: Selected Viewport
[2018.01.25-08.25.32:272][393]LogBlueprintUserMessages: Early PlayInEditor Detection: Level '/Game/ThirdPersonBP/Maps/ThirdPersonExampleMap.ThirdPersonExampleMap:PersistentLevel' has LevelScriptBlueprint '/Game/ThirdPersonBP/Maps/ThirdPersonExampleMap.ThirdPersonExampleMap:PersistentLevel.ThirdPersonExampleMap' with GeneratedClass '/Game/ThirdPersonBP/Maps/ThirdPersonExampleMap.ThirdPersonExampleMap_C' with ClassGeneratedBy '/Game/ThirdPersonBP/Maps/ThirdPersonExampleMap.ThirdPersonExampleMap:PersistentLevel.ThirdPersonExampleMap'
[2018.01.25-08.25.32:272][393]LogPlayLevel: PlayLevel: No blueprints needed recompiling
[2018.01.25-08.25.32:273][393]PIE: New page: PIE session: ThirdPersonExampleMap (Jan 25, 2018, 10:25:32 AM)
[2018.01.25-08.25.32:273][393]LogPlayLevel: Creating play world package: /Game/ThirdPersonBP/Maps/UEDPIE_0_ThirdPersonExampleMap
[2018.01.25-08.25.32:304][393]LogPlayLevel: PIE: StaticDuplicateObject took: (0.031513s)
[2018.01.25-08.25.32:306][393]LogAIModule: Creating AISystem for world ThirdPersonExampleMap
[2018.01.25-08.25.32:306][393]LogPlayLevel: PIE: World Init took: (0.002059s)
[2018.01.25-08.25.32:307][393]LogPlayLevel: PIE: Created PIE world by copying editor world from /Game/ThirdPersonBP/Maps/ThirdPersonExampleMap.ThirdPersonExampleMap to /Game/ThirdPersonBP/Maps/UEDPIE_0_ThirdPersonExampleMap.ThirdPersonExampleMap (0.034072s)
[2018.01.25-08.25.32:323][393]LogInit: XAudio2 using 'luidspreker/Hoofdtelefoon (Realtek High Definition Audio)' : 2 channels at 48 kHz using 32 bits per sample (channel mask 0x3)
[2018.01.25-08.25.32:338][393]LogInit: FAudioDevice initialized.
[2018.01.25-08.25.32:388][393]LogLoad: Game class is 'ThirdPersonGameMode_C'
[2018.01.25-08.25.32:392][393]LogWorld: Bringing World /Game/ThirdPersonBP/Maps/UEDPIE_0_ThirdPersonExampleMap.ThirdPersonExampleMap up for play (max tick rate 60) at 2018.01.25-09.25.32
[2018.01.25-08.25.32:392][393]LogWorld: Bringing up level for play took: 0.002211
[2018.01.25-08.25.32:453][393]LogContentBrowser: Native class hierarchy updated for 'MovieSceneCapture' in 0.0003 seconds. Added 11 classes and 0 folders.
[2018.01.25-08.25.32:453][393]PIE: Play in editor start time for /Game/ThirdPersonBP/Maps/UEDPIE_0_ThirdPersonExampleMap 0.796
[2018.01.25-08.25.32:454][393]LogBlueprintUserMessages: Late PlayInEditor Detection: Level '/Game/ThirdPersonBP/Maps/ThirdPersonExampleMap.ThirdPersonExampleMap:PersistentLevel' has LevelScriptBlueprint '/Game/ThirdPersonBP/Maps/ThirdPersonExampleMap.ThirdPersonExampleMap:PersistentLevel.ThirdPersonExampleMap' with GeneratedClass '/Game/ThirdPersonBP/Maps/ThirdPersonExampleMap.ThirdPersonExampleMap_C' with ClassGeneratedBy '/Game/ThirdPersonBP/Maps/ThirdPersonExampleMap.ThirdPersonExampleMap:PersistentLevel.ThirdPersonExampleMap'
[2018.01.25-08.25.50:846][494]LogBlueprintUserMessages: Early EndPlayMap Detection: Level '/Game/ThirdPersonBP/Maps/ThirdPersonExampleMap.ThirdPersonExampleMap:PersistentLevel' has LevelScriptBlueprint '/Game/ThirdPersonBP/Maps/ThirdPersonExampleMap.ThirdPersonExampleMap:PersistentLevel.ThirdPersonExampleMap' with GeneratedClass '/Game/ThirdPersonBP/Maps/ThirdPersonExampleMap.ThirdPersonExampleMap_C' with ClassGeneratedBy '/Game/ThirdPersonBP/Maps/ThirdPersonExampleMap.ThirdPersonExampleMap:PersistentLevel.ThirdPersonExampleMap'
[2018.01.25-08.25.50:879][494]LogBlueprintUserMessages: Late EndPlayMap Detection: Level '/Game/ThirdPersonBP/Maps/ThirdPersonExampleMap.ThirdPersonExampleMap:PersistentLevel' has LevelScriptBlueprint '/Game/ThirdPersonBP/Maps/ThirdPersonExampleMap.ThirdPersonExampleMap:PersistentLevel.ThirdPersonExampleMap' with GeneratedClass '/Game/ThirdPersonBP/Maps/ThirdPersonExampleMap.ThirdPersonExampleMap_C' with ClassGeneratedBy '/Game/ThirdPersonBP/Maps/ThirdPersonExampleMap.ThirdPersonExampleMap:PersistentLevel.ThirdPersonExampleMap'
[2018.01.25-08.25.52:425][548]LogSlate: Took 0.000232 seconds to synchronously load lazily loaded font '../../../Engine/Content/Slate/Fonts/Roboto-Light.ttf' (159K)
[2018.01.25-08.25.52:809][548]LogContentBrowser: Native class hierarchy updated for 'BlueprintGraph' in 0.0012 seconds. Added 116 classes and 0 folders.
[2018.01.25-08.25.53:557][548]LogSlate: Took 0.000235 seconds to synchronously load lazily loaded font '../../../Engine/Content/Slate/Fonts/Roboto-Regular.ttf' (155K)
[2018.01.25-08.25.53:641][548]LogSlate: Took 0.000259 seconds to synchronously load lazily loaded font '../../../Engine/Content/Editor/Slate/Fonts/Roboto-BoldCondensed.ttf' (158K)
[2018.01.25-08.25.53:972][549]LogSlate: Took 0.000401 seconds to synchronously load lazily loaded font '../../../Engine/Content/Editor/Slate/Fonts/Roboto-Italic.ttf' (157K)
[2018.01.25-08.26.19:606][293]BlueprintLog: New page: Compile ThirdPersonCharacter
[2018.01.25-08.26.19:704][293]LogBlueprint: Error: [Compiler ThirdPersonCharacter] This blueprint (self) is not a CharacterMovementComponent, therefore ' Target ' must have a connection.
[2018.01.25-08.26.19:706][293]LogBlueprint: Error: [Compiler ThirdPersonCharacter] Variable node  Set JumpZVelocity  uses an invalid target.  It may depend on a node that is not connected to the execution chain, and got purged.
[2018.01.25-08.26.20:253][293]LogBlueprint: Warning: [Compiler ThirdPersonCharacter] [0102.17] Compile of ThirdPersonCharacter failed. 2 Fatal Issue(s) 0 Warning(s) [in 646 ms] (/Game/ThirdPersonBP/Blueprints/ThirdPersonCharacter.ThirdPersonCharacter)
[2018.01.25-08.26.21:056][307]LogSavePackage: Save=247.17ms
[2018.01.25-08.26.21:056][307]LogSavePackage: Moving '../../../../../../Users/Luc/Documents/Unreal Projects/TribalTurtlesProject/Saved/ThirdPersonCharacter875B01CC4521155E0403C8ABAB8C53FA.tmp' to '../../../../../../Users/Luc/Documents/Unreal Projects/TribalTurtlesProject/Content/ThirdPersonBP/Blueprints/ThirdPersonCharacter.uasset'
[2018.01.25-08.26.21:066][307]LogSavePackage: Display: Finished SavePackage ../../../../../../Users/Luc/Documents/Unreal Projects/TribalTurtlesProject/Content/ThirdPersonBP/Blueprints/ThirdPersonCharacter.uasset
[2018.01.25-08.26.30:754][585]BlueprintLog: New page: Compile ThirdPersonCharacter
[2018.01.25-08.26.32:100][597]LogSavePackage: Save=238.25ms
[2018.01.25-08.26.32:100][597]LogSavePackage: Moving '../../../../../../Users/Luc/Documents/Unreal Projects/TribalTurtlesProject/Saved/ThirdPersonCharacter7668CAA947B91ACC034D8EA630E40F84.tmp' to '../../../../../../Users/Luc/Documents/Unreal Projects/TribalTurtlesProject/Content/ThirdPersonBP/Blueprints/ThirdPersonCharacter.uasset'
[2018.01.25-08.26.32:109][597]LogSavePackage: Display: Finished SavePackage ../../../../../../Users/Luc/Documents/Unreal Projects/TribalTurtlesProject/Content/ThirdPersonBP/Blueprints/ThirdPersonCharacter.uasset
[2018.01.25-08.26.41:672][875]LogSlate: Took 0.000272 seconds to synchronously load lazily loaded font '../../../Engine/Content/Slate/Fonts/Roboto-Light.ttf' (159K)
[2018.01.25-08.26.52:684][267]LogContentBrowser: Native class hierarchy updated for 'Cascade' in 0.0003 seconds. Added 2 classes and 2 folders.
[2018.01.25-08.26.56:795][368]LogCascade: Quitting Cascade. FXSystem=0x000001715C5AE840
[2018.01.25-08.26.57:950][400]LogTexture: Display: Building textures: T_GlowNoise_Circular_02 (AutoDXT, 256X256)
[2018.01.25-08.26.57:950][400]LogTexture: Display: Building textures: ThumbnailTexture (DXT1, 512X512)
[2018.01.25-08.27.00:921][475]LogCascade: Quitting Cascade. FXSystem=0x000001714BB3E660
[2018.01.25-08.27.27:627][521]LogTexture: Display: Building textures: ThumbnailTexture (DXT1, 512X512)
[2018.01.25-08.27.30:454][591]LogCascade: Quitting Cascade. FXSystem=0x000001715FCBEC00
[2018.01.25-08.27.34:425][741]MapCheck: New page: Map Check
[2018.01.25-08.27.34:468][741]Cmd: MAP REBUILD ALLVISIBLE
[2018.01.25-08.27.34:469][741]LogEditorServer: Rebuildmap Clear paths rebuilt
[2018.01.25-08.27.34:729][741]LogMaterial: Missing cached shader map for material FDebugViewModeMaterialProxy WorldGridMaterial, compiling. Is special engine material.
[2018.01.25-08.27.34:740][741]LogMaterial: Missing cached shader map for material FDebugViewModeMaterialProxy MaterialInstanceDynamic_1, compiling. 
[2018.01.25-08.27.34:748][741]LogMaterial: Missing cached shader map for material FDebugViewModeMaterialProxy HelpActorMaterial, compiling. 
[2018.01.25-08.27.34:758][741]LogMaterial: Missing cached shader map for material FDebugViewModeMaterialProxy RampMaterial, compiling. 
[2018.01.25-08.27.34:767][741]LogMaterial: Missing cached shader map for material FDebugViewModeMaterialProxy CubeMaterial, compiling. 
[2018.01.25-08.27.34:777][741]LogMaterial: Missing cached shader map for material FDebugViewModeMaterialProxy DefaultTextMaterialOpaque, compiling. 
[2018.01.25-08.27.34:789][741]LogMaterial: Missing cached shader map for material FDebugViewModeMaterialProxy M_UE4Man_Body, compiling. 
[2018.01.25-08.27.34:806][741]LogMaterial: Missing cached shader map for material FDebugViewModeMaterialProxy M_UE4Man_ChestLogo, compiling. 
[2018.01.25-08.27.34:819][741]LogMaterial: Missing cached shader map for material FDebugViewModeMaterialProxy MatineeCam_mat, compiling. 
[2018.01.25-08.27.36:579][741]TextureStreamingBuild: Display: Compiling optional shaders took 1.859 seconds.
[2018.01.25-08.27.36:666][741]LogLevel: Display: Export Material TexCoord Scales took 0.087 seconds.
[2018.01.25-08.27.36:676][741]TextureStreamingBuild: Display: Build Texture Streaming took 0.009 seconds.
[2018.01.25-08.27.36:708][741]LightingResults: New page: Lighting Build - Jan 25, 2018, 10:27:36 AM
[2018.01.25-08.27.36:799][741]LogSwarmInterface: [OpenConnection] Registering TCP channel ...
[2018.01.25-08.27.36:973][741]LogSwarmInterface: [OpenConnection] Connecting to agent ...
[2018.01.25-08.27.36:999][741]LogSwarmInterface: [TryOpenConnection] Testing the Agent
[2018.01.25-08.27.38:042][741]LogSwarmInterface: [TryOpenConnection] Opening Connection to Agent
[2018.01.25-08.27.38:042][741]LogSwarmInterface: [TryOpenConnection] Local Process ID is 21052
[2018.01.25-08.27.40:765][741]LogStaticLightingSystem: Running Lightmass w/ ImmediateImport mode ENABLED
[2018.01.25-08.27.40:765][741]LogStaticLightingSystem: Running Lightmass w/ ImmediateProcess mode ENABLED
[2018.01.25-08.27.40:766][741]LogStaticLightingSystem: Running Lightmass w/ Sorting mode ENABLED
[2018.01.25-08.27.40:766][741]LogStaticLightingSystem: Running Lightmass w/ Mapping paddings ENABLED
[2018.01.25-08.27.40:766][741]LogStaticLightingSystem: Running Lightmass w/ Mapping debug paddings DISABLED
[2018.01.25-08.27.41:115][741]Cmd: MAP CHECK DONTDISPLAYDIALOG
[2018.01.25-08.27.41:115][741]MapCheck: New page: ThirdPersonExampleMap - Jan 25, 2018, 10:27:41 AM
[2018.01.25-08.27.41:118][741]MapCheck: Error: WorldInfo_0 Maps need lighting rebuilt 
[2018.01.25-08.27.41:285][741]MapCheck: Map check complete: 1 Error(s), 0 Warning(s), took 169.73ms to complete.
[2018.01.25-08.27.41:307][741]LogEditorBuildUtils: Build time 0:06
[2018.01.25-08.27.41:339][741]LogMaterial: Missing cached shader map for material FLightmassMaterialRenderer MaterialInstanceDynamic_1, compiling. 
[2018.01.25-08.27.41:356][741]LogMaterial: Missing cached shader map for material FLightmassMaterialRenderer MaterialInstanceDynamic_1, compiling. 
[2018.01.25-08.27.41:449][742]LogMaterial: Missing cached shader map for material FLightmassMaterialRenderer RampMaterial, compiling. 
[2018.01.25-08.27.41:463][742]LogMaterial: Missing cached shader map for material FLightmassMaterialRenderer RampMaterial, compiling. 
[2018.01.25-08.27.41:531][743]LogMaterial: Missing cached shader map for material FLightmassMaterialRenderer CubeMaterial, compiling. 
[2018.01.25-08.27.41:553][743]LogMaterial: Missing cached shader map for material FLightmassMaterialRenderer CubeMaterial, compiling. 
[2018.01.25-08.27.41:616][744]LogMaterial: Missing cached shader map for material FLightmassMaterialRenderer WorldGridMaterial, compiling. Is special engine material.
[2018.01.25-08.27.41:630][744]LogMaterial: Missing cached shader map for material FLightmassMaterialRenderer WorldGridMaterial, compiling. Is special engine material.
[2018.01.25-08.27.59:613][273]Job is a success!
[2018.01.25-08.27.59:759][274]LogVolumetricLightmapImport: Imported Volumetric Lightmap in 0.028s
[2018.01.25-08.27.59:759][274]LogVolumetricLightmapImport:      Indirection Texture 16x16x16 = 0.0Mb
[2018.01.25-08.27.59:759][274]LogVolumetricLightmapImport:      BrickData 245x5x5 = 0.2Mb
[2018.01.25-08.27.59:759][274]LogVolumetricLightmapImport:      Bricks at Level
[2018.01.25-08.27.59:759][274]LogVolumetricLightmapImport:          0: 2.0% covering 100.0% of volume
[2018.01.25-08.27.59:759][274]LogVolumetricLightmapImport:          1: 8.2% covering 6.3% of volume
[2018.01.25-08.27.59:759][274]LogVolumetricLightmapImport:          2: 89.8% covering 1.1% of volume
[2018.01.25-08.28.01:794][274]LogTexture: Display: Building textures: SkyOcclusion1_1 (AutoDXT, 1024X512)
[2018.01.25-08.28.01:794][274]LogTexture: Display: Building textures: HQ_Lightmap1_1 (AutoDXT, 1024X1024)
[2018.01.25-08.28.01:794][274]LogTexture: Display: Building textures: LQ_Lightmap_1_1 (DXT1, 1024X1024)
[2018.01.25-08.28.01:794][274]LogTexture: Display: Building textures: SkyOcclusion1_2 (AutoDXT, 512X256)
[2018.01.25-08.28.01:794][274]LogTexture: Display: Building textures: HQ_Lightmap1_2 (AutoDXT, 512X512)
[2018.01.25-08.28.01:794][274]LogTexture: Display: Building textures: LQ_Lightmap_1_2 (DXT1, 512X512)
[2018.01.25-08.28.01:794][274]LogTexture: Display: Building textures: SkyOcclusion1_3 (AutoDXT, 64X32)
[2018.01.25-08.28.01:794][274]LogTexture: Display: Building textures: HQ_Lightmap1_3 (AutoDXT, 64X64)
[2018.01.25-08.28.01:794][274]LogTexture: Display: Building textures: LQ_Lightmap_1_3 (DXT1, 64X64)
[2018.01.25-08.28.02:295][274]LogTexture: Display: Building textures: ShadowMapTexture2D_2 (G8, 1024X1024)
[2018.01.25-08.28.02:295][274]LogTexture: Display: Building textures: ShadowMapTexture2D_3 (G8, 32X32)
[2018.01.25-08.28.02:366][274]Lightmass on LAPTOP-590P4A2Q: 15.8 sec total, 190 ms importing, 13 ms setup, 2.11 sec photons, 13.4 sec processing, 0 ms extra exporting [15/15 mappings]. Threads: 53.8 sec total, 27.9 sec processing.
[2018.01.25-08.28.02:417][274]LogStaticLightingSystem: Illumination: 25.6 sec (1.94 sec encoding lightmaps, 494 ms encoding shadowmaps)
[2018.01.25-08.28.02:417][274]LogStaticLightingSystem: Lightmap texture memory:  3.3 MB (3.3 MB streaming, 0.0 MB non-streaming), 6 textures
[2018.01.25-08.28.02:418][274]LogStaticLightingSystem: Shadowmap texture memory: 1.3 MB (1.3 MB streaming, 0.0 MB non-streaming), 2 textures
[2018.01.25-08.28.02:774][274]DumpUnbuiltLightIteractions
[2018.01.25-08.28.02:774][274]Lights with unbuilt interactions: 0
[2018.01.25-08.28.02:774][274]
[2018.01.25-08.28.02:774][274]Primitives with unbuilt interactions: 0
[2018.01.25-08.28.02:785][275]Cmd: MAP CHECK NOTIFYRESULTS
[2018.01.25-08.28.02:785][275]MapCheck: New page: ThirdPersonExampleMap - Jan 25, 2018, 10:28:02 AM
[2018.01.25-08.28.02:980][275]MapCheck: Map check complete: 0 Error(s), 0 Warning(s), took 195.372ms to complete.
[2018.01.25-08.28.29:728][280]LogRenderer: Reallocating scene render targets to support 1248x696 Format 9 NumSamples 1 (Frame:1).
[2018.01.25-08.28.36:497][416]BlueprintLog: New page: Compile ThirdPersonCharacter
[2018.01.25-08.28.37:961][426]LogSavePackage: Save=242.81ms
[2018.01.25-08.28.37:961][426]LogSavePackage: Moving '../../../../../../Users/Luc/Documents/Unreal Projects/TribalTurtlesProject/Saved/ThirdPersonCharacterCAA15C014FEFF09F24A03293C924D7F3.tmp' to '../../../../../../Users/Luc/Documents/Unreal Projects/TribalTurtlesProject/Content/ThirdPersonBP/Blueprints/ThirdPersonCharacter.uasset'
[2018.01.25-08.28.37:972][426]LogSavePackage: Display: Finished SavePackage ../../../../../../Users/Luc/Documents/Unreal Projects/TribalTurtlesProject/Content/ThirdPersonBP/Blueprints/ThirdPersonCharacter.uasset
[2018.01.25-08.28.41:122][490]BlueprintLog: New page: Compile ThirdPersonCharacter
[2018.01.25-08.28.42:547][499]LogSavePackage: Save=253.45ms
[2018.01.25-08.28.42:547][499]LogSavePackage: Moving '../../../../../../Users/Luc/Documents/Unreal Projects/TribalTurtlesProject/Saved/ThirdPersonCharacter0620E3554421D6A7CA7CF4929893AD4C.tmp' to '../../../../../../Users/Luc/Documents/Unreal Projects/TribalTurtlesProject/Content/ThirdPersonBP/Blueprints/ThirdPersonCharacter.uasset'
[2018.01.25-08.28.42:557][499]LogSavePackage: Display: Finished SavePackage ../../../../../../Users/Luc/Documents/Unreal Projects/TribalTurtlesProject/Content/ThirdPersonBP/Blueprints/ThirdPersonCharacter.uasset
[2018.01.25-08.29.28:287][787]BlueprintLog: New page: Compile ThirdPersonCharacter
[2018.01.25-08.29.28:386][787]LogBlueprint: Error: [Compiler ThirdPersonCharacter] This blueprint (self) is not a SceneComponent, therefore ' Target ' must have a connection.
[2018.01.25-08.29.28:928][787]LogBlueprint: Warning: [Compiler ThirdPersonCharacter] [0290.85] Compile of ThirdPersonCharacter failed. 1 Fatal Issue(s) 0 Warning(s) [in 640 ms] (/Game/ThirdPersonBP/Blueprints/ThirdPersonCharacter.ThirdPersonCharacter)
[2018.01.25-08.29.29:648][799]LogSavePackage: Save=239.69ms
[2018.01.25-08.29.29:648][799]LogSavePackage: Moving '../../../../../../Users/Luc/Documents/Unreal Projects/TribalTurtlesProject/Saved/ThirdPersonCharacterDC1AC88748C8B1C4D2DBCC8F2C82A9C3.tmp' to '../../../../../../Users/Luc/Documents/Unreal Projects/TribalTurtlesProject/Content/ThirdPersonBP/Blueprints/ThirdPersonCharacter.uasset'
[2018.01.25-08.29.29:661][799]LogSavePackage: Display: Finished SavePackage ../../../../../../Users/Luc/Documents/Unreal Projects/TribalTurtlesProject/Content/ThirdPersonBP/Blueprints/ThirdPersonCharacter.uasset
[2018.01.25-08.29.32:979][894]BlueprintLog: New page: Compile ThirdPersonCharacter
[2018.01.25-08.29.35:607][956]LogTemp: Repeating last play command: Selected Viewport
[2018.01.25-08.29.35:631][956]LogBlueprintUserMessages: Early PlayInEditor Detection: Level '/Game/ThirdPersonBP/Maps/ThirdPersonExampleMap.ThirdPersonExampleMap:PersistentLevel' has LevelScriptBlueprint '/Game/ThirdPersonBP/Maps/ThirdPersonExampleMap.ThirdPersonExampleMap:PersistentLevel.ThirdPersonExampleMap' with GeneratedClass '/Game/ThirdPersonBP/Maps/ThirdPersonExampleMap.ThirdPersonExampleMap_C' with ClassGeneratedBy '/Game/ThirdPersonBP/Maps/ThirdPersonExampleMap.ThirdPersonExampleMap:PersistentLevel.ThirdPersonExampleMap'
[2018.01.25-08.29.35:631][956]LogPlayLevel: PlayLevel: No blueprints needed recompiling
[2018.01.25-08.29.35:632][956]PIE: New page: PIE session: ThirdPersonExampleMap (Jan 25, 2018, 10:29:35 AM)
[2018.01.25-08.29.35:632][956]LogPlayLevel: Creating play world package: /Game/ThirdPersonBP/Maps/UEDPIE_0_ThirdPersonExampleMap
[2018.01.25-08.29.35:659][956]LogPlayLevel: PIE: StaticDuplicateObject took: (0.026530s)
[2018.01.25-08.29.35:663][956]LogAIModule: Creating AISystem for world ThirdPersonExampleMap
[2018.01.25-08.29.35:663][956]LogPlayLevel: PIE: World Init took: (0.004373s)
[2018.01.25-08.29.35:663][956]LogPlayLevel: PIE: Created PIE world by copying editor world from /Game/ThirdPersonBP/Maps/ThirdPersonExampleMap.ThirdPersonExampleMap to /Game/ThirdPersonBP/Maps/UEDPIE_0_ThirdPersonExampleMap.ThirdPersonExampleMap (0.031362s)
[2018.01.25-08.29.35:701][956]LogInit: XAudio2 using 'luidspreker/Hoofdtelefoon (Realtek High Definition Audio)' : 2 channels at 48 kHz using 32 bits per sample (channel mask 0x3)
[2018.01.25-08.29.35:719][956]LogInit: FAudioDevice initialized.
[2018.01.25-08.29.35:752][956]LogLoad: Game class is 'ThirdPersonGameMode_C'
[2018.01.25-08.29.35:755][956]LogWorld: Bringing World /Game/ThirdPersonBP/Maps/UEDPIE_0_ThirdPersonExampleMap.ThirdPersonExampleMap up for play (max tick rate 60) at 2018.01.25-09.29.35
[2018.01.25-08.29.35:755][956]LogWorld: Bringing up level for play took: 0.002654
[2018.01.25-08.29.35:757][956]PIE: Play in editor start time for /Game/ThirdPersonBP/Maps/UEDPIE_0_ThirdPersonExampleMap 0.1
[2018.01.25-08.29.35:757][956]LogBlueprintUserMessages: Late PlayInEditor Detection: Level '/Game/ThirdPersonBP/Maps/ThirdPersonExampleMap.ThirdPersonExampleMap:PersistentLevel' has LevelScriptBlueprint '/Game/ThirdPersonBP/Maps/ThirdPersonExampleMap.ThirdPersonExampleMap:PersistentLevel.ThirdPersonExampleMap' with GeneratedClass '/Game/ThirdPersonBP/Maps/ThirdPersonExampleMap.ThirdPersonExampleMap_C' with ClassGeneratedBy '/Game/ThirdPersonBP/Maps/ThirdPersonExampleMap.ThirdPersonExampleMap:PersistentLevel.ThirdPersonExampleMap'
[2018.01.25-08.30.07:737][863]LogBlueprintUserMessages: Early EndPlayMap Detection: Level '/Game/ThirdPersonBP/Maps/ThirdPersonExampleMap.ThirdPersonExampleMap:PersistentLevel' has LevelScriptBlueprint '/Game/ThirdPersonBP/Maps/ThirdPersonExampleMap.ThirdPersonExampleMap:PersistentLevel.ThirdPersonExampleMap' with GeneratedClass '/Game/ThirdPersonBP/Maps/ThirdPersonExampleMap.ThirdPersonExampleMap_C' with ClassGeneratedBy '/Game/ThirdPersonBP/Maps/ThirdPersonExampleMap.ThirdPersonExampleMap:PersistentLevel.ThirdPersonExampleMap'
[2018.01.25-08.30.07:772][863]LogBlueprintUserMessages: Late EndPlayMap Detection: Level '/Game/ThirdPersonBP/Maps/ThirdPersonExampleMap.ThirdPersonExampleMap:PersistentLevel' has LevelScriptBlueprint '/Game/ThirdPersonBP/Maps/ThirdPersonExampleMap.ThirdPersonExampleMap:PersistentLevel.ThirdPersonExampleMap' with GeneratedClass '/Game/ThirdPersonBP/Maps/ThirdPersonExampleMap.ThirdPersonExampleMap_C' with ClassGeneratedBy '/Game/ThirdPersonBP/Maps/ThirdPersonExampleMap.ThirdPersonExampleMap:PersistentLevel.ThirdPersonExampleMap'
[2018.01.25-08.30.31:600][420]LogSavePackage: Save=249.13ms
[2018.01.25-08.30.31:600][420]LogSavePackage: Moving '../../../../../../Users/Luc/Documents/Unreal Projects/TribalTurtlesProject/Saved/ThirdPersonCharacterFC965F3E4F69A1CF047EAF9DA5518E34.tmp' to '../../../../../../Users/Luc/Documents/Unreal Projects/TribalTurtlesProject/Content/ThirdPersonBP/Blueprints/ThirdPersonCharacter.uasset'
[2018.01.25-08.30.31:611][420]LogSavePackage: Display: Finished SavePackage ../../../../../../Users/Luc/Documents/Unreal Projects/TribalTurtlesProject/Content/ThirdPersonBP/Blueprints/ThirdPersonCharacter.uasset
[2018.01.25-08.30.41:506][688]LogSavePackage: Save=232.79ms
[2018.01.25-08.30.41:506][688]LogSavePackage: Moving '../../../../../../Users/Luc/Documents/Unreal Projects/TribalTurtlesProject/Saved/ThirdPersonCharacter3CB80AD34FAF20212E2DF3B7778D6408.tmp' to '../../../../../../Users/Luc/Documents/Unreal Projects/TribalTurtlesProject/Content/ThirdPersonBP/Blueprints/ThirdPersonCharacter.uasset'
[2018.01.25-08.30.41:512][688]LogSavePackage: Display: Finished SavePackage ../../../../../../Users/Luc/Documents/Unreal Projects/TribalTurtlesProject/Content/ThirdPersonBP/Blueprints/ThirdPersonCharacter.uasset
[2018.01.25-08.31.10:010][456]LogSavePackage: Save=234.04ms
[2018.01.25-08.31.10:010][456]LogSavePackage: Moving '../../../../../../Users/Luc/Documents/Unreal Projects/TribalTurtlesProject/Saved/ThirdPersonCharacter3D383B1A439F7F49B2734CA8080AD69B.tmp' to '../../../../../../Users/Luc/Documents/Unreal Projects/TribalTurtlesProject/Content/ThirdPersonBP/Blueprints/ThirdPersonCharacter.uasset'
[2018.01.25-08.31.10:016][456]LogSavePackage: Display: Finished SavePackage ../../../../../../Users/Luc/Documents/Unreal Projects/TribalTurtlesProject/Content/ThirdPersonBP/Blueprints/ThirdPersonCharacter.uasset
[2018.01.25-08.31.33:498][121]LogSavePackage: Save=283.43ms
[2018.01.25-08.31.33:498][121]LogSavePackage: Moving '../../../../../../Users/Luc/Documents/Unreal Projects/TribalTurtlesProject/Saved/ThirdPersonExampleMap4937C38E47EC44C7975EC499C2777720.tmp' to '../../../../../../Users/Luc/Documents/Unreal Projects/TribalTurtlesProject/Content/ThirdPersonBP/Maps/ThirdPersonExampleMap.umap'
[2018.01.25-08.31.33:509][121]LogSavePackage: Display: Finished SavePackage ../../../../../../Users/Luc/Documents/Unreal Projects/TribalTurtlesProject/Content/ThirdPersonBP/Maps/ThirdPersonExampleMap.umap
[2018.01.25-08.31.33:559][121]LogFileHelpers: Saving map 'ThirdPersonExampleMap' took 0.561
[2018.01.25-08.31.34:077][121]LogSavePackage: Save=491.83ms
[2018.01.25-08.31.34:077][121]LogSavePackage: Moving '../../../../../../Users/Luc/Documents/Unreal Projects/TribalTurtlesProject/Saved/ThirdPersonExampleMap_BuiltDataF5B54E4B4A3BB2D42ED4C4A72A3428F3.tmp' to '../../../../../../Users/Luc/Documents/Unreal Projects/TribalTurtlesProject/Content/ThirdPersonBP/Maps/ThirdPersonExampleMap_BuiltData.uasset'
[2018.01.25-08.31.34:087][121]LogSavePackage: Display: Finished SavePackage ../../../../../../Users/Luc/Documents/Unreal Projects/TribalTurtlesProject/Content/ThirdPersonBP/Maps/ThirdPersonExampleMap_BuiltData.uasset
[2018.01.25-08.31.34:795][146]LogWindowsTextInputMethodSystem: Display: IME system now deactivated.
[2018.01.25-08.31.34:795][146]LogWindowsTextInputMethodSystem: Display: IME system now deactivated.
[2018.01.25-08.31.35:053][147]Cmd: QUIT_EDITOR
[2018.01.25-08.31.35:654][147]LogExit: Preparing to exit.
[2018.01.25-08.31.36:630][147]LogDirectoryWatcher: A directory notification for 'C:/Users/Luc/Documents/Unreal Projects/TribalTurtlesProject/Content/' was aborted.
[2018.01.25-08.31.36:690][147]LogExit: Editor shut down
[2018.01.25-08.31.36:699][147]LogExit: Transaction tracking system shut down
[2018.01.25-08.31.36:893][147]LogDirectoryWatcher: A directory notification for '../../../Engine/Content/' was aborted.
[2018.01.25-08.31.36:893][147]LogDirectoryWatcher: A directory notification for '../../../../../../Users/Luc/Documents/Unreal Projects/TribalTurtlesProject/Content/' was aborted.
[2018.01.25-08.31.36:893][147]LogDirectoryWatcher: A directory notification for '../../../Engine/Plugins/2D/Paper2D/Content/' was aborted.
[2018.01.25-08.31.36:893][147]LogDirectoryWatcher: A directory notification for '../../../Engine/Plugins/Media/MediaCompositing/Content/' was aborted.
[2018.01.25-08.31.36:893][147]LogDirectoryWatcher: A directory notification for '../../../Engine/Plugins/Runtime/AppleARKit/Content/' was aborted.
[2018.01.25-08.31.36:893][147]LogDirectoryWatcher: A directory notification for '../../../Engine/Plugins/Runtime/Oculus/OculusVR/Content/' was aborted.
[2018.01.25-08.31.36:893][147]LogDirectoryWatcher: A directory notification for '../../../Engine/Plugins/Runtime/Steam/SteamVR/Content/' was aborted.
[2018.01.25-08.31.37:080][147]LogExit: Object subsystem successfully closed.
[2018.01.25-08.31.37:096][147]LogD3D11RHI: Shutdown
[2018.01.25-08.31.37:097][147]LogD3D11RHI: CleanupD3DDevice
[2018.01.25-08.31.37:100][147]LogD3D11RHI: ~FD3D11DynamicRHI
[2018.01.25-08.31.37:147][147]LogModuleManager: Shutting down and abandoning module HierarchicalLODUtilities (560)
[2018.01.25-08.31.37:147][147]LogModuleManager: Shutting down and abandoning module DistCurveEditor (558)
[2018.01.25-08.31.37:147][147]LogModuleManager: Shutting down and abandoning module Cascade (556)
[2018.01.25-08.31.37:147][147]LogModuleManager: Shutting down and abandoning module BlueprintGraph (554)
[2018.01.25-08.31.37:148][147]LogModuleManager: Shutting down and abandoning module MovieSceneCapture (552)
[2018.01.25-08.31.37:148][147]LogModuleManager: Shutting down and abandoning module HierarchicalLODOutliner (550)
[2018.01.25-08.31.37:148][147]LogModuleManager: Shutting down and abandoning module WorldBrowser (548)
[2018.01.25-08.31.37:148][147]LogModuleManager: Shutting down and abandoning module SceneOutliner (546)
[2018.01.25-08.31.37:148][147]LogModuleManager: Shutting down and abandoning module AddContentDialog (544)
[2018.01.25-08.31.37:148][147]LogDirectoryWatcher: A directory notification for 'C:/Program Files/Epic Games/UE_4.18/FeaturePacks/' was aborted.
[2018.01.25-08.31.37:149][147]LogModuleManager: Shutting down and abandoning module WidgetCarousel (543)
[2018.01.25-08.31.37:149][147]LogModuleManager: Shutting down and abandoning module EditorWidgets (540)
[2018.01.25-08.31.37:149][147]LogModuleManager: Shutting down and abandoning module CollectionManager (538)
[2018.01.25-08.31.37:149][147]LogDirectoryWatcher: A directory notification for 'C:/Users/Luc/Documents/Unreal Projects/TribalTurtlesProject/Content/Collections/' was aborted.
[2018.01.25-08.31.37:150][147]LogDirectoryWatcher: A directory notification for 'C:/Users/Luc/Documents/Unreal Projects/TribalTurtlesProject/Content/Developers/Luc/Collections/' was aborted.
[2018.01.25-08.31.37:150][147]LogDirectoryWatcher: A directory notification for 'C:/Users/Luc/Documents/Unreal Projects/TribalTurtlesProject/Saved/Collections/' was aborted.
[2018.01.25-08.31.37:150][147]LogModuleManager: Shutting down and abandoning module StatsViewer (536)
[2018.01.25-08.31.37:150][147]LogModuleManager: Shutting down and abandoning module FoliageEdit (534)
[2018.01.25-08.31.37:150][147]LogModuleManager: Shutting down and abandoning module LandscapeEditor (532)
[2018.01.25-08.31.37:150][147]LogModuleManager: Shutting down and abandoning module MeshPaintMode (530)
[2018.01.25-08.31.37:150][147]LogModuleManager: Shutting down and abandoning module SceneDepthPickerMode (528)
[2018.01.25-08.31.37:150][147]LogModuleManager: Shutting down and abandoning module ActorPickerMode (526)
[2018.01.25-08.31.37:150][147]LogModuleManager: Shutting down and abandoning module GeometryMode (524)
[2018.01.25-08.31.37:151][147]LogModuleManager: Shutting down and abandoning module TextureAlignMode (522)
[2018.01.25-08.31.37:151][147]LogModuleManager: Shutting down and abandoning module BspMode (520)
[2018.01.25-08.31.37:151][147]LogModuleManager: Shutting down and abandoning module PIEPreviewDeviceProfileSelector (518)
[2018.01.25-08.31.37:151][147]LogModuleManager: Shutting down and abandoning module HardwareSurvey (516)
[2018.01.25-08.31.37:151][147]LogModuleManager: Shutting down and abandoning module SequenceRecorderSections (514)
[2018.01.25-08.31.37:151][147]LogModuleManager: Shutting down and abandoning module AutomationWorker (512)
[2018.01.25-08.31.37:151][147]LogModuleManager: Shutting down and abandoning module MatineeToLevelSequence (510)
[2018.01.25-08.31.37:151][147]LogModuleManager: Shutting down and abandoning module LevelSequenceEditor (508)
[2018.01.25-08.31.37:151][147]LogModuleManager: Shutting down and abandoning module PlacementMode (507)
[2018.01.25-08.31.37:151][147]LogModuleManager: Shutting down and abandoning module WmfMediaFactory (504)
[2018.01.25-08.31.37:151][147]LogModuleManager: Shutting down and abandoning module WmfMediaEditor (502)
[2018.01.25-08.31.37:151][147]LogModuleManager: Shutting down and abandoning module OpenExrWrapper (500)
[2018.01.25-08.31.37:151][147]LogModuleManager: Shutting down and abandoning module ImgMediaFactory (498)
[2018.01.25-08.31.37:151][147]LogModuleManager: Shutting down and abandoning module ImgMediaEditor (496)
[2018.01.25-08.31.37:151][147]LogModuleManager: Shutting down and abandoning module AvfMediaFactory (494)
[2018.01.25-08.31.37:151][147]LogModuleManager: Shutting down and abandoning module AvfMediaEditor (492)
[2018.01.25-08.31.37:151][147]LogModuleManager: Shutting down and abandoning module AndroidMediaFactory (490)
[2018.01.25-08.31.37:151][147]LogModuleManager: Shutting down and abandoning module AndroidMediaEditor (488)
[2018.01.25-08.31.37:151][147]LogModuleManager: Shutting down and abandoning module CharacterAI (486)
[2018.01.25-08.31.37:151][147]LogModuleManager: Shutting down and abandoning module AudioCapture (484)
[2018.01.25-08.31.37:151][147]LogModuleManager: Shutting down and abandoning module SequenceRecorder (483)
[2018.01.25-08.31.37:151][147]LogModuleManager: Shutting down and abandoning module SmartSnapping (480)
[2018.01.25-08.31.37:151][147]LogModuleManager: Shutting down and abandoning module SessionServices (478)
[2018.01.25-08.31.37:152][147]LogModuleManager: Shutting down and abandoning module ViewportSnapping (476)
[2018.01.25-08.31.37:152][147]LogModuleManager: Shutting down and abandoning module ViewportInteraction (474)
[2018.01.25-08.31.37:152][147]LogModuleManager: Shutting down and abandoning module ClothPainter (472)
[2018.01.25-08.31.37:152][147]LogModuleManager: Shutting down and abandoning module SkeletalMeshEditor (471)
[2018.01.25-08.31.37:152][147]LogModuleManager: Shutting down and abandoning module LogVisualizer (468)
[2018.01.25-08.31.37:152][147]LogModuleManager: Shutting down and abandoning module IntroTutorials (466)
[2018.01.25-08.31.37:152][147]LogModuleManager: Shutting down and abandoning module GameProjectGeneration (465)
[2018.01.25-08.31.37:152][147]LogModuleManager: Shutting down and abandoning module IOSPlatformEditor (462)
[2018.01.25-08.31.37:152][147]LogModuleManager: Shutting down and abandoning module HTML5PlatformEditor (460)
[2018.01.25-08.31.37:152][147]LogModuleManager: Shutting down and abandoning module AndroidPlatformEditor (458)
[2018.01.25-08.31.37:152][147]LogModuleManager: Shutting down and abandoning module AndroidDeviceDetection (457)
[2018.01.25-08.31.38:043][147]LogModuleManager: Shutting down and abandoning module WindowsPlatformEditor (454)
[2018.01.25-08.31.38:043][147]LogModuleManager: Shutting down and abandoning module IOSRuntimeSettings (452)
[2018.01.25-08.31.38:043][147]LogModuleManager: Shutting down and abandoning module AndroidRuntimeSettings (450)
[2018.01.25-08.31.38:043][147]LogModuleManager: Shutting down and abandoning module InputBindingEditor (448)
[2018.01.25-08.31.38:044][147]LogModuleManager: Shutting down and abandoning module MergeActors (446)
[2018.01.25-08.31.38:045][147]LogModuleManager: Shutting down and abandoning module SizeMap (444)
[2018.01.25-08.31.38:045][147]LogModuleManager: Shutting down and abandoning module TreeMap (442)
[2018.01.25-08.31.38:045][147]LogModuleManager: Shutting down and abandoning module ReferenceViewer (440)
[2018.01.25-08.31.38:045][147]LogModuleManager: Shutting down and abandoning module LocalizationDashboard (438)
[2018.01.25-08.31.38:045][147]LogModuleManager: Shutting down and abandoning module LocalizationService (437)
[2018.01.25-08.31.38:045][147]LogModuleManager: Shutting down and abandoning module HardwareTargeting (434)
[2018.01.25-08.31.38:045][147]LogModuleManager: Shutting down and abandoning module DeviceProfileEditor (432)
[2018.01.25-08.31.38:045][147]LogModuleManager: Shutting down and abandoning module UndoHistory (430)
[2018.01.25-08.31.38:045][147]LogModuleManager: Shutting down and abandoning module XmlParser (428)
[2018.01.25-08.31.38:045][147]LogModuleManager: Shutting down and abandoning module Blutility (426)
[2018.01.25-08.31.38:045][147]LogModuleManager: Shutting down and abandoning module ProjectSettingsViewer (424)
[2018.01.25-08.31.38:045][147]LogModuleManager: Shutting down and abandoning module ProjectTargetPlatformEditor (423)
[2018.01.25-08.31.38:046][147]LogModuleManager: Shutting down and abandoning module EditorSettingsViewer (420)
[2018.01.25-08.31.38:046][147]LogModuleManager: Shutting down and abandoning module SettingsEditor (418)
[2018.01.25-08.31.38:046][147]LogModuleManager: Shutting down and abandoning module ProjectLauncher (416)
[2018.01.25-08.31.38:046][147]LogModuleManager: Shutting down and abandoning module SessionFrontend (414)
[2018.01.25-08.31.38:046][147]LogModuleManager: Shutting down and abandoning module ProfilerClient (412)
[2018.01.25-08.31.38:046][147]LogModuleManager: Shutting down and abandoning module DeviceManager (410)
[2018.01.25-08.31.38:046][147]LogModuleManager: Shutting down and abandoning module TargetDeviceServices (409)
[2018.01.25-08.31.38:101][147]LogModuleManager: Shutting down and abandoning module AutomationController (406)
[2018.01.25-08.31.38:101][147]LogModuleManager: Shutting down and abandoning module AutomationWindow (404)
[2018.01.25-08.31.38:101][147]LogModuleManager: Shutting down and abandoning module Layers (402)
[2018.01.25-08.31.38:101][147]LogModuleManager: Shutting down and abandoning module ComponentVisualizers (400)
[2018.01.25-08.31.38:101][147]LogModuleManager: Shutting down and abandoning module DetailCustomizations (398)
[2018.01.25-08.31.38:101][147]LogModuleManager: Shutting down and abandoning module PackagesDialog (396)
[2018.01.25-08.31.38:101][147]LogModuleManager: Shutting down and abandoning module Persona (394)
[2018.01.25-08.31.38:101][147]LogModuleManager: Shutting down and abandoning module AdvancedPreviewScene (393)
[2018.01.25-08.31.38:101][147]LogModuleManager: Shutting down and abandoning module AnimGraph (391)
[2018.01.25-08.31.38:101][147]LogModuleManager: Shutting down and abandoning module Kismet (388)
[2018.01.25-08.31.38:111][147]LogModuleManager: Shutting down and abandoning module ClassViewer (386)
[2018.01.25-08.31.38:112][147]LogModuleManager: Shutting down and abandoning module Toolbox (384)
[2018.01.25-08.31.38:112][147]LogModuleManager: Shutting down and abandoning module ModuleUI (382)
[2018.01.25-08.31.38:112][147]LogModuleManager: Shutting down and abandoning module MovieSceneTools (380)
[2018.01.25-08.31.38:112][147]LogModuleManager: Shutting down and abandoning module OutputLog (378)
[2018.01.25-08.31.38:112][147]LogModuleManager: Shutting down and abandoning module GammaUI (376)
[2018.01.25-08.31.38:112][147]LogModuleManager: Shutting down and abandoning module Documentation (374)
[2018.01.25-08.31.38:112][147]LogModuleManager: Shutting down and abandoning module MovieSceneTracks (372)
[2018.01.25-08.31.38:112][147]LogModuleManager: Shutting down and abandoning module MovieScene (370)
[2018.01.25-08.31.38:112][147]LogModuleManager: Shutting down and abandoning module StreamingPauseRendering (368)
[2018.01.25-08.31.38:112][147]LogModuleManager: Shutting down and abandoning module LauncherPlatform (366)
[2018.01.25-08.31.38:112][147]LogModuleManager: Shutting down and abandoning module AnalyticsET (364)
[2018.01.25-08.31.38:112][147]LogModuleManager: Shutting down and abandoning module PortalServices (362)
[2018.01.25-08.31.38:112][147]LogModuleManager: Shutting down and abandoning module PortalRpc (360)
[2018.01.25-08.31.38:112][147]LogModuleManager: Shutting down and abandoning module MessagingRpc (358)
[2018.01.25-08.31.38:112][147]LogModuleManager: Shutting down and abandoning module AIModule (356)
[2018.01.25-08.31.38:113][147]LogModuleManager: Shutting down and abandoning module GameplayDebugger (355)
[2018.01.25-08.31.38:113][147]LogModuleManager: Shutting down and abandoning module AITestSuite (353)
[2018.01.25-08.31.38:113][147]LogModuleManager: Shutting down and abandoning module DesktopPlatform (350)
[2018.01.25-08.31.38:113][147]LogModuleManager: Shutting down and abandoning module ProfilerService (348)
[2018.01.25-08.31.38:142][147]LogModuleManager: Shutting down and abandoning module TaskGraph (346)
[2018.01.25-08.31.38:142][147]LogModuleManager: Shutting down and abandoning module SteamVRController (344)
[2018.01.25-08.31.38:142][147]LogModuleManager: Shutting down and abandoning module ProceduralMeshComponentEditor (342)
[2018.01.25-08.31.38:142][147]LogModuleManager: Shutting down and abandoning module ProceduralMeshComponent (340)
[2018.01.25-08.31.38:142][147]LogModuleManager: Shutting down and abandoning module OculusInput (338)
[2018.01.25-08.31.38:142][147]LogModuleManager: Shutting down and abandoning module MobilePatchingUtils (336)
[2018.01.25-08.31.38:142][147]LogModuleManager: Shutting down and abandoning module CustomMeshComponent (334)
[2018.01.25-08.31.38:142][147]LogModuleManager: Shutting down and abandoning module CableComponent (332)
[2018.01.25-08.31.38:142][147]LogModuleManager: Shutting down and abandoning module ArchVisCharacter (330)
[2018.01.25-08.31.38:142][147]LogModuleManager: Shutting down and abandoning module AndroidPermission (328)
[2018.01.25-08.31.38:142][147]LogModuleManager: Shutting down and abandoning module ActorSequence (324)
[2018.01.25-08.31.38:143][147]LogModuleManager: Shutting down and abandoning module MediaPlayerEditor (322)
[2018.01.25-08.31.38:143][147]LogModuleManager: Shutting down and abandoning module MediaCompositingEditor (320)
[2018.01.25-08.31.38:143][147]LogModuleManager: Shutting down and abandoning module MediaCompositing (318)
[2018.01.25-08.31.38:143][147]LogModuleManager: Shutting down and abandoning module HTML5Networking (316)
[2018.01.25-08.31.38:143][147]LogModuleManager: Shutting down and abandoning module AlembicImporter (314)
[2018.01.25-08.31.38:143][147]LogModuleManager: Shutting down and abandoning module AlembicLibrary (313)
[2018.01.25-08.31.38:143][147]LogModuleManager: Shutting down and abandoning module GeometryCache (312)
[2018.01.25-08.31.38:143][147]LogModuleManager: Shutting down and abandoning module GeometryCacheEd (311)
[2018.01.25-08.31.38:143][147]LogModuleManager: Shutting down and abandoning module SpeedTreeImporter (306)
[2018.01.25-08.31.38:143][147]LogModuleManager: Shutting down and abandoning module PluginBrowser (304)
[2018.01.25-08.31.38:143][147]LogModuleManager: Shutting down and abandoning module MobileLauncherProfileWizard (302)
[2018.01.25-08.31.38:143][147]LogModuleManager: Shutting down and abandoning module VisualStudioSourceCodeAccess (300)
[2018.01.25-08.31.38:143][147]LogModuleManager: Shutting down and abandoning module VisualStudioCodeSourceCodeAccess (298)
[2018.01.25-08.31.38:143][147]LogModuleManager: Shutting down and abandoning module UObjectPlugin (296)
[2018.01.25-08.31.38:143][147]LogModuleManager: Shutting down and abandoning module SubversionSourceControl (294)
[2018.01.25-08.31.38:143][147]LogModuleManager: Shutting down and abandoning module PerforceSourceControl (292)
[2018.01.25-08.31.38:143][147]LogModuleManager: Shutting down and abandoning module GitSourceControl (290)
[2018.01.25-08.31.38:143][147]LogModuleManager: Shutting down and abandoning module SourceControl (289)
[2018.01.25-08.31.38:143][147]LogModuleManager: Shutting down and abandoning module LightPropagationVolumeEditor (286)
[2018.01.25-08.31.38:143][147]LogModuleManager: Shutting down and abandoning module PaperTiledImporter (284)
[2018.01.25-08.31.38:143][147]LogModuleManager: Shutting down and abandoning module PaperSpriteSheetImporter (282)
[2018.01.25-08.31.38:143][147]LogModuleManager: Shutting down and abandoning module Paper2DEditor (280)
[2018.01.25-08.31.38:143][147]LogModuleManager: Shutting down and abandoning module MeshPaint (279)
[2018.01.25-08.31.38:143][147]LogModuleManager: Shutting down and abandoning module LevelEditor (277)
[2018.01.25-08.31.38:145][147]LogModuleManager: Shutting down and abandoning module PixelInspectorModule (276)
[2018.01.25-08.31.38:145][147]LogModuleManager: Shutting down and abandoning module MainFrame (274)
[2018.01.25-08.31.38:145][147]LogModuleManager: Shutting down and abandoning module HotReload (273)
[2018.01.25-08.31.38:146][147]LogModuleManager: Shutting down and abandoning module RuntimePhysXCooking (268)
[2018.01.25-08.31.38:146][147]LogModuleManager: Shutting down and abandoning module PhysXVehiclesEditor (266)
[2018.01.25-08.31.38:146][147]LogModuleManager: Shutting down and abandoning module PhysXVehicles (264)
[2018.01.25-08.31.38:146][147]LogModuleManager: Shutting down and abandoning module OculusEditor (262)
[2018.01.25-08.31.38:146][147]LogModuleManager: Shutting down and abandoning module LocationServicesBPLibrary (260)
[2018.01.25-08.31.38:146][147]LogModuleManager: Shutting down and abandoning module ImmediatePhysicsEditor (258)
[2018.01.25-08.31.38:146][147]LogModuleManager: Shutting down and abandoning module ImmediatePhysics (256)
[2018.01.25-08.31.38:146][147]LogModuleManager: Shutting down and abandoning module UdpMessaging (254)
[2018.01.25-08.31.38:248][147]LogModuleManager: Shutting down and abandoning module TcpMessaging (252)
[2018.01.25-08.31.38:348][147]LogModuleManager: Shutting down and abandoning module GameplayTagsEditor (250)
[2018.01.25-08.31.38:348][147]LogModuleManager: Shutting down and abandoning module FacialAnimationEditor (248)
[2018.01.25-08.31.38:348][147]LogModuleManager: Shutting down and abandoning module FacialAnimation (246)
[2018.01.25-08.31.38:348][147]LogModuleManager: Shutting down and abandoning module AssetManagerEditor (244)
[2018.01.25-08.31.38:348][147]LogModuleManager: Shutting down and abandoning module GraphEditor (243)
[2018.01.25-08.31.38:348][147]LogModuleManager: Shutting down and abandoning module ContentBrowser (241)
[2018.01.25-08.31.38:349][147]LogModuleManager: Shutting down and abandoning module LightPropagationVolumeRuntime (238)
[2018.01.25-08.31.38:349][147]LogModuleManager: Shutting down and abandoning module Paper2D (236)
[2018.01.25-08.31.38:350][147]LogModuleManager: Shutting down and abandoning module WindowsMoviePlayer (234)
[2018.01.25-08.31.38:350][147]LogModuleManager: Shutting down and abandoning module WmfMedia (232)
[2018.01.25-08.31.38:352][147]LogModuleManager: Shutting down and abandoning module ImgMedia (230)
[2018.01.25-08.31.38:352][147]LogModuleManager: Shutting down and abandoning module PacketHandler (228)
[2018.01.25-08.31.38:352][147]LogModuleManager: Shutting down and abandoning module ClothingSystemEditor (226)
[2018.01.25-08.31.38:352][147]LogModuleManager: Shutting down and abandoning module ClothingSystemRuntime (224)
[2018.01.25-08.31.38:352][147]LogModuleManager: Shutting down and abandoning module MediaAssets (222)
[2018.01.25-08.31.38:352][147]LogModuleManager: Shutting down and abandoning module Media (221)
[2018.01.25-08.31.38:358][147]LogModuleManager: Shutting down and abandoning module Overlay (218)
[2018.01.25-08.31.38:359][147]LogModuleManager: Shutting down and abandoning module OverlayEditor (217)
[2018.01.25-08.31.38:359][147]LogModuleManager: Shutting down and abandoning module VREditor (214)
[2018.01.25-08.31.38:359][147]LogModuleManager: Shutting down and abandoning module StringTableEditor (212)
[2018.01.25-08.31.38:359][147]LogModuleManager: Shutting down and abandoning module GameplayTasksEditor (210)
[2018.01.25-08.31.38:359][147]LogModuleManager: Shutting down and abandoning module BehaviorTreeEditor (208)
[2018.01.25-08.31.38:359][147]LogModuleManager: Shutting down and abandoning module FunctionalTesting (206)
[2018.01.25-08.31.38:359][147]LogModuleManager: Shutting down and abandoning module CollisionAnalyzer (204)
[2018.01.25-08.31.38:359][147]LogModuleManager: Shutting down and abandoning module WorkspaceMenuStructure (203)
[2018.01.25-08.31.38:359][147]LogModuleManager: Shutting down and abandoning module UMG (200)
[2018.01.25-08.31.38:359][147]LogModuleManager: Shutting down and abandoning module UMGEditor (199)
[2018.01.25-08.31.38:359][147]LogModuleManager: Shutting down and abandoning module Sequencer (198)
[2018.01.25-08.31.38:359][147]LogModuleManager: Shutting down and abandoning module MessageLog (195)
[2018.01.25-08.31.38:359][147]LogModuleManager: Shutting down and abandoning module SlateReflector (190)
[2018.01.25-08.31.38:359][147]LogModuleManager: Shutting down and abandoning module Slate (188)
[2018.01.25-08.31.38:359][147]LogModuleManager: Shutting down and abandoning module EditorStyle (186)
[2018.01.25-08.31.38:364][147]LogModuleManager: Shutting down and abandoning module MRMesh (184)
[2018.01.25-08.31.38:364][147]LogModuleManager: Shutting down and abandoning module SourceCodeAccess (182)
[2018.01.25-08.31.38:364][147]LogModuleManager: Shutting down and abandoning module HeadMountedDisplay (180)
[2018.01.25-08.31.38:364][147]LogModuleManager: Shutting down and abandoning module XAudio2 (178)
[2018.01.25-08.31.38:364][147]LogModuleManager: Shutting down and abandoning module Networking (176)
[2018.01.25-08.31.38:364][147]LogModuleManager: Shutting down and abandoning module Core (172)
[2018.01.25-08.31.38:364][147]LogModuleManager: Shutting down and abandoning module LevelSequence (168)
[2018.01.25-08.31.38:364][147]LogModuleManager: Shutting down and abandoning module DirectoryWatcher (166)
[2018.01.25-08.31.38:366][147]LogModuleManager: Shutting down and abandoning module KismetCompiler (164)
[2018.01.25-08.31.38:366][147]LogModuleManager: Shutting down and abandoning module MeshUtilities (162)
[2018.01.25-08.31.38:366][147]LogModuleManager: Shutting down and abandoning module MeshMergeUtilities (161)
[2018.01.25-08.31.38:366][147]LogModuleManager: Shutting down and abandoning module MeshReductionInterface (160)
[2018.01.25-08.31.38:366][147]LogModuleManager: Shutting down and abandoning module SimplygonSwarm (159)
[2018.01.25-08.31.38:366][147]LogModuleManager: Shutting down and abandoning module SimplygonMeshReduction (157)
[2018.01.25-08.31.38:366][147]LogModuleManager: Shutting down and abandoning module QuadricMeshReduction (155)
[2018.01.25-08.31.38:366][147]LogModuleManager: Shutting down and abandoning module MaterialBaking (151)
[2018.01.25-08.31.38:367][147]LogModuleManager: Shutting down and abandoning module DerivedDataCache (148)
[2018.01.25-08.31.38:394][147]LogDerivedDataCache: Shutdown
[2018.01.25-08.31.38:395][147]LogModuleManager: Shutting down and abandoning module TargetPlatform (146)
[2018.01.25-08.31.38:395][147]LogModuleManager: Shutting down and abandoning module VulkanShaderFormat (145)
[2018.01.25-08.31.38:395][147]LogModuleManager: Shutting down and abandoning module ShaderFormatVectorVM (143)
[2018.01.25-08.31.38:395][147]LogModuleManager: Shutting down and abandoning module ShaderFormatOpenGL (141)
[2018.01.25-08.31.38:395][147]LogModuleManager: Shutting down and abandoning module ShaderFormatD3D (139)
[2018.01.25-08.31.38:395][147]LogModuleManager: Shutting down and abandoning module MetalShaderFormat (137)
[2018.01.25-08.31.38:395][147]LogModuleManager: Shutting down and abandoning module TextureFormatUncompressed (135)
[2018.01.25-08.31.38:395][147]LogModuleManager: Shutting down and abandoning module TextureFormatPVR (133)
[2018.01.25-08.31.38:395][147]LogModuleManager: Shutting down and abandoning module TextureFormatDXT (131)
[2018.01.25-08.31.38:395][147]LogModuleManager: Shutting down and abandoning module TextureFormatIntelISPCTexComp (129)
[2018.01.25-08.31.38:395][147]LogModuleManager: Shutting down and abandoning module TextureFormatASTC (127)
[2018.01.25-08.31.38:395][147]LogModuleManager: Shutting down and abandoning module ImageWrapper (126)
[2018.01.25-08.31.38:395][147]LogModuleManager: Shutting down and abandoning module TextureFormatAndroid (123)
[2018.01.25-08.31.38:395][147]LogModuleManager: Shutting down and abandoning module AudioFormatOpus (121)
[2018.01.25-08.31.38:395][147]LogModuleManager: Shutting down and abandoning module AudioFormatOgg (119)
[2018.01.25-08.31.38:395][147]LogModuleManager: Shutting down and abandoning module AudioFormatADPCM (117)
[2018.01.25-08.31.38:395][147]LogModuleManager: Shutting down and abandoning module LinuxTargetPlatform (115)
[2018.01.25-08.31.38:395][147]LogModuleManager: Shutting down and abandoning module LinuxServerTargetPlatform (113)
[2018.01.25-08.31.38:395][147]LogModuleManager: Shutting down and abandoning module LinuxNoEditorTargetPlatform (111)
[2018.01.25-08.31.38:395][147]LogModuleManager: Shutting down and abandoning module LinuxClientTargetPlatform (109)
[2018.01.25-08.31.38:395][147]LogModuleManager: Shutting down and abandoning module TVOSTargetPlatform (107)
[2018.01.25-08.31.38:395][147]LogModuleManager: Shutting down and abandoning module Messaging (105)
[2018.01.25-08.31.38:395][147]LogModuleManager: Shutting down and abandoning module IOSTargetPlatform (103)
[2018.01.25-08.31.38:395][147]LogModuleManager: Shutting down and abandoning module HTML5TargetPlatform (101)
[2018.01.25-08.31.38:395][147]LogModuleManager: Shutting down and abandoning module AndroidTargetPlatform (99)
[2018.01.25-08.31.38:395][147]LogModuleManager: Shutting down and abandoning module Android_PVRTCTargetPlatform (97)
[2018.01.25-08.31.38:395][147]LogModuleManager: Shutting down and abandoning module Android_MultiTargetPlatform (95)
[2018.01.25-08.31.38:395][147]LogModuleManager: Shutting down and abandoning module Android_ETC2TargetPlatform (93)
[2018.01.25-08.31.38:395][147]LogModuleManager: Shutting down and abandoning module Android_ETC1TargetPlatform (91)
[2018.01.25-08.31.38:395][147]LogModuleManager: Shutting down and abandoning module Android_DXTTargetPlatform (89)
[2018.01.25-08.31.38:396][147]LogModuleManager: Shutting down and abandoning module Android_ATCTargetPlatform (87)
[2018.01.25-08.31.38:396][147]LogModuleManager: Shutting down and abandoning module Android_ASTCTargetPlatform (85)
[2018.01.25-08.31.38:396][147]LogModuleManager: Shutting down and abandoning module WindowsTargetPlatform (83)
[2018.01.25-08.31.38:396][147]LogModuleManager: Shutting down and abandoning module WindowsServerTargetPlatform (81)
[2018.01.25-08.31.38:396][147]LogModuleManager: Shutting down and abandoning module WindowsNoEditorTargetPlatform (79)
[2018.01.25-08.31.38:396][147]LogModuleManager: Shutting down and abandoning module WindowsClientTargetPlatform (77)
[2018.01.25-08.31.38:396][147]LogModuleManager: Shutting down and abandoning module MacTargetPlatform (75)
[2018.01.25-08.31.38:396][147]LogModuleManager: Shutting down and abandoning module MacServerTargetPlatform (73)
[2018.01.25-08.31.38:396][147]LogModuleManager: Shutting down and abandoning module MacNoEditorTargetPlatform (71)
[2018.01.25-08.31.38:396][147]LogModuleManager: Shutting down and abandoning module MacClientTargetPlatform (69)
[2018.01.25-08.31.38:396][147]LogModuleManager: Shutting down and abandoning module AllDesktopTargetPlatform (67)
[2018.01.25-08.31.38:397][147]LogModuleManager: Shutting down and abandoning module InputCore (64)
[2018.01.25-08.31.38:397][147]LogModuleManager: Shutting down and abandoning module Settings (62)
[2018.01.25-08.31.38:397][147]LogModuleManager: Shutting down and abandoning module PhysXCooking (60)
[2018.01.25-08.31.38:397][147]LogModuleManager: Shutting down and abandoning module SteamVR (58)
[2018.01.25-08.31.38:397][147]LogModuleManager: Shutting down and abandoning module OculusHMD (56)
[2018.01.25-08.31.38:397][147]LogModuleManager: Shutting down and abandoning module ExampleDeviceProfileSelector (54)
[2018.01.25-08.31.38:397][147]LogModuleManager: Shutting down and abandoning module AppleARKit (52)
[2018.01.25-08.31.38:397][147]LogModuleManager: Shutting down and abandoning module AugmentedReality (51)
[2018.01.25-08.31.38:397][147]LogModuleManager: Shutting down and abandoning module OnlineBlueprintSupport (48)
[2018.01.25-08.31.38:397][147]LogModuleManager: Shutting down and abandoning module OnlineSubsystem (44)
[2018.01.25-08.31.38:397][147]LogModuleManager: Shutting down and abandoning module XMPP (43)
[2018.01.25-08.31.38:397][147]LogModuleManager: Shutting down and abandoning module HTTP (41)
[2018.01.25-08.31.38:397][147]LogHttp: Display: Http module shutting down, but needs to wait on 1 outstanding Http requests:
[2018.01.25-08.31.38:397][147]LogHttp: Display: 	verb=[POST] url=[https://datarouter.ol.epicgames.com/datarouter/api/v1/public/data?SessionID=%7BDB7A08EE-47CA-7025-C0F2-C6AEC9C9652D%7D&AppID=UEEditor.Rocket.Release&AppVersion=4.18.3-3832480%2B%2B%2BUE4%2BRelease-4.18&UserID=1f0553ad403ad417c2d26cb34ad408d3%7Cdaa72e32e1694839bba7e95c0192eea5%7C19428abf-63b1-4a2b-b3aa-793f0c5622ac&AppEnvironment=datacollector-binary&UploadType=eteventstream] status=Processing
[2018.01.25-08.31.38:419][147]LogModuleManager: Shutting down and abandoning module SSL (40)
[2018.01.25-08.31.38:421][147]LogModuleManager: Shutting down and abandoning module AnimationModifiers (36)
[2018.01.25-08.31.38:421][147]LogModuleManager: Shutting down and abandoning module PropertyEditor (35)
[2018.01.25-08.31.38:421][147]LogModuleManager: Shutting down and abandoning module AudioEditor (32)
[2018.01.25-08.31.38:421][147]LogModuleManager: Shutting down and abandoning module TextureCompressor (30)
[2018.01.25-08.31.38:421][147]LogModuleManager: Shutting down and abandoning module ShaderCore (28)
[2018.01.25-08.31.38:421][147]LogModuleManager: Shutting down and abandoning module Landscape (26)
[2018.01.25-08.31.38:422][147]LogModuleManager: Shutting down and abandoning module SlateRHIRenderer (24)
[2018.01.25-08.31.38:424][147]LogModuleManager: Shutting down and abandoning module OpenGLDrv (22)
[2018.01.25-08.31.38:424][147]LogModuleManager: Shutting down and abandoning module D3D11RHI (20)
[2018.01.25-08.31.38:424][147]LogModuleManager: Shutting down and abandoning module AnimGraphRuntime (18)
[2018.01.25-08.31.38:424][147]LogModuleManager: Shutting down and abandoning module Renderer (16)
[2018.01.25-08.31.38:424][147]LogModuleManager: Shutting down and abandoning module Engine (14)
[2018.01.25-08.31.38:424][147]LogModuleManager: Shutting down and abandoning module CoreUObject (12)
[2018.01.25-08.31.38:424][147]LogModuleManager: Shutting down and abandoning module NetworkFile (10)
[2018.01.25-08.31.38:424][147]LogModuleManager: Shutting down and abandoning module CookedIterativeFile (8)
[2018.01.25-08.31.38:424][147]LogModuleManager: Shutting down and abandoning module StreamingFile (6)
[2018.01.25-08.31.38:424][147]LogModuleManager: Shutting down and abandoning module SandboxFile (4)
[2018.01.25-08.31.38:424][147]LogModuleManager: Shutting down and abandoning module PakFile (2)
[2018.01.25-08.31.38:427][147]LogExit: Exiting.
[2018.01.25-08.31.38:447][147]Log file closed, 01/25/18 09:31:38
